RUN	DartsSoap.AddDocumentSOAPUserSimulation	adddocumentsoapusersimulation	1708098761632	test	3.9.5
USER	DARTS - GateWay - Soap - AddDocument :POST	START	1708098762335
REQUEST	AddDocument SOAP Request Group	DARTS - GateWay - Soap - AddDocument - User	1708098762365	1708098762482	KO	j.l.NullPointerException: Cannot invoke "java.lang.CharSequence.length()" because "seq" is null
GROUP	AddDocument SOAP Request Group	1708098762333	1708098762484	117	KO
REQUEST	AddDocument SOAP Request Group	DARTS - GateWay - Soap - AddDocument - User	1708098762495	1708098763216	OK	 
GROUP	AddDocument SOAP Request Group	1708098762486	1708098763481	721	OK
REQUEST	AddDocument SOAP Request Group	DARTS - GateWay - Soap - AddDocument - User	1708098763484	1708098764153	OK	 
GROUP	AddDocument SOAP Request Group	1708098763481	1708098764154	669	OK
REQUEST	AddDocument SOAP Request Group	DARTS - GateWay - Soap - AddDocument - User	1708098764156	1708098764617	OK	 
GROUP	AddDocument SOAP Request Group	1708098764155	1708098764618	461	OK
REQUEST	AddDocument SOAP Request Group	DARTS - GateWay - Soap - AddDocument - User	1708098764619	1708098765081	OK	 
GROUP	AddDocument SOAP Request Group	1708098764618	1708098765082	462	OK
REQUEST	AddDocument SOAP Request Group	DARTS - GateWay - Soap - AddDocument - User	1708098765083	1708098765561	OK	 
GROUP	AddDocument SOAP Request Group	1708098765082	1708098765562	478	OK
REQUEST	AddDocument SOAP Request Group	DARTS - GateWay - Soap - AddDocument - User	1708098765563	1708098766127	OK	 
GROUP	AddDocument SOAP Request Group	1708098765562	1708098766129	564	OK
REQUEST	AddDocument SOAP Request Group	DARTS - GateWay - Soap - AddDocument - User	1708098766130	1708098766470	OK	 
GROUP	AddDocument SOAP Request Group	1708098766129	1708098766472	340	OK
REQUEST	AddDocument SOAP Request Group	DARTS - GateWay - Soap - AddDocument - User	1708098766473	1708098766833	OK	 
GROUP	AddDocument SOAP Request Group	1708098766472	1708098766834	360	OK
REQUEST	AddDocument SOAP Request Group	DARTS - GateWay - Soap - AddDocument - User	1708098766835	1708098767331	OK	 
GROUP	AddDocument SOAP Request Group	1708098766834	1708098767332	496	OK
USER	DARTS - GateWay - Soap - AddDocument :POST	END	1708098767335
