RUN	DartsPortal.DartsPortalLoginSimulation	dartsportalloginsimulation	1709049921893	1	3.9.5
USER	Darts Portal Login	START	1709049922744
REQUEST	Darts Portal Login	Darts-Portal - Auth - Login	1709049922755	1709049923364	OK	 
REQUEST	Darts Portal Login	Darts-Portal - Auth - Login Redirect 1	1709049923372	1709049923852	OK	 
GROUP	Darts Portal Login	1709049922742	1709049923896	1089	OK
REQUEST		B2C_1_darts_externaluser_signin - Oauth2/v2.0 - Authorize	1709049923899	1709049924055	OK	 
REQUEST		Darts-Portal - Auth - Azuread-b2c-login	1709049924067	1709049924125	OK	 
REQUEST		ruxitagentjs_ICA27NVfgjqrux_10283240117152214.js	1709049924143	1709049924249	OK	 
REQUEST		govuk-crest-white.png	1709049924251	1709049924304	OK	 
REQUEST		licence-logo.png	1709049924304	1709049924350	OK	 
REQUEST		xhr.js	1709049924145	1709049924361	OK	 
REQUEST		favicon.ico	1709049924144	1709049924363	OK	 
REQUEST		errors.js	1709049924145	1709049924376	OK	 
REQUEST		login.js	1709049924351	1709049924413	OK	 
REQUEST		login.css	1709049924145	1709049924420	OK	 
REQUEST		govuk-frontend-5.0.0.min.css	1709049924145	1709049924506	OK	 
REQUEST		B2C_1_darts_externaluser_signin - Client - Perftrace	1709049924523	1709049924523	KO	j.l.NullPointerException: Cannot invoke "java.lang.CharSequence.length()" because "seq" is null
REQUEST		B2C_1_darts_externaluser_signin - SelfAsserted	1709049932535	1709049933112	OK	 
ERROR	Darts-Portal - Auth - Callback: Failed to build request: No attribute named 'TokenCode' is defined 	1709049933115
REQUEST		Darts-Portal - App - Config	1709049933117	1709049933165	OK	 
REQUEST		Darts-Portal - Auth - Is-authenticated	1709049933118	1709049933166	OK	 
REQUEST		Darts-Portal - Api - Courthouses	1709049933119	1709049933168	KO	status.find.in([200, 209], 304), found 401
REQUEST		Darts-Portal - Auth - Is-authenticated	1709049933117	1709049933171	OK	 
REQUEST		request_10	1709049933119	1709049933173	KO	status.find.in([200, 209], 304), found 401
REQUEST		Darts-Portal - User - Profile	1709049933118	1709049933174	KO	status.find.in([200, 209], 304), found 401
REQUEST		B2C_1_darts_externaluser_signin - Api - CombinedSigninAndSignup - Confirmed	1709049933120	1709049933812	OK	 
USER	Darts Portal Login	END	1709049933832
