RUN	DartsApi.AudioRequestSimulation	audiorequestsimulation	1708014437616	2	3.9.5
USER	Test1	START	1708014438145
USER	Test1	START	1708014439136
USER	Test1	START	1708014440150
REQUEST	TestDARTS - Api - Token:GET	DARTS - Api - Token:GET	1708014438170	1708014440184	OK	 
GROUP	TestDARTS - Api - Token:GET	1708014438147	1708014440219	2014	OK
REQUEST	Audio RequestDARTS - Api - AudioRequest:Post	DARTS - Api - AudioRequest:Post	1708014440225	1708014440482	KO	status.find.is(403), but actually found 200
GROUP	Audio RequestDARTS - Api - AudioRequest:Post	1708014440221	1708014440484	257	KO
REQUEST	TestDARTS - Api - Token:GET	DARTS - Api - Token:GET	1708014439136	1708014441088	OK	 
GROUP	TestDARTS - Api - Token:GET	1708014439136	1708014441089	1952	OK
USER	Test1	START	1708014441147
REQUEST	Audio RequestDARTS - Api - AudioRequest:Post	DARTS - Api - AudioRequest:Post	1708014441090	1708014441211	KO	status.find.is(403), but actually found 200
GROUP	Audio RequestDARTS - Api - AudioRequest:Post	1708014441089	1708014441211	121	KO
REQUEST	TestDARTS - Api - Token:GET	DARTS - Api - Token:GET	1708014440150	1708014442114	OK	 
GROUP	TestDARTS - Api - Token:GET	1708014440150	1708014442115	1964	OK
USER	Test1	START	1708014442146
REQUEST	Audio RequestDARTS - Api - AudioRequest:Post	DARTS - Api - AudioRequest:Post	1708014442115	1708014442323	KO	status.find.is(403), but actually found 200
GROUP	Audio RequestDARTS - Api - AudioRequest:Post	1708014442115	1708014442323	208	KO
REQUEST	TestDARTS - Api - Token:GET	DARTS - Api - Token:GET	1708014441148	1708014443078	OK	 
GROUP	TestDARTS - Api - Token:GET	1708014441148	1708014443079	1930	OK
USER	Test1	START	1708014443144
REQUEST	Audio RequestDARTS - Api - AudioRequest:Post	DARTS - Api - AudioRequest:Post	1708014443080	1708014443221	KO	status.find.is(403), but actually found 200
GROUP	Audio RequestDARTS - Api - AudioRequest:Post	1708014443079	1708014443221	141	KO
REQUEST	TestDARTS - Api - Token:GET	DARTS - Api - Token:GET	1708014442147	1708014443580	OK	 
GROUP	TestDARTS - Api - Token:GET	1708014442146	1708014443581	1433	OK
REQUEST	Audio RequestDARTS - Api - AudioRequest:Post	DARTS - Api - AudioRequest:Post	1708014443582	1708014443690	KO	status.find.is(403), but actually found 200
GROUP	Audio RequestDARTS - Api - AudioRequest:Post	1708014443581	1708014443690	108	KO
USER	Test1	START	1708014444143
REQUEST	TestDARTS - Api - Token:GET	DARTS - Api - Token:GET	1708014443145	1708014445019	OK	 
GROUP	TestDARTS - Api - Token:GET	1708014443144	1708014445020	1874	OK
USER	Test1	START	1708014445135
REQUEST	Audio RequestDARTS - Api - AudioRequest:Post	DARTS - Api - AudioRequest:Post	1708014445020	1708014445148	KO	status.find.is(403), but actually found 200
GROUP	Audio RequestDARTS - Api - AudioRequest:Post	1708014445020	1708014445149	128	KO
USER	Test1	START	1708014446145
REQUEST	TestDARTS - Api - Token:GET	DARTS - Api - Token:GET	1708014444144	1708014446196	OK	 
GROUP	TestDARTS - Api - Token:GET	1708014444143	1708014446197	2052	OK
REQUEST	Audio RequestDARTS - Api - AudioRequest:Post	DARTS - Api - AudioRequest:Post	1708014446197	1708014446298	KO	status.find.is(403), but actually found 200
GROUP	Audio RequestDARTS - Api - AudioRequest:Post	1708014446197	1708014446298	101	KO
REQUEST	TestDARTS - Api - Token:GET	DARTS - Api - Token:GET	1708014445136	1708014447119	OK	 
GROUP	TestDARTS - Api - Token:GET	1708014445135	1708014447120	1983	OK
USER	Test1	START	1708014447143
REQUEST	Audio RequestDARTS - Api - AudioRequest:Post	DARTS - Api - AudioRequest:Post	1708014447121	1708014447253	KO	status.find.is(403), but actually found 200
GROUP	Audio RequestDARTS - Api - AudioRequest:Post	1708014447120	1708014447254	132	KO
REQUEST	TestDARTS - Api - Token:GET	DARTS - Api - Token:GET	1708014446146	1708014448091	OK	 
GROUP	TestDARTS - Api - Token:GET	1708014446146	1708014448092	1945	OK
REQUEST	Audio RequestDARTS - Api - AudioRequest:Post	DARTS - Api - AudioRequest:Post	1708014448092	1708014448261	KO	status.find.is(403), but actually found 200
GROUP	Audio RequestDARTS - Api - AudioRequest:Post	1708014448092	1708014448261	169	KO
REQUEST	TestDARTS - Api - Token:GET	DARTS - Api - Token:GET	1708014447143	1708014448994	OK	 
GROUP	TestDARTS - Api - Token:GET	1708014447143	1708014448995	1851	OK
REQUEST	Audio RequestDARTS - Api - AudioRequest:Post	DARTS - Api - AudioRequest:Post	1708014448995	1708014449100	KO	status.find.is(403), but actually found 200
GROUP	Audio RequestDARTS - Api - AudioRequest:Post	1708014448995	1708014449101	105	KO
USER	Test1	END	1708014449567
USER	Test1	END	1708014450322
USER	Test1	END	1708014451408
USER	Test1	END	1708014452315
USER	Test1	END	1708014452782
USER	Test1	END	1708014454213
USER	Test1	END	1708014455357
USER	Test1	END	1708014456322
USER	Test1	END	1708014457336
USER	Test1	END	1708014458177
