RUN	DartsPortal.DartsPortalLoginSimulation	dartsportalloginsimulation	1709109446183	1	3.9.5
USER	Darts Portal Login	START	1709109447958
REQUEST	Darts Portal Login	Darts-Portal - Auth - Login	1709109447976	1709109449071	OK	 
REQUEST	Darts Portal Login	Darts-Portal - Auth - Login Redirect 1	1709109449079	1709109449519	OK	 
GROUP	Darts Portal Login	1709109447955	1709109449552	1535	OK
REQUEST		B2C_1_darts_externaluser_signin - Oauth2/v2.0 - Authorize	1709109449553	1709109449694	OK	 
REQUEST		Darts-Portal - Auth - Azuread-b2c-login	1709109449705	1709109449764	OK	 
REQUEST		favicon.ico	1709109449780	1709109449826	OK	 
REQUEST		licence-logo.png	1709109449828	1709109449869	OK	 
REQUEST		login.js	1709109449869	1709109449909	OK	 
REQUEST		login.css	1709109449781	1709109449994	OK	 
REQUEST		xhr.js	1709109449781	1709109450006	OK	 
REQUEST		errors.js	1709109449780	1709109450007	OK	 
REQUEST		govuk-frontend-5.0.0.min.css	1709109449781	1709109450039	OK	 
REQUEST		govuk-crest-white.png	1709109449782	1709109450045	OK	 
REQUEST		B2C_1_darts_externaluser_signin - Client - Perftrace	1709109450055	1709109450197	OK	 
REQUEST		B2C_1_darts_externaluser_signin - SelfAsserted	1709109458211	1709109458529	OK	 
REQUEST		B2C_1_darts_externaluser_signin - Api - CombinedSigninAndSignup - Confirmed	1709109458531	1709109459335	OK	 
REQUEST		Darts-Portal - Auth - Callback	1709109459345	1709109459908	OK	 
REQUEST		Darts-Portal - Auth - Callback Redirect 1	1709109459909	1709109459968	OK	 
REQUEST		favicon.ico	1709109459971	1709109460021	OK	 
REQUEST		runtime.2f6985cb06c99aaa.js	1709109459972	1709109460026	OK	 
REQUEST		polyfills.7653ce20da57ed30.js	1709109459972	1709109460035	OK	 
REQUEST		styles.7a1426df78704743.css	1709109459972	1709109460081	OK	 
REQUEST		main.afe0f898797b4606.js	1709109459972	1709109460181	OK	 
REQUEST		Darts-Portal - App - Config	1709109460182	1709109460223	OK	 
REQUEST		Darts-Portal - Auth - Is-authenticated	1709109460224	1709109460264	OK	 
REQUEST		Darts-Portal - Auth - Is-authenticated	1709109460265	1709109460305	OK	 
REQUEST		Darts-Portal - User - Profile	1709109460306	1709109460351	OK	 
REQUEST		request_10	1709109460352	1709109460420	OK	 
REQUEST		Darts-Portal - Api - Courthouses	1709109460421	1709109460499	OK	 
USER	Darts Portal Login	END	1709109460503
