RUN	DartsApi.AudioRequestPost	audiorequestpost	1707989819764	t	3.9.5
USER	APIToken	START	1707989820915
REQUEST		DARTS - Api - Token:GET	1707989820913	1707989825526	OK	 
USER	APIToken	END	1707989830595
USER	AudioRequest:Post	START	1707989830896
ERROR	DARTS - Api - AudioRequest:Post: Failed to build request: No attribute named 'bearerToken' is defined 	1707989830900
USER	AudioRequest:Post	END	1707989830901
USER	AudioRequest:Post	START	1707989831905
ERROR	DARTS - Api - AudioRequest:Post: Failed to build request: No attribute named 'bearerToken' is defined 	1707989831905
USER	AudioRequest:Post	END	1707989831906
USER	AudioRequest:Post	START	1707989832903
ERROR	DARTS - Api - AudioRequest:Post: Failed to build request: No attribute named 'bearerToken' is defined 	1707989832903
USER	AudioRequest:Post	END	1707989832904
USER	AudioRequest:Post	START	1707989833904
ERROR	DARTS - Api - AudioRequest:Post: Failed to build request: No attribute named 'bearerToken' is defined 	1707989833905
USER	AudioRequest:Post	END	1707989833905
USER	AudioRequest:Post	START	1707989834898
ERROR	DARTS - Api - AudioRequest:Post: Failed to build request: No attribute named 'bearerToken' is defined 	1707989834898
USER	AudioRequest:Post	END	1707989834899
USER	AudioRequest:Post	START	1707989839934
ERROR	DARTS - Api - AudioRequest:Post: Failed to build request: No attribute named 'bearerToken' is defined 	1707989839935
USER	AudioRequest:Post	START	1707989839947
USER	AudioRequest:Post	START	1707989839947
USER	AudioRequest:Post	START	1707989839947
USER	AudioRequest:Post	START	1707989839947
ERROR	DARTS - Api - AudioRequest:Post: Failed to build request: No attribute named 'bearerToken' is defined 	1707989839947
ERROR	DARTS - Api - AudioRequest:Post: Failed to build request: No attribute named 'bearerToken' is defined 	1707989839947
ERROR	DARTS - Api - AudioRequest:Post: Failed to build request: No attribute named 'bearerToken' is defined 	1707989839947
ERROR	DARTS - Api - AudioRequest:Post: Failed to build request: No attribute named 'bearerToken' is defined 	1707989839947
USER	AudioRequest:Post	END	1707989839947
USER	AudioRequest:Post	END	1707989839948
USER	AudioRequest:Post	END	1707989839948
USER	AudioRequest:Post	END	1707989839948
USER	AudioRequest:Post	END	1707989839951
