RUN	DartsApi.CourthousePostSimulation	courthousepostsimulation	1708699203442	8	3.9.5
USER	Courthouse:POST	START	1708699204866
REQUEST	Courthouse Api Request Group	DARTS - Api - CourtHouse:Post	1708699204889	1708699205256	KO	j.l.NullPointerException: Cannot invoke "java.lang.CharSequence.length()" because "seq" is null
GROUP	Courthouse Api Request Group	1708699204863	1708699205258	367	KO
REQUEST	Courthouse Api Request Group	DARTS - Api - CourtHouse:Post	1708699205262	1708699205516	KO	j.l.NullPointerException: Cannot invoke "java.lang.CharSequence.length()" because "seq" is null
GROUP	Courthouse Api Request Group	1708699205261	1708699205517	254	KO
REQUEST	Courthouse Api Request Group	DARTS - Api - CourtHouse:Post	1708699205518	1708699205629	KO	j.l.NullPointerException: Cannot invoke "java.lang.CharSequence.length()" because "seq" is null
GROUP	Courthouse Api Request Group	1708699205517	1708699205629	111	KO
REQUEST	Courthouse Api Request Group	DARTS - Api - CourtHouse:Post	1708699205631	1708699205787	KO	j.l.NullPointerException: Cannot invoke "java.lang.CharSequence.length()" because "seq" is null
GROUP	Courthouse Api Request Group	1708699205630	1708699205787	156	KO
REQUEST	Courthouse Api Request Group	DARTS - Api - CourtHouse:Post	1708699205788	1708699206047	KO	j.l.NullPointerException: Cannot invoke "java.lang.CharSequence.length()" because "seq" is null
GROUP	Courthouse Api Request Group	1708699205787	1708699206047	259	KO
REQUEST	Courthouse Api Request Group	DARTS - Api - CourtHouse:Post	1708699206049	1708699206309	KO	j.l.NullPointerException: Cannot invoke "java.lang.CharSequence.length()" because "seq" is null
GROUP	Courthouse Api Request Group	1708699206048	1708699206309	260	KO
REQUEST	Courthouse Api Request Group	DARTS - Api - CourtHouse:Post	1708699206310	1708699206447	KO	j.l.NullPointerException: Cannot invoke "java.lang.CharSequence.length()" because "seq" is null
GROUP	Courthouse Api Request Group	1708699206309	1708699206447	137	KO
REQUEST	Courthouse Api Request Group	DARTS - Api - CourtHouse:Post	1708699206449	1708699206709	KO	j.l.NullPointerException: Cannot invoke "java.lang.CharSequence.length()" because "seq" is null
GROUP	Courthouse Api Request Group	1708699206448	1708699206709	260	KO
REQUEST	Courthouse Api Request Group	DARTS - Api - CourtHouse:Post	1708699206711	1708699206982	KO	j.l.NullPointerException: Cannot invoke "java.lang.CharSequence.length()" because "seq" is null
GROUP	Courthouse Api Request Group	1708699206710	1708699206982	271	KO
REQUEST	Courthouse Api Request Group	DARTS - Api - CourtHouse:Post	1708699206983	1708699207139	KO	j.l.NullPointerException: Cannot invoke "java.lang.CharSequence.length()" because "seq" is null
GROUP	Courthouse Api Request Group	1708699206982	1708699207139	156	KO
USER	Courthouse:POST	END	1708699207141
