RUN	DartsApi.AudioRequestGetDownloadSimulation	audiorequestgetdownloadsimulation	1708337773251	2	3.9.5
USER	Audio Requests:POST	START	1708337773947
REQUEST	B2C_1_Ropc_Darts_Signin - TokenDARTS - Api - B2C - Oauth2 - Token:GET	DARTS - Api - Token:GET	1708337773946	1708337774446	OK	 
GROUP	B2C_1_Ropc_Darts_Signin - TokenDARTS - Api - B2C - Oauth2 - Token:GET	1708337773931	1708337774488	500	OK
REQUEST	Audio Request Get	DARTS - Api - AudioRequest:GET Download	1708337774493	1708337774713	KO	status.find.is(200), but actually found 404
GROUP	Audio Request Get	1708337774490	1708337774715	220	KO
REQUEST	Audio Request Get	DARTS - Api - AudioRequest:GET Download	1708337774717	1708337774757	KO	status.find.is(200), but actually found 404
GROUP	Audio Request Get	1708337774716	1708337774757	40	KO
REQUEST	Audio Request Get	DARTS - Api - AudioRequest:GET Download	1708337774758	1708337774804	KO	status.find.is(200), but actually found 404
GROUP	Audio Request Get	1708337774758	1708337774805	46	KO
REQUEST	Audio Request Get	DARTS - Api - AudioRequest:GET Download	1708337774806	1708337774841	KO	status.find.is(200), but actually found 404
GROUP	Audio Request Get	1708337774805	1708337774842	35	KO
REQUEST	Audio Request Get	DARTS - Api - AudioRequest:GET Download	1708337774843	1708337774879	KO	status.find.is(200), but actually found 404
GROUP	Audio Request Get	1708337774842	1708337774879	36	KO
REQUEST	Audio Request Get	DARTS - Api - AudioRequest:GET Download	1708337774880	1708337775106	KO	status.find.is(200), but actually found 404
GROUP	Audio Request Get	1708337774880	1708337775106	226	KO
REQUEST	Audio Request Get	DARTS - Api - AudioRequest:GET Download	1708337775107	1708337775139	KO	status.find.is(200), but actually found 404
GROUP	Audio Request Get	1708337775107	1708337775140	32	KO
REQUEST	Audio Request Get	DARTS - Api - AudioRequest:GET Download	1708337775141	1708337775174	KO	status.find.is(200), but actually found 404
GROUP	Audio Request Get	1708337775140	1708337775175	33	KO
REQUEST	Audio Request Get	DARTS - Api - AudioRequest:GET Download	1708337775177	1708337775219	KO	status.find.is(200), but actually found 404
GROUP	Audio Request Get	1708337775175	1708337775220	42	KO
REQUEST	Audio Request Get	DARTS - Api - AudioRequest:GET Download	1708337775221	1708337775271	KO	status.find.is(200), but actually found 404
GROUP	Audio Request Get	1708337775220	1708337775271	50	KO
USER	Audio Requests:POST	END	1708337775274
