RUN	DartsApi.AudioRequestProfileSimulation	audiorequestprofilesimulation	1708340294520	6	3.9.5
USER	Audio Requests:POST	START	1708340295134
REQUEST	B2C_1_Ropc_Darts_Signin - TokenDARTS - Api - B2C - Oauth2 - Token:GET	DARTS - Api - Token:GET	1708340295133	1708340295725	OK	 
GROUP	B2C_1_Ropc_Darts_Signin - TokenDARTS - Api - B2C - Oauth2 - Token:GET	1708340295117	1708340295772	592	OK
REQUEST	Audio Request Get	DARTS - Api - AudioRequest:GET	1708340295778	1708340295992	KO	jsonPath($.transformed_media_details[*].transformed_media_id).findAll.exists, found nothing
GROUP	Audio Request Get	1708340295773	1708340296001	214	KO
ERROR	DARTS - Api - AudioRequest:GET PlayBack: Failed to build request: No attribute named 'getTransformedMediaId' is defined 	1708340296003
GROUP	Audio Request Get	1708340296003	1708340296006	0	KO
ERROR	DARTS - Api - AudioRequest:GET PlayBack: Failed to build request: No attribute named 'getTransformedMediaId' is defined 	1708340296006
GROUP	Audio Request Get	1708340296006	1708340296007	0	KO
ERROR	DARTS - Api - AudioRequest:GET PlayBack: Failed to build request: No attribute named 'getTransformedMediaId' is defined 	1708340296007
GROUP	Audio Request Get	1708340296007	1708340296008	0	KO
ERROR	DARTS - Api - AudioRequest:GET PlayBack: Failed to build request: No attribute named 'getTransformedMediaId' is defined 	1708340296008
GROUP	Audio Request Get	1708340296008	1708340296008	0	KO
ERROR	DARTS - Api - AudioRequest:GET PlayBack: Failed to build request: No attribute named 'getTransformedMediaId' is defined 	1708340296009
GROUP	Audio Request Get	1708340296008	1708340296009	0	KO
ERROR	DARTS - Api - AudioRequest:GET PlayBack: Failed to build request: No attribute named 'getTransformedMediaId' is defined 	1708340296009
GROUP	Audio Request Get	1708340296009	1708340296009	0	KO
ERROR	DARTS - Api - AudioRequest:GET PlayBack: Failed to build request: No attribute named 'getTransformedMediaId' is defined 	1708340296010
GROUP	Audio Request Get	1708340296010	1708340296010	0	KO
ERROR	DARTS - Api - AudioRequest:GET PlayBack: Failed to build request: No attribute named 'getTransformedMediaId' is defined 	1708340296011
GROUP	Audio Request Get	1708340296010	1708340296011	0	KO
ERROR	DARTS - Api - AudioRequest:GET PlayBack: Failed to build request: No attribute named 'getTransformedMediaId' is defined 	1708340296011
GROUP	Audio Request Get	1708340296011	1708340296012	0	KO
ERROR	DARTS - Api - AudioRequest:GET PlayBack: Failed to build request: No attribute named 'getTransformedMediaId' is defined 	1708340296012
GROUP	Audio Request Get	1708340296012	1708340296012	0	KO
USER	Audio Requests:POST	END	1708340296015
