RUN	DartsApi.AudioRequestSimulation	audiorequestsimulation	1708021668140	2	3.9.5
USER	Test1	START	1708021668602
REQUEST	TestDARTS - Api - Token:GET	DARTS - Api - Token:GET	1708021668630	1708021670167	OK	 
GROUP	TestDARTS - Api - Token:GET	1708021668604	1708021670208	1537	OK
REQUEST	Audio RequestDARTS - Api - AudioRequest:Post	DARTS - Api - AudioRequest:Post	1708021670218	1708021670356	KO	status.find.is(409), but actually found 200
GROUP	Audio RequestDARTS - Api - AudioRequest:Post	1708021670212	1708021670359	138	KO
REQUEST	Audio RequestDARTS - Api - AudioRequest:Post	DARTS - Api - AudioRequest:Post	1708021670360	1708021670425	KO	status.find.is(200), but actually found 409
GROUP	Audio RequestDARTS - Api - AudioRequest:Post	1708021670359	1708021670425	65	KO
REQUEST	Audio RequestDARTS - Api - AudioRequest:Post	DARTS - Api - AudioRequest:Post	1708021670426	1708021670479	KO	status.find.is(200), but actually found 409
GROUP	Audio RequestDARTS - Api - AudioRequest:Post	1708021670425	1708021670480	53	KO
REQUEST	Audio RequestDARTS - Api - AudioRequest:Post	DARTS - Api - AudioRequest:Post	1708021670480	1708021670530	KO	status.find.is(200), but actually found 409
GROUP	Audio RequestDARTS - Api - AudioRequest:Post	1708021670480	1708021670531	50	KO
REQUEST	Audio RequestDARTS - Api - AudioRequest:Post	DARTS - Api - AudioRequest:Post	1708021670531	1708021670584	KO	status.find.is(200), but actually found 409
GROUP	Audio RequestDARTS - Api - AudioRequest:Post	1708021670531	1708021670585	53	KO
REQUEST	Audio RequestDARTS - Api - AudioRequest:Post	DARTS - Api - AudioRequest:Post	1708021670585	1708021670629	KO	status.find.is(200), but actually found 409
GROUP	Audio RequestDARTS - Api - AudioRequest:Post	1708021670585	1708021670630	44	KO
REQUEST	Audio RequestDARTS - Api - AudioRequest:Post	DARTS - Api - AudioRequest:Post	1708021670630	1708021670674	KO	status.find.is(200), but actually found 409
GROUP	Audio RequestDARTS - Api - AudioRequest:Post	1708021670630	1708021670675	44	KO
REQUEST	Audio RequestDARTS - Api - AudioRequest:Post	DARTS - Api - AudioRequest:Post	1708021670675	1708021670745	KO	status.find.is(200), but actually found 409
GROUP	Audio RequestDARTS - Api - AudioRequest:Post	1708021670675	1708021670746	70	KO
REQUEST	Audio RequestDARTS - Api - AudioRequest:Post	DARTS - Api - AudioRequest:Post	1708021670746	1708021670797	KO	status.find.is(200), but actually found 409
GROUP	Audio RequestDARTS - Api - AudioRequest:Post	1708021670746	1708021670798	51	KO
REQUEST	Audio RequestDARTS - Api - AudioRequest:Post	DARTS - Api - AudioRequest:Post	1708021670798	1708021670843	KO	status.find.is(200), but actually found 409
GROUP	Audio RequestDARTS - Api - AudioRequest:Post	1708021670798	1708021670844	45	KO
USER	Test1	END	1708021670849
