RUN	DartsApi.AudioRequestSimulation	audiorequestsimulation	1708072959255	2	3.9.5
USER	Test1	START	1708072959996
REQUEST	TestDARTS - Api - Token:GET	DARTS - Api - Token:GET	1708072959993	1708072960743	OK	 
GROUP	TestDARTS - Api - Token:GET	1708072959974	1708072960788	750	OK
ERROR	DARTS - Api - AudioRequest:Post: Failed to build request: No attribute named 'hea_id' is defined 	1708072960796
GROUP	Audio RequestDARTS - Api - AudioRequest:Post	1708072960791	1708072960801	0	KO
REQUEST	Audio RequestDARTS - Api - AudioRequest:Post	DARTS - Api - AudioRequest:Post	1708072960804	1708072961273	KO	status.find.is(409), but actually found 200
GROUP	Audio RequestDARTS - Api - AudioRequest:Post	1708072960803	1708072961275	469	KO
REQUEST	Audio RequestDARTS - Api - AudioRequest:Post	DARTS - Api - AudioRequest:Post	1708072961276	1708072961423	KO	status.find.is(409), but actually found 200
GROUP	Audio RequestDARTS - Api - AudioRequest:Post	1708072961275	1708072961423	147	KO
REQUEST	Audio RequestDARTS - Api - AudioRequest:Post	DARTS - Api - AudioRequest:Post	1708072961424	1708072961704	KO	status.find.is(409), but actually found 200
GROUP	Audio RequestDARTS - Api - AudioRequest:Post	1708072961424	1708072961705	280	KO
REQUEST	Audio RequestDARTS - Api - AudioRequest:Post	DARTS - Api - AudioRequest:Post	1708072961705	1708072961876	KO	status.find.is(409), but actually found 200
GROUP	Audio RequestDARTS - Api - AudioRequest:Post	1708072961705	1708072961876	171	KO
REQUEST	Audio RequestDARTS - Api - AudioRequest:Post	DARTS - Api - AudioRequest:Post	1708072961877	1708072961989	KO	status.find.is(409), but actually found 200
GROUP	Audio RequestDARTS - Api - AudioRequest:Post	1708072961877	1708072961989	112	KO
REQUEST	Audio RequestDARTS - Api - AudioRequest:Post	DARTS - Api - AudioRequest:Post	1708072961990	1708072962058	KO	status.find.is(409), but actually found 200
GROUP	Audio RequestDARTS - Api - AudioRequest:Post	1708072961990	1708072962059	68	KO
REQUEST	Audio RequestDARTS - Api - AudioRequest:Post	DARTS - Api - AudioRequest:Post	1708072962060	1708072962149	KO	status.find.is(409), but actually found 200
GROUP	Audio RequestDARTS - Api - AudioRequest:Post	1708072962059	1708072962149	89	KO
REQUEST	Audio RequestDARTS - Api - AudioRequest:Post	DARTS - Api - AudioRequest:Post	1708072962150	1708072962228	KO	status.find.is(409), but actually found 200
GROUP	Audio RequestDARTS - Api - AudioRequest:Post	1708072962150	1708072962228	78	KO
REQUEST	Audio RequestDARTS - Api - AudioRequest:Post	DARTS - Api - AudioRequest:Post	1708072962229	1708072962320	KO	status.find.is(409), but actually found 200
GROUP	Audio RequestDARTS - Api - AudioRequest:Post	1708072962228	1708072962320	91	KO
USER	Test1	END	1708072962323
