RUN	DartsApi.AudioRequestProfileSimulation	audiorequestprofilesimulation	1708338638693	6	3.9.5
USER	Audio Requests:POST	START	1708338639459
REQUEST	B2C_1_Ropc_Darts_Signin - TokenDARTS - Api - B2C - Oauth2 - Token:GET	DARTS - Api - Token:GET	1708338639457	1708338639812	OK	 
GROUP	B2C_1_Ropc_Darts_Signin - TokenDARTS - Api - B2C - Oauth2 - Token:GET	1708338639440	1708338639852	355	OK
REQUEST	Audio Request Get	DARTS - Api - AudioRequest:GET	1708338639856	1708338640036	KO	jsonPath($.transformed_media_details.[*].transformed_media_id).find.exists extraction crashed: string matching regex '[^*.\[\]()=!<>\s]+' expected but '[' found
GROUP	Audio Request Get	1708338639852	1708338640040	180	KO
ERROR	DARTS - Api - AudioRequest:GET PlayBack: Failed to build request: No attribute named 'getTransformedMediaId' is defined 	1708338640043
GROUP	Audio Request Get	1708338640042	1708338640045	0	KO
ERROR	DARTS - Api - AudioRequest:GET PlayBack: Failed to build request: No attribute named 'getTransformedMediaId' is defined 	1708338640046
GROUP	Audio Request Get	1708338640046	1708338640047	0	KO
ERROR	DARTS - Api - AudioRequest:GET PlayBack: Failed to build request: No attribute named 'getTransformedMediaId' is defined 	1708338640048
GROUP	Audio Request Get	1708338640048	1708338640048	0	KO
ERROR	DARTS - Api - AudioRequest:GET PlayBack: Failed to build request: No attribute named 'getTransformedMediaId' is defined 	1708338640049
GROUP	Audio Request Get	1708338640048	1708338640049	0	KO
ERROR	DARTS - Api - AudioRequest:GET PlayBack: Failed to build request: No attribute named 'getTransformedMediaId' is defined 	1708338640049
GROUP	Audio Request Get	1708338640049	1708338640049	0	KO
ERROR	DARTS - Api - AudioRequest:GET PlayBack: Failed to build request: No attribute named 'getTransformedMediaId' is defined 	1708338640050
GROUP	Audio Request Get	1708338640050	1708338640050	0	KO
ERROR	DARTS - Api - AudioRequest:GET PlayBack: Failed to build request: No attribute named 'getTransformedMediaId' is defined 	1708338640050
GROUP	Audio Request Get	1708338640050	1708338640050	0	KO
ERROR	DARTS - Api - AudioRequest:GET PlayBack: Failed to build request: No attribute named 'getTransformedMediaId' is defined 	1708338640051
GROUP	Audio Request Get	1708338640051	1708338640051	0	KO
ERROR	DARTS - Api - AudioRequest:GET PlayBack: Failed to build request: No attribute named 'getTransformedMediaId' is defined 	1708338640051
GROUP	Audio Request Get	1708338640051	1708338640052	0	KO
ERROR	DARTS - Api - AudioRequest:GET PlayBack: Failed to build request: No attribute named 'getTransformedMediaId' is defined 	1708338640052
GROUP	Audio Request Get	1708338640052	1708338640052	0	KO
USER	Audio Requests:POST	END	1708338640054
