RUN	DartsPortal.DartsPortalLoginSimulation	dartsportalloginsimulation	1709908018804	1	3.9.5
USER	Darts Portal Login	START	1709908019695
REQUEST	Darts Portal Login	Darts-Portal - Auth - Login	1709908019707	1709908020265	OK	 
REQUEST	Darts Portal Login	Darts-Portal - Auth - Login Redirect 1	1709908020285	1709908020765	OK	 
GROUP	Darts Portal Login	1709908019693	1709908020802	1038	OK
REQUEST		B2C_1_darts_externaluser_signin - Oauth2/v2.0 - Authorize	1709908020803	1709908020980	OK	 
REQUEST		Darts-Portal - Auth - Azuread-b2c-login	1709908020995	1709908021108	OK	 
REQUEST		ruxitagentjs_ICA27NVfgjqrux_10285240307101407.js	1709908021122	1709908021252	OK	 
REQUEST		govuk-crest-white.png	1709908021255	1709908021342	OK	 
REQUEST		licence-logo.png	1709908021343	1709908021403	OK	 
REQUEST		errors.js	1709908021123	1709908021430	OK	 
REQUEST		login.css	1709908021124	1709908021441	OK	 
REQUEST		xhr.js	1709908021124	1709908021447	OK	 
REQUEST		login.js	1709908021404	1709908021449	OK	 
REQUEST		favicon.ico	1709908021123	1709908021457	OK	 
REQUEST		govuk-frontend-5.0.0.min.css	1709908021124	1709908021672	OK	 
REQUEST		B2C_1_darts_externaluser_signin - Client - Perftrace	1709908021685	1709908021792	OK	 
REQUEST		B2C_1_darts_externaluser_signin - SelfAsserted	1709908029813	1709908030067	OK	 
REQUEST		B2C_1_darts_externaluser_signin - Api - CombinedSigninAndSignup - Confirmed	1709908030072	1709908030770	OK	 
REQUEST		Darts-Portal - Auth - Callback	1709908030799	1709908031388	OK	 
REQUEST		Darts-Portal - Auth - Callback Redirect 1	1709908031389	1709908031449	OK	 
REQUEST		favicon.ico	1709908031453	1709908031528	OK	 
REQUEST		runtime.77fe4a5490fb50a1.js	1709908031454	1709908031540	OK	 
REQUEST		styles.7a1426df78704743.css	1709908031453	1709908031616	OK	 
REQUEST		main.6bc51cca07a660e8.js	1709908031454	1709908031743	OK	 
REQUEST		polyfills.7653ce20da57ed30.js	1709908031454	1709908031778	OK	 
REQUEST		Darts-Portal - App - Config	1709908031779	1709908031830	OK	 
REQUEST		Darts-Portal - Auth - Is-authenticated	1709908031831	1709908031887	OK	 
REQUEST		Darts-Portal - Auth - Is-authenticated	1709908031889	1709908032017	OK	 
REQUEST		Darts-Portal - User - Profile	1709908032018	1709908032071	OK	 
REQUEST		Darts-Portal - Api - Audio-requests - Not-accessed-count	1709908032072	1709908032147	OK	 
REQUEST		Darts-Portal - Api - Courthouses	1709908032148	1709908032556	OK	 
REQUEST	Darts Portal Logout	Darts-Portal - Auth - Logout	1709908032557	1709908032818	OK	 
REQUEST	Darts Portal Logout	Darts-Portal - Auth - Logout Redirect 1	1709908032819	1709908032903	OK	 
REQUEST	Darts Portal Logout	jquery-3.5.1.min.js?slice=001-000&dc=AM3	1709908032920	1709908033044	OK	 
REQUEST	Darts Portal Logout	Darts-Portal - Auth - Logout-callback	1709908033045	1709908033094	OK	 
REQUEST	Darts Portal Logout	Darts-Portal - Auth - Logout-callback Redirect 1	1709908033095	1709908033145	OK	 
REQUEST	Darts Portal Logout	styles.7a1426df78704743.css	1709908033147	1709908033192	OK	 
REQUEST	Darts Portal Logout	main.6bc51cca07a660e8.js	1709908033148	1709908033193	OK	 
REQUEST	Darts Portal Logout	favicon.ico	1709908033147	1709908033195	OK	 
REQUEST	Darts Portal Logout	polyfills.7653ce20da57ed30.js	1709908033148	1709908033196	OK	 
REQUEST	Darts Portal Logout	runtime.77fe4a5490fb50a1.js	1709908033148	1709908033198	OK	 
REQUEST	Darts Portal Logout	Darts-Portal - App - Config	1709908033199	1709908033247	OK	 
GROUP	Darts Portal Logout	1709908032556	1709908033248	668	OK
USER	Darts Portal Login	END	1709908033252
