RUN	DartsPortal.DartsPortalLoginSimulation	dartsportalloginsimulation	1709110755312	1	3.9.5
USER	Darts Portal Login	START	1709110756436
REQUEST	Darts Portal Login	Darts-Portal - Auth - Login	1709110756448	1709110757459	OK	 
REQUEST	Darts Portal Login	Darts-Portal - Auth - Login Redirect 1	1709110757469	1709110758287	OK	 
GROUP	Darts Portal Login	1709110756435	1709110758335	1829	OK
REQUEST		B2C_1_darts_externaluser_signin - Oauth2/v2.0 - Authorize	1709110758337	1709110758660	OK	 
REQUEST		Darts-Portal - Auth - Azuread-b2c-login	1709110758672	1709110758724	OK	 
REQUEST		favicon.ico	1709110758740	1709110758801	OK	 
REQUEST		licence-logo.png	1709110758803	1709110758851	OK	 
REQUEST		login.js	1709110758852	1709110758947	OK	 
REQUEST		login.css	1709110758741	1709110758965	OK	 
REQUEST		errors.js	1709110758740	1709110758974	OK	 
REQUEST		xhr.js	1709110758741	1709110758982	OK	 
REQUEST		govuk-crest-white.png	1709110758741	1709110759007	OK	 
REQUEST		govuk-frontend-5.0.0.min.css	1709110758741	1709110759059	OK	 
REQUEST		B2C_1_darts_externaluser_signin - Client - Perftrace	1709110759070	1709110759189	OK	 
REQUEST		B2C_1_darts_externaluser_signin - SelfAsserted	1709110767197	1709110767581	OK	 
REQUEST		B2C_1_darts_externaluser_signin - Api - CombinedSigninAndSignup - Confirmed	1709110767585	1709110768564	OK	 
REQUEST		Darts-Portal - Auth - Callback	1709110768578	1709110769297	OK	 
REQUEST		Darts-Portal - Auth - Callback Redirect 1	1709110769298	1709110769351	OK	 
REQUEST		favicon.ico	1709110769354	1709110769399	OK	 
REQUEST		runtime.2f6985cb06c99aaa.js	1709110769355	1709110769406	OK	 
REQUEST		polyfills.7653ce20da57ed30.js	1709110769355	1709110769426	OK	 
REQUEST		styles.7a1426df78704743.css	1709110769355	1709110769524	OK	 
REQUEST		main.afe0f898797b4606.js	1709110769355	1709110769645	OK	 
REQUEST		Darts-Portal - App - Config	1709110769646	1709110769694	OK	 
REQUEST		Darts-Portal - Auth - Is-authenticated	1709110769695	1709110769791	OK	 
REQUEST		Darts-Portal - Auth - Is-authenticated	1709110769792	1709110769839	OK	 
REQUEST		Darts-Portal - User - Profile	1709110769840	1709110769887	OK	 
REQUEST		Darts-Portal - Api - Audio-requests - Not-accessed-count	1709110769888	1709110769957	OK	 
REQUEST		Darts-Portal - Api - Courthouses	1709110769958	1709110770060	OK	 
REQUEST	Darts Portal Logout	Darts-Portal - Auth - Logout	1709110770061	1709110770296	OK	 
REQUEST	Darts Portal Logout	Darts-Portal - Auth - Logout Redirect 1	1709110770297	1709110770401	OK	 
REQUEST	Darts Portal Logout	jquery-3.5.1.min.js?slice=001-000&dc=DB3	1709110770411	1709110770524	OK	 
REQUEST	Darts Portal Logout	Darts-Portal - Auth - Logout-callback	1709110770525	1709110770570	OK	 
REQUEST	Darts Portal Logout	Darts-Portal - Auth - Logout-callback Redirect 1	1709110770571	1709110770617	OK	 
REQUEST	Darts Portal Logout	favicon.ico	1709110770619	1709110770666	OK	 
REQUEST	Darts Portal Logout	runtime.2f6985cb06c99aaa.js	1709110770620	1709110770691	OK	 
REQUEST	Darts Portal Logout	polyfills.7653ce20da57ed30.js	1709110770620	1709110770720	OK	 
REQUEST	Darts Portal Logout	styles.7a1426df78704743.css	1709110770620	1709110770757	OK	 
REQUEST	Darts Portal Logout	main.afe0f898797b4606.js	1709110770620	1709110770845	OK	 
REQUEST	Darts Portal Logout	Darts-Portal - App - Config	1709110770845	1709110770896	OK	 
GROUP	Darts Portal Logout	1709110770060	1709110770896	821	OK
USER	Darts Portal Login	END	1709110770902
