RUN	DartsApi.AudioRequestProfileSimulation	audiorequestprofilesimulation	1708339365603	6	3.9.5
USER	Audio Requests:POST	START	1708339366110
REQUEST	B2C_1_Ropc_Darts_Signin - TokenDARTS - Api - B2C - Oauth2 - Token:GET	DARTS - Api - Token:GET	1708339366107	1708339366538	OK	 
GROUP	B2C_1_Ropc_Darts_Signin - TokenDARTS - Api - B2C - Oauth2 - Token:GET	1708339366087	1708339366574	431	OK
REQUEST	Audio Request Get	DARTS - Api - AudioRequest:GET	1708339366578	1708339366714	KO	jsonPath($.transformed_media_details[*].transformed_media_id).findAll.exists, found nothing
GROUP	Audio Request Get	1708339366575	1708339366726	136	KO
ERROR	DARTS - Api - AudioRequest:GET PlayBack: Failed to build request: No attribute named 'getTransformedMediaId' is defined 	1708339366728
GROUP	Audio Request Get	1708339366727	1708339366730	0	KO
ERROR	DARTS - Api - AudioRequest:GET PlayBack: Failed to build request: No attribute named 'getTransformedMediaId' is defined 	1708339366731
GROUP	Audio Request Get	1708339366731	1708339366731	0	KO
ERROR	DARTS - Api - AudioRequest:GET PlayBack: Failed to build request: No attribute named 'getTransformedMediaId' is defined 	1708339366732
GROUP	Audio Request Get	1708339366732	1708339366732	0	KO
ERROR	DARTS - Api - AudioRequest:GET PlayBack: Failed to build request: No attribute named 'getTransformedMediaId' is defined 	1708339366733
GROUP	Audio Request Get	1708339366732	1708339366733	0	KO
ERROR	DARTS - Api - AudioRequest:GET PlayBack: Failed to build request: No attribute named 'getTransformedMediaId' is defined 	1708339366733
GROUP	Audio Request Get	1708339366733	1708339366733	0	KO
ERROR	DARTS - Api - AudioRequest:GET PlayBack: Failed to build request: No attribute named 'getTransformedMediaId' is defined 	1708339366734
GROUP	Audio Request Get	1708339366734	1708339366734	0	KO
ERROR	DARTS - Api - AudioRequest:GET PlayBack: Failed to build request: No attribute named 'getTransformedMediaId' is defined 	1708339366734
GROUP	Audio Request Get	1708339366734	1708339366734	0	KO
ERROR	DARTS - Api - AudioRequest:GET PlayBack: Failed to build request: No attribute named 'getTransformedMediaId' is defined 	1708339366735
GROUP	Audio Request Get	1708339366735	1708339366735	0	KO
ERROR	DARTS - Api - AudioRequest:GET PlayBack: Failed to build request: No attribute named 'getTransformedMediaId' is defined 	1708339366736
GROUP	Audio Request Get	1708339366736	1708339366736	0	KO
ERROR	DARTS - Api - AudioRequest:GET PlayBack: Failed to build request: No attribute named 'getTransformedMediaId' is defined 	1708339366737
GROUP	Audio Request Get	1708339366737	1708339366738	0	KO
USER	Audio Requests:POST	END	1708339366741
