RUN	DartsApi.AudioRequestSimulation	audiorequestsimulation	1708032819708	2	3.9.5
USER	Test1	START	1708032820909
REQUEST	TestDARTS - Api - Token:GET	DARTS - Api - Token:GET	1708032820949	1708032823860	OK	 
GROUP	TestDARTS - Api - Token:GET	1708032820911	1708032823912	2911	OK
REQUEST	Audio RequestDARTS - Api - AudioRequest:Post	DARTS - Api - AudioRequest:Post	1708032823918	1708032825229	KO	status.find.is(200), but actually found 502
GROUP	Audio RequestDARTS - Api - AudioRequest:Post	1708032823914	1708032825231	1311	KO
REQUEST	Audio RequestDARTS - Api - AudioRequest:Post	DARTS - Api - AudioRequest:Post	1708032825231	1708032825254	KO	status.find.is(200), but actually found 502
GROUP	Audio RequestDARTS - Api - AudioRequest:Post	1708032825231	1708032825254	23	KO
REQUEST	Audio RequestDARTS - Api - AudioRequest:Post	DARTS - Api - AudioRequest:Post	1708032825254	1708032825276	KO	status.find.is(200), but actually found 502
GROUP	Audio RequestDARTS - Api - AudioRequest:Post	1708032825254	1708032825277	22	KO
REQUEST	Audio RequestDARTS - Api - AudioRequest:Post	DARTS - Api - AudioRequest:Post	1708032825277	1708032825303	KO	status.find.is(200), but actually found 502
GROUP	Audio RequestDARTS - Api - AudioRequest:Post	1708032825277	1708032825304	26	KO
REQUEST	Audio RequestDARTS - Api - AudioRequest:Post	DARTS - Api - AudioRequest:Post	1708032825305	1708032825331	KO	status.find.is(200), but actually found 502
GROUP	Audio RequestDARTS - Api - AudioRequest:Post	1708032825304	1708032825332	26	KO
REQUEST	Audio RequestDARTS - Api - AudioRequest:Post	DARTS - Api - AudioRequest:Post	1708032825333	1708032825355	KO	status.find.is(200), but actually found 502
GROUP	Audio RequestDARTS - Api - AudioRequest:Post	1708032825332	1708032825356	22	KO
REQUEST	Audio RequestDARTS - Api - AudioRequest:Post	DARTS - Api - AudioRequest:Post	1708032825357	1708032825380	KO	status.find.is(200), but actually found 502
GROUP	Audio RequestDARTS - Api - AudioRequest:Post	1708032825356	1708032825380	23	KO
REQUEST	Audio RequestDARTS - Api - AudioRequest:Post	DARTS - Api - AudioRequest:Post	1708032825381	1708032825404	KO	status.find.is(200), but actually found 502
GROUP	Audio RequestDARTS - Api - AudioRequest:Post	1708032825381	1708032825405	23	KO
REQUEST	Audio RequestDARTS - Api - AudioRequest:Post	DARTS - Api - AudioRequest:Post	1708032825405	1708032825427	KO	status.find.is(200), but actually found 502
GROUP	Audio RequestDARTS - Api - AudioRequest:Post	1708032825405	1708032825427	22	KO
REQUEST	Audio RequestDARTS - Api - AudioRequest:Post	DARTS - Api - AudioRequest:Post	1708032825428	1708032825452	KO	status.find.is(200), but actually found 502
GROUP	Audio RequestDARTS - Api - AudioRequest:Post	1708032825427	1708032825452	24	KO
USER	Test1	END	1708032825456
