RUN	DartsApi.AudioRequestSimulation	audiorequestsimulation	1708084855832	2	3.9.5
USER	Test1	START	1708084856513
REQUEST	TestDARTS - Api - Token:GET	DARTS - Api - Token:GET	1708084856529	1708084857005	OK	 
GROUP	TestDARTS - Api - Token:GET	1708084856515	1708084857041	476	OK
REQUEST	Audio RequestDARTS - Api - AudioRequest:Post	DARTS - Api - AudioRequest:Post	1708084857047	1708084857346	KO	status.find.in(200,409), but actually found 400
GROUP	Audio RequestDARTS - Api - AudioRequest:Post	1708084857042	1708084857353	299	KO
REQUEST	Audio RequestDARTS - Api - AudioRequest:Post	DARTS - Api - AudioRequest:Post	1708084857356	1708084857541	KO	status.find.in(200,409), but actually found 400
GROUP	Audio RequestDARTS - Api - AudioRequest:Post	1708084857355	1708084857542	185	KO
REQUEST	Audio RequestDARTS - Api - AudioRequest:Post	DARTS - Api - AudioRequest:Post	1708084857543	1708084857682	KO	status.find.in(200,409), but actually found 400
GROUP	Audio RequestDARTS - Api - AudioRequest:Post	1708084857542	1708084857683	139	KO
REQUEST	Audio RequestDARTS - Api - AudioRequest:Post	DARTS - Api - AudioRequest:Post	1708084857684	1708084857886	KO	status.find.in(200,409), but actually found 400
GROUP	Audio RequestDARTS - Api - AudioRequest:Post	1708084857683	1708084857887	202	KO
REQUEST	Audio RequestDARTS - Api - AudioRequest:Post	DARTS - Api - AudioRequest:Post	1708084857888	1708084857943	KO	status.find.in(200,409), but actually found 400
GROUP	Audio RequestDARTS - Api - AudioRequest:Post	1708084857887	1708084857943	55	KO
REQUEST	Audio RequestDARTS - Api - AudioRequest:Post	DARTS - Api - AudioRequest:Post	1708084857944	1708084857997	KO	status.find.in(200,409), but actually found 400
GROUP	Audio RequestDARTS - Api - AudioRequest:Post	1708084857944	1708084857998	53	KO
REQUEST	Audio RequestDARTS - Api - AudioRequest:Post	DARTS - Api - AudioRequest:Post	1708084857998	1708084858032	KO	status.find.in(200,409), but actually found 400
GROUP	Audio RequestDARTS - Api - AudioRequest:Post	1708084857998	1708084858032	34	KO
REQUEST	Audio RequestDARTS - Api - AudioRequest:Post	DARTS - Api - AudioRequest:Post	1708084858033	1708084858076	KO	status.find.in(200,409), but actually found 400
GROUP	Audio RequestDARTS - Api - AudioRequest:Post	1708084858032	1708084858077	43	KO
REQUEST	Audio RequestDARTS - Api - AudioRequest:Post	DARTS - Api - AudioRequest:Post	1708084858077	1708084858110	KO	status.find.in(200,409), but actually found 400
GROUP	Audio RequestDARTS - Api - AudioRequest:Post	1708084858077	1708084858111	33	KO
REQUEST	Audio RequestDARTS - Api - AudioRequest:Post	DARTS - Api - AudioRequest:Post	1708084858111	1708084858144	KO	status.find.in(200,409), but actually found 400
GROUP	Audio RequestDARTS - Api - AudioRequest:Post	1708084858111	1708084858144	33	KO
USER	Test1	END	1708084858146
