RUN	DartsApi.AudioRequestSimulation	audiorequestsimulation	1708014224669	2	3.9.5
USER	Test1	START	1708014226226
USER	Test1	START	1708014227220
REQUEST	TestDARTS - Api - Token:GET	DARTS - Api - Token:GET	1708014226245	1708014227798	OK	 
GROUP	TestDARTS - Api - Token:GET	1708014226228	1708014227832	1553	OK
USER	Test1	START	1708014228234
REQUEST	Audio RequestDARTS - Api - AudioRequest:Post	DARTS - Api - AudioRequest:Post	1708014227835	1708014228331	KO	status.find.is(403), but actually found 200
GROUP	Audio RequestDARTS - Api - AudioRequest:Post	1708014227832	1708014228333	496	KO
USER	Test1	START	1708014229232
USER	Test1	START	1708014230228
REQUEST	TestDARTS - Api - Token:GET	DARTS - Api - Token:GET	1708014228235	1708014230231	OK	 
GROUP	TestDARTS - Api - Token:GET	1708014228234	1708014230233	1996	OK
REQUEST	Audio RequestDARTS - Api - AudioRequest:Post	DARTS - Api - AudioRequest:Post	1708014230233	1708014230369	KO	status.find.is(403), but actually found 200
GROUP	Audio RequestDARTS - Api - AudioRequest:Post	1708014230233	1708014230369	136	KO
USER	Test1	START	1708014231224
REQUEST	TestDARTS - Api - Token:GET	DARTS - Api - Token:GET	1708014227221	1708014231741	OK	 
GROUP	TestDARTS - Api - Token:GET	1708014227220	1708014231743	4520	OK
REQUEST	Audio RequestDARTS - Api - AudioRequest:Post	DARTS - Api - AudioRequest:Post	1708014231743	1708014231873	KO	status.find.is(403), but actually found 200
GROUP	Audio RequestDARTS - Api - AudioRequest:Post	1708014231743	1708014231874	130	KO
USER	Test1	START	1708014232224
REQUEST	TestDARTS - Api - Token:GET	DARTS - Api - Token:GET	1708014230229	1708014232290	OK	 
GROUP	TestDARTS - Api - Token:GET	1708014230229	1708014232291	2061	OK
REQUEST	Audio RequestDARTS - Api - AudioRequest:Post	DARTS - Api - AudioRequest:Post	1708014232291	1708014232438	KO	status.find.is(403), but actually found 200
GROUP	Audio RequestDARTS - Api - AudioRequest:Post	1708014232291	1708014232438	147	KO
REQUEST	TestDARTS - Api - Token:GET	DARTS - Api - Token:GET	1708014229233	1708014232629	OK	 
GROUP	TestDARTS - Api - Token:GET	1708014229232	1708014232630	3396	OK
REQUEST	Audio RequestDARTS - Api - AudioRequest:Post	DARTS - Api - AudioRequest:Post	1708014232630	1708014232790	KO	status.find.is(403), but actually found 200
GROUP	Audio RequestDARTS - Api - AudioRequest:Post	1708014232630	1708014232790	160	KO
REQUEST	TestDARTS - Api - Token:GET	DARTS - Api - Token:GET	1708014231225	1708014233149	OK	 
GROUP	TestDARTS - Api - Token:GET	1708014231225	1708014233150	1924	OK
USER	Test1	START	1708014233228
REQUEST	Audio RequestDARTS - Api - AudioRequest:Post	DARTS - Api - AudioRequest:Post	1708014233150	1708014233339	KO	status.find.is(403), but actually found 200
GROUP	Audio RequestDARTS - Api - AudioRequest:Post	1708014233150	1708014233339	189	KO
REQUEST	TestDARTS - Api - Token:GET	DARTS - Api - Token:GET	1708014232224	1708014233770	OK	 
GROUP	TestDARTS - Api - Token:GET	1708014232224	1708014233771	1546	OK
REQUEST	Audio RequestDARTS - Api - AudioRequest:Post	DARTS - Api - AudioRequest:Post	1708014233771	1708014233934	KO	status.find.is(403), but actually found 200
GROUP	Audio RequestDARTS - Api - AudioRequest:Post	1708014233771	1708014233934	163	KO
USER	Test1	START	1708014234219
REQUEST	TestDARTS - Api - Token:GET	DARTS - Api - Token:GET	1708014233228	1708014235205	OK	 
GROUP	TestDARTS - Api - Token:GET	1708014233228	1708014235206	1977	OK
USER	Test1	START	1708014235217
REQUEST	Audio RequestDARTS - Api - AudioRequest:Post	DARTS - Api - AudioRequest:Post	1708014235206	1708014235352	KO	status.find.is(403), but actually found 409
GROUP	Audio RequestDARTS - Api - AudioRequest:Post	1708014235206	1708014235352	146	KO
REQUEST	TestDARTS - Api - Token:GET	DARTS - Api - Token:GET	1708014234220	1708014236228	OK	 
GROUP	TestDARTS - Api - Token:GET	1708014234219	1708014236229	2008	OK
REQUEST	Audio RequestDARTS - Api - AudioRequest:Post	DARTS - Api - AudioRequest:Post	1708014236229	1708014236335	KO	status.find.is(403), but actually found 200
GROUP	Audio RequestDARTS - Api - AudioRequest:Post	1708014236229	1708014236335	106	KO
REQUEST	TestDARTS - Api - Token:GET	DARTS - Api - Token:GET	1708014235218	1708014237318	OK	 
GROUP	TestDARTS - Api - Token:GET	1708014235217	1708014237320	2100	OK
USER	Test1	END	1708014237411
REQUEST	Audio RequestDARTS - Api - AudioRequest:Post	DARTS - Api - AudioRequest:Post	1708014237320	1708014237457	KO	status.find.is(403), but actually found 200
GROUP	Audio RequestDARTS - Api - AudioRequest:Post	1708014237320	1708014237458	137	KO
USER	Test1	END	1708014239451
USER	Test1	END	1708014240959
USER	Test1	END	1708014241535
USER	Test1	END	1708014241883
USER	Test1	END	1708014242442
USER	Test1	END	1708014243000
USER	Test1	END	1708014244464
USER	Test1	END	1708014245442
USER	Test1	END	1708014246565
