RUN	DartsPortal.DartsPortalLoginSimulation	dartsportalloginsimulation	1709050348034	1	3.9.5
USER	Darts Portal Login	START	1709050348907
REQUEST	Darts Portal Login	Darts-Portal - Auth - Login	1709050348917	1709050349495	OK	 
REQUEST	Darts Portal Login	Darts-Portal - Auth - Login Redirect 1	1709050349510	1709050349905	OK	 
GROUP	Darts Portal Login	1709050348905	1709050349930	973	OK
REQUEST		B2C_1_darts_externaluser_signin - Oauth2/v2.0 - Authorize	1709050349932	1709050350097	OK	 
REQUEST		Darts-Portal - Auth - Azuread-b2c-login	1709050350108	1709050350159	OK	 
REQUEST		ruxitagentjs_ICA27NVfgjqrux_10283240117152214.js	1709050350173	1709050350298	OK	 
REQUEST		errors.js	1709050350174	1709050350365	OK	 
REQUEST		govuk-crest-white.png	1709050350300	1709050350369	OK	 
REQUEST		favicon.ico	1709050350173	1709050350389	OK	 
REQUEST		xhr.js	1709050350174	1709050350392	OK	 
REQUEST		login.css	1709050350174	1709050350410	OK	 
REQUEST		login.js	1709050350369	1709050350433	OK	 
REQUEST		licence-logo.png	1709050350366	1709050350457	OK	 
REQUEST		govuk-frontend-5.0.0.min.css	1709050350174	1709050350507	OK	 
REQUEST		B2C_1_darts_externaluser_signin - Client - Perftrace	1709050350521	1709050350522	KO	j.l.NullPointerException: Cannot invoke "java.lang.CharSequence.length()" because "seq" is null
REQUEST		B2C_1_darts_externaluser_signin - SelfAsserted	1709050358546	1709050359283	OK	 
ERROR	Darts-Portal - Auth - Callback: Failed to build request: No attribute named 'TokenCode' is defined 	1709050359292
REQUEST		Darts-Portal - App - Config	1709050359296	1709050359352	OK	 
REQUEST		request_10	1709050359302	1709050359355	KO	status.find.in([200, 209], 304), found 401
REQUEST		Darts-Portal - Api - Courthouses	1709050359303	1709050359358	KO	status.find.in([200, 209], 304), found 401
REQUEST		Darts-Portal - Auth - Is-authenticated	1709050359299	1709050359370	OK	 
REQUEST		Darts-Portal - User - Profile	1709050359300	1709050359491	KO	status.find.in([200, 209], 304), found 401
REQUEST		Darts-Portal - Auth - Is-authenticated	1709050359297	1709050359492	OK	 
REQUEST		B2C_1_darts_externaluser_signin - Api - CombinedSigninAndSignup - Confirmed	1709050359305	1709050360231	OK	 
USER	Darts Portal Login	END	1709050360247
