RUN	DartsApi.AudioRequestSimulation	audiorequestsimulation	1708022875819	2	3.9.5
USER	Test1	START	1708022877073
REQUEST	TestDARTS - Api - Token:GET	DARTS - Api - Token:GET	1708022877091	1708022878743	OK	 
GROUP	TestDARTS - Api - Token:GET	1708022877074	1708022878785	1652	OK
REQUEST	Audio RequestDARTS - Api - AudioRequest:Post	DARTS - Api - AudioRequest:Post	1708022878790	1708022879485	KO	status.find.is(409), but actually found 200
GROUP	Audio RequestDARTS - Api - AudioRequest:Post	1708022878787	1708022879488	695	KO
REQUEST	Audio RequestDARTS - Api - AudioRequest:Post	DARTS - Api - AudioRequest:Post	1708022879489	1708022879803	KO	status.find.is(200), but actually found 409
GROUP	Audio RequestDARTS - Api - AudioRequest:Post	1708022879489	1708022879803	314	KO
REQUEST	Audio RequestDARTS - Api - AudioRequest:Post	DARTS - Api - AudioRequest:Post	1708022879805	1708022879975	KO	status.find.is(200), but actually found 409
GROUP	Audio RequestDARTS - Api - AudioRequest:Post	1708022879804	1708022879976	170	KO
REQUEST	Audio RequestDARTS - Api - AudioRequest:Post	DARTS - Api - AudioRequest:Post	1708022879976	1708022880125	KO	status.find.is(200), but actually found 409
GROUP	Audio RequestDARTS - Api - AudioRequest:Post	1708022879976	1708022880125	149	KO
REQUEST	Audio RequestDARTS - Api - AudioRequest:Post	DARTS - Api - AudioRequest:Post	1708022880125	1708022880175	KO	status.find.is(200), but actually found 409
GROUP	Audio RequestDARTS - Api - AudioRequest:Post	1708022880125	1708022880176	50	KO
REQUEST	Audio RequestDARTS - Api - AudioRequest:Post	DARTS - Api - AudioRequest:Post	1708022880176	1708022880226	KO	status.find.is(200), but actually found 409
GROUP	Audio RequestDARTS - Api - AudioRequest:Post	1708022880176	1708022880227	50	KO
REQUEST	Audio RequestDARTS - Api - AudioRequest:Post	DARTS - Api - AudioRequest:Post	1708022880227	1708022880272	KO	status.find.is(200), but actually found 409
GROUP	Audio RequestDARTS - Api - AudioRequest:Post	1708022880227	1708022880272	45	KO
REQUEST	Audio RequestDARTS - Api - AudioRequest:Post	DARTS - Api - AudioRequest:Post	1708022880272	1708022880320	KO	status.find.is(200), but actually found 409
GROUP	Audio RequestDARTS - Api - AudioRequest:Post	1708022880272	1708022880320	48	KO
REQUEST	Audio RequestDARTS - Api - AudioRequest:Post	DARTS - Api - AudioRequest:Post	1708022880321	1708022880365	KO	status.find.is(200), but actually found 409
GROUP	Audio RequestDARTS - Api - AudioRequest:Post	1708022880320	1708022880366	44	KO
REQUEST	Audio RequestDARTS - Api - AudioRequest:Post	DARTS - Api - AudioRequest:Post	1708022880366	1708022880417	KO	status.find.is(200), but actually found 409
GROUP	Audio RequestDARTS - Api - AudioRequest:Post	1708022880366	1708022880417	51	KO
USER	Test1	END	1708022880419
