RUN	DartsApi.CourthousePostSimulation	courthousepostsimulation	1708698398646	8	3.9.5
USER	Courthouse:POST	START	1708698399616
REQUEST	B2C_1_Ropc_Darts_Signin - TokenDARTS - Api - B2C - Oauth2 - Token:GET	DARTS - Api - Token:GET	1708698399615	1708698400526	OK	 
GROUP	B2C_1_Ropc_Darts_Signin - TokenDARTS - Api - B2C - Oauth2 - Token:GET	1708698399602	1708698400574	911	OK
REQUEST	Courthouse Api Request Group	DARTS - Api - CourtHouse:Post	1708698400582	1708698400924	KO	j.l.NullPointerException: Cannot invoke "java.lang.CharSequence.length()" because "seq" is null
GROUP	Courthouse Api Request Group	1708698400575	1708698400925	342	KO
REQUEST	Courthouse Api Request Group	DARTS - Api - CourtHouse:Post	1708698400929	1708698401183	KO	j.l.NullPointerException: Cannot invoke "java.lang.CharSequence.length()" because "seq" is null
GROUP	Courthouse Api Request Group	1708698400928	1708698401183	254	KO
REQUEST	Courthouse Api Request Group	DARTS - Api - CourtHouse:Post	1708698401186	1708698401435	KO	j.l.NullPointerException: Cannot invoke "java.lang.CharSequence.length()" because "seq" is null
GROUP	Courthouse Api Request Group	1708698401185	1708698401435	249	KO
REQUEST	Courthouse Api Request Group	DARTS - Api - CourtHouse:Post	1708698401438	1708698401685	KO	j.l.NullPointerException: Cannot invoke "java.lang.CharSequence.length()" because "seq" is null
GROUP	Courthouse Api Request Group	1708698401437	1708698401685	247	KO
REQUEST	Courthouse Api Request Group	DARTS - Api - CourtHouse:Post	1708698401687	1708698401960	KO	j.l.NullPointerException: Cannot invoke "java.lang.CharSequence.length()" because "seq" is null
GROUP	Courthouse Api Request Group	1708698401686	1708698401960	273	KO
REQUEST	Courthouse Api Request Group	DARTS - Api - CourtHouse:Post	1708698401964	1708698402205	KO	j.l.NullPointerException: Cannot invoke "java.lang.CharSequence.length()" because "seq" is null
GROUP	Courthouse Api Request Group	1708698401962	1708698402205	241	KO
REQUEST	Courthouse Api Request Group	DARTS - Api - CourtHouse:Post	1708698402206	1708698402440	KO	j.l.NullPointerException: Cannot invoke "java.lang.CharSequence.length()" because "seq" is null
GROUP	Courthouse Api Request Group	1708698402205	1708698402440	234	KO
REQUEST	Courthouse Api Request Group	DARTS - Api - CourtHouse:Post	1708698402442	1708698402695	KO	j.l.NullPointerException: Cannot invoke "java.lang.CharSequence.length()" because "seq" is null
GROUP	Courthouse Api Request Group	1708698402440	1708698402695	253	KO
REQUEST	Courthouse Api Request Group	DARTS - Api - CourtHouse:Post	1708698402696	1708698402967	KO	j.l.NullPointerException: Cannot invoke "java.lang.CharSequence.length()" because "seq" is null
GROUP	Courthouse Api Request Group	1708698402695	1708698402967	271	KO
REQUEST	Courthouse Api Request Group	DARTS - Api - CourtHouse:Post	1708698402971	1708698403225	KO	j.l.NullPointerException: Cannot invoke "java.lang.CharSequence.length()" because "seq" is null
GROUP	Courthouse Api Request Group	1708698402969	1708698403225	254	KO
USER	Courthouse:POST	END	1708698403232
