RUN	DartsApi.AudioRequestSimulation	audiorequestsimulation	1708021485655	2	3.9.5
USER	Test1	START	1708021486918
REQUEST	TestDARTS - Api - Token:GET	DARTS - Api - Token:GET	1708021486935	1708021488593	OK	 
GROUP	TestDARTS - Api - Token:GET	1708021486919	1708021488630	1658	OK
REQUEST	Audio RequestDARTS - Api - AudioRequest:Post	DARTS - Api - AudioRequest:Post	1708021488634	1708021489391	KO	status.find.is(409), but actually found 200
GROUP	Audio RequestDARTS - Api - AudioRequest:Post	1708021488631	1708021489399	757	KO
REQUEST	Audio RequestDARTS - Api - AudioRequest:Post	DARTS - Api - AudioRequest:Post	1708021489401	1708021489597	KO	status.find.is(200), but actually found 409
GROUP	Audio RequestDARTS - Api - AudioRequest:Post	1708021489400	1708021489598	196	KO
REQUEST	Audio RequestDARTS - Api - AudioRequest:Post	DARTS - Api - AudioRequest:Post	1708021489599	1708021489768	KO	status.find.is(200), but actually found 409
GROUP	Audio RequestDARTS - Api - AudioRequest:Post	1708021489598	1708021489768	169	KO
REQUEST	Audio RequestDARTS - Api - AudioRequest:Post	DARTS - Api - AudioRequest:Post	1708021489769	1708021489925	KO	status.find.is(200), but actually found 409
GROUP	Audio RequestDARTS - Api - AudioRequest:Post	1708021489769	1708021489925	156	KO
REQUEST	Audio RequestDARTS - Api - AudioRequest:Post	DARTS - Api - AudioRequest:Post	1708021489927	1708021489975	KO	status.find.is(200), but actually found 409
GROUP	Audio RequestDARTS - Api - AudioRequest:Post	1708021489926	1708021489975	48	KO
REQUEST	Audio RequestDARTS - Api - AudioRequest:Post	DARTS - Api - AudioRequest:Post	1708021489976	1708021490032	KO	status.find.is(200), but actually found 409
GROUP	Audio RequestDARTS - Api - AudioRequest:Post	1708021489976	1708021490033	56	KO
REQUEST	Audio RequestDARTS - Api - AudioRequest:Post	DARTS - Api - AudioRequest:Post	1708021490034	1708021490085	KO	status.find.is(200), but actually found 409
GROUP	Audio RequestDARTS - Api - AudioRequest:Post	1708021490033	1708021490085	51	KO
REQUEST	Audio RequestDARTS - Api - AudioRequest:Post	DARTS - Api - AudioRequest:Post	1708021490086	1708021490157	KO	status.find.is(200), but actually found 409
GROUP	Audio RequestDARTS - Api - AudioRequest:Post	1708021490085	1708021490157	71	KO
REQUEST	Audio RequestDARTS - Api - AudioRequest:Post	DARTS - Api - AudioRequest:Post	1708021490158	1708021490220	KO	status.find.is(200), but actually found 409
GROUP	Audio RequestDARTS - Api - AudioRequest:Post	1708021490158	1708021490221	62	KO
REQUEST	Audio RequestDARTS - Api - AudioRequest:Post	DARTS - Api - AudioRequest:Post	1708021490221	1708021490276	KO	status.find.is(200), but actually found 409
GROUP	Audio RequestDARTS - Api - AudioRequest:Post	1708021490221	1708021490276	55	KO
USER	Test1	END	1708021490279
