RUN	DartsApi.AudioGETPreviewSimulation	audiogetpreviewsimulation	1709023556118	0	3.9.5
USER	Audio Requests:GET Preview	START	1709023556876
USER	Audio Requests:GET Preview	START	1709023556962
USER	Audio Requests:GET Preview	START	1709023557055
USER	Audio Requests:GET Preview	START	1709023557162
USER	Audio Requests:GET Preview	START	1709023557256
USER	Audio Requests:GET Preview	START	1709023557365
USER	Audio Requests:GET Preview	START	1709023557458
USER	Audio Requests:GET Preview	START	1709023557567
USER	Audio Requests:GET Preview	START	1709023557661
REQUEST	B2C_1_Ropc_Darts_Signin - TokenDARTS - Api - B2C - Oauth2 - Token:GET	DARTS - Api - Token:GET	1709023556960	1709023557695	OK	 
GROUP	B2C_1_Ropc_Darts_Signin - TokenDARTS - Api - B2C - Oauth2 - Token:GET	1709023556960	1709023557741	735	OK
USER	Audio Requests:GET Preview	START	1709023557754
REQUEST	B2C_1_Ropc_Darts_Signin - TokenDARTS - Api - B2C - Oauth2 - Token:GET	DARTS - Api - Token:GET	1709023556875	1709023557911	OK	 
GROUP	B2C_1_Ropc_Darts_Signin - TokenDARTS - Api - B2C - Oauth2 - Token:GET	1709023556860	1709023557913	1036	OK
REQUEST	B2C_1_Ropc_Darts_Signin - TokenDARTS - Api - B2C - Oauth2 - Token:GET	DARTS - Api - Token:GET	1709023557162	1709023557926	OK	 
GROUP	B2C_1_Ropc_Darts_Signin - TokenDARTS - Api - B2C - Oauth2 - Token:GET	1709023557161	1709023557927	764	OK
REQUEST	B2C_1_Ropc_Darts_Signin - TokenDARTS - Api - B2C - Oauth2 - Token:GET	DARTS - Api - Token:GET	1709023557255	1709023558017	OK	 
GROUP	B2C_1_Ropc_Darts_Signin - TokenDARTS - Api - B2C - Oauth2 - Token:GET	1709023557254	1709023558018	762	OK
REQUEST	B2C_1_Ropc_Darts_Signin - TokenDARTS - Api - B2C - Oauth2 - Token:GET	DARTS - Api - Token:GET	1709023557458	1709023558090	OK	 
GROUP	B2C_1_Ropc_Darts_Signin - TokenDARTS - Api - B2C - Oauth2 - Token:GET	1709023557457	1709023558093	632	OK
REQUEST	B2C_1_Ropc_Darts_Signin - TokenDARTS - Api - B2C - Oauth2 - Token:GET	DARTS - Api - Token:GET	1709023557054	1709023558108	OK	 
GROUP	B2C_1_Ropc_Darts_Signin - TokenDARTS - Api - B2C - Oauth2 - Token:GET	1709023557053	1709023558110	1054	OK
REQUEST	B2C_1_Ropc_Darts_Signin - TokenDARTS - Api - B2C - Oauth2 - Token:GET	DARTS - Api - Token:GET	1709023557364	1709023558274	OK	 
GROUP	B2C_1_Ropc_Darts_Signin - TokenDARTS - Api - B2C - Oauth2 - Token:GET	1709023557363	1709023558275	910	OK
REQUEST	B2C_1_Ropc_Darts_Signin - TokenDARTS - Api - B2C - Oauth2 - Token:GET	DARTS - Api - Token:GET	1709023557567	1709023558326	OK	 
GROUP	B2C_1_Ropc_Darts_Signin - TokenDARTS - Api - B2C - Oauth2 - Token:GET	1709023557567	1709023558328	759	OK
REQUEST	B2C_1_Ropc_Darts_Signin - TokenDARTS - Api - B2C - Oauth2 - Token:GET	DARTS - Api - Token:GET	1709023557660	1709023558422	OK	 
GROUP	B2C_1_Ropc_Darts_Signin - TokenDARTS - Api - B2C - Oauth2 - Token:GET	1709023557660	1709023558423	762	OK
REQUEST	B2C_1_Ropc_Darts_Signin - TokenDARTS - Api - B2C - Oauth2 - Token:GET	DARTS - Api - Token:GET	1709023557754	1709023561704	OK	 
GROUP	B2C_1_Ropc_Darts_Signin - TokenDARTS - Api - B2C - Oauth2 - Token:GET	1709023557753	1709023561705	3950	OK
REQUEST	Audio Get Preview	DARTS - Api - Audio:GET Preview	1709023557748	1709023588048	KO	status.find.is(200), but actually found 504
GROUP	Audio Get Preview	1709023557743	1709023588051	30300	KO
USER	Audio Requests:GET Preview	END	1709023588055
REQUEST	Audio Get Preview	DARTS - Api - Audio:GET Preview	1709023557927	1709023588099	KO	status.find.is(200), but actually found 504
GROUP	Audio Get Preview	1709023557927	1709023588100	30172	KO
USER	Audio Requests:GET Preview	END	1709023588101
REQUEST	Audio Get Preview	DARTS - Api - Audio:GET Preview	1709023557914	1709023588122	KO	status.find.is(200), but actually found 504
GROUP	Audio Get Preview	1709023557913	1709023588122	30208	KO
USER	Audio Requests:GET Preview	END	1709023588123
REQUEST	Audio Get Preview	DARTS - Api - Audio:GET Preview	1709023558019	1709023588420	KO	status.find.is(200), but actually found 504
GROUP	Audio Get Preview	1709023558018	1709023588421	30401	KO
USER	Audio Requests:GET Preview	END	1709023588423
REQUEST	Audio Get Preview	DARTS - Api - Audio:GET Preview	1709023558329	1709023588448	KO	status.find.is(200), but actually found 504
GROUP	Audio Get Preview	1709023558328	1709023588449	30119	KO
USER	Audio Requests:GET Preview	END	1709023588450
REQUEST	Audio Get Preview	DARTS - Api - Audio:GET Preview	1709023558110	1709023588461	KO	status.find.is(200), but actually found 504
GROUP	Audio Get Preview	1709023558110	1709023588462	30351	KO
USER	Audio Requests:GET Preview	END	1709023588463
REQUEST	Audio Get Preview	DARTS - Api - Audio:GET Preview	1709023558093	1709023588499	KO	status.find.is(200), but actually found 504
REQUEST	Audio Get Preview	DARTS - Api - Audio:GET Preview	1709023558276	1709023588499	KO	status.find.is(200), but actually found 504
GROUP	Audio Get Preview	1709023558093	1709023588499	30406	KO
GROUP	Audio Get Preview	1709023558276	1709023588499	30223	KO
USER	Audio Requests:GET Preview	END	1709023588501
USER	Audio Requests:GET Preview	END	1709023588502
REQUEST	Audio Get Preview	DARTS - Api - Audio:GET Preview	1709023558424	1709023588537	KO	status.find.is(200), but actually found 504
GROUP	Audio Get Preview	1709023558423	1709023588537	30113	KO
USER	Audio Requests:GET Preview	END	1709023588539
REQUEST	Audio Get Preview	DARTS - Api - Audio:GET Preview	1709023561706	1709023592033	KO	status.find.is(200), but actually found 504
GROUP	Audio Get Preview	1709023561705	1709023592033	30327	KO
USER	Audio Requests:GET Preview	END	1709023592034
