RUN	DartsApi.AudioGETPreviewSimulation	audiogetpreviewsimulation	1708955528409	0	3.9.5
USER	Audio Requests:GET Preview	START	1708955529437
USER	Audio Requests:GET Preview	START	1708955529525
USER	Audio Requests:GET Preview	START	1708955529617
USER	Audio Requests:GET Preview	START	1708955529726
USER	Audio Requests:GET Preview	START	1708955529819
USER	Audio Requests:GET Preview	START	1708955529927
USER	Audio Requests:GET Preview	START	1708955530021
USER	Audio Requests:GET Preview	START	1708955530129
REQUEST	B2C_1_Ropc_Darts_Signin - TokenDARTS - Api - B2C - Oauth2 - Token:GET	DARTS - Api - Token:GET	1708955529524	1708955530124	OK	 
REQUEST	B2C_1_Ropc_Darts_Signin - TokenDARTS - Api - B2C - Oauth2 - Token:GET	DARTS - Api - Token:GET	1708955529436	1708955530101	OK	 
GROUP	B2C_1_Ropc_Darts_Signin - TokenDARTS - Api - B2C - Oauth2 - Token:GET	1708955529523	1708955530142	600	OK
GROUP	B2C_1_Ropc_Darts_Signin - TokenDARTS - Api - B2C - Oauth2 - Token:GET	1708955529422	1708955530144	665	OK
USER	Audio Requests:GET Preview	START	1708955530223
REQUEST	B2C_1_Ropc_Darts_Signin - TokenDARTS - Api - B2C - Oauth2 - Token:GET	DARTS - Api - Token:GET	1708955529726	1708955530292	OK	 
GROUP	B2C_1_Ropc_Darts_Signin - TokenDARTS - Api - B2C - Oauth2 - Token:GET	1708955529725	1708955530293	566	OK
USER	Audio Requests:GET Preview	START	1708955530319
REQUEST	Audio Get Preview	DARTS - Api - Audio:GET Preview	1708955530148	1708955530466	KO	i.n.h.p.HttpProxyHandler$HttpProxyConnectException: http, none, /127.0.0.1:8888 => darts-api.staging.platform.hmcts.net/<unresolved>:443, status: 502 Fiddler - DNS Lookup Failed
GROUP	Audio Get Preview	1708955530145	1708955530468	318	KO
USER	Audio Requests:GET Preview	END	1708955530471
REQUEST	Audio Get Preview	DARTS - Api - Audio:GET Preview	1708955530148	1708955530485	KO	i.n.h.p.HttpProxyHandler$HttpProxyConnectException: http, none, /127.0.0.1:8888 => darts-api.staging.platform.hmcts.net/<unresolved>:443, status: 502 Fiddler - DNS Lookup Failed
GROUP	Audio Get Preview	1708955530145	1708955530485	337	KO
USER	Audio Requests:GET Preview	END	1708955530486
REQUEST	Audio Get Preview	DARTS - Api - Audio:GET Preview	1708955530294	1708955530518	KO	i.n.h.p.HttpProxyHandler$HttpProxyConnectException: http, none, /127.0.0.1:8888 => darts-api.staging.platform.hmcts.net/<unresolved>:443, status: 502 Fiddler - DNS Lookup Failed
GROUP	Audio Get Preview	1708955530293	1708955530518	224	KO
USER	Audio Requests:GET Preview	END	1708955530519
REQUEST	B2C_1_Ropc_Darts_Signin - TokenDARTS - Api - B2C - Oauth2 - Token:GET	DARTS - Api - Token:GET	1708955529926	1708955530660	OK	 
GROUP	B2C_1_Ropc_Darts_Signin - TokenDARTS - Api - B2C - Oauth2 - Token:GET	1708955529925	1708955530662	734	OK
REQUEST	B2C_1_Ropc_Darts_Signin - TokenDARTS - Api - B2C - Oauth2 - Token:GET	DARTS - Api - Token:GET	1708955529819	1708955530669	OK	 
GROUP	B2C_1_Ropc_Darts_Signin - TokenDARTS - Api - B2C - Oauth2 - Token:GET	1708955529818	1708955530671	850	OK
REQUEST	B2C_1_Ropc_Darts_Signin - TokenDARTS - Api - B2C - Oauth2 - Token:GET	DARTS - Api - Token:GET	1708955529617	1708955530679	OK	 
GROUP	B2C_1_Ropc_Darts_Signin - TokenDARTS - Api - B2C - Oauth2 - Token:GET	1708955529616	1708955530680	1062	OK
REQUEST	B2C_1_Ropc_Darts_Signin - TokenDARTS - Api - B2C - Oauth2 - Token:GET	DARTS - Api - Token:GET	1708955530129	1708955530715	OK	 
GROUP	B2C_1_Ropc_Darts_Signin - TokenDARTS - Api - B2C - Oauth2 - Token:GET	1708955530129	1708955530716	586	OK
REQUEST	B2C_1_Ropc_Darts_Signin - TokenDARTS - Api - B2C - Oauth2 - Token:GET	DARTS - Api - Token:GET	1708955530020	1708955530860	OK	 
GROUP	B2C_1_Ropc_Darts_Signin - TokenDARTS - Api - B2C - Oauth2 - Token:GET	1708955530020	1708955530861	840	OK
REQUEST	Audio Get Preview	DARTS - Api - Audio:GET Preview	1708955530664	1708955531001	KO	i.n.h.p.HttpProxyHandler$HttpProxyConnectException: http, none, /127.0.0.1:8888 => darts-api.staging.platform.hmcts.net/<unresolved>:443, status: 502 Fiddler - DNS Lookup Failed
GROUP	Audio Get Preview	1708955530662	1708955531001	337	KO
USER	Audio Requests:GET Preview	END	1708955531002
REQUEST	Audio Get Preview	DARTS - Api - Audio:GET Preview	1708955530672	1708955531046	KO	i.n.h.p.HttpProxyHandler$HttpProxyConnectException: http, none, /127.0.0.1:8888 => darts-api.staging.platform.hmcts.net/<unresolved>:443, status: 502 Fiddler - DNS Lookup Failed
GROUP	Audio Get Preview	1708955530671	1708955531047	374	KO
USER	Audio Requests:GET Preview	END	1708955531048
REQUEST	B2C_1_Ropc_Darts_Signin - TokenDARTS - Api - B2C - Oauth2 - Token:GET	DARTS - Api - Token:GET	1708955530318	1708955531057	OK	 
GROUP	B2C_1_Ropc_Darts_Signin - TokenDARTS - Api - B2C - Oauth2 - Token:GET	1708955530318	1708955531058	739	OK
REQUEST	Audio Get Preview	DARTS - Api - Audio:GET Preview	1708955530681	1708955531069	KO	i.n.h.p.HttpProxyHandler$HttpProxyConnectException: http, none, /127.0.0.1:8888 => darts-api.staging.platform.hmcts.net/<unresolved>:443, status: 502 Fiddler - DNS Lookup Failed
GROUP	Audio Get Preview	1708955530680	1708955531069	388	KO
USER	Audio Requests:GET Preview	END	1708955531070
REQUEST	B2C_1_Ropc_Darts_Signin - TokenDARTS - Api - B2C - Oauth2 - Token:GET	DARTS - Api - Token:GET	1708955530222	1708955531096	OK	 
GROUP	B2C_1_Ropc_Darts_Signin - TokenDARTS - Api - B2C - Oauth2 - Token:GET	1708955530222	1708955531097	874	OK
REQUEST	Audio Get Preview	DARTS - Api - Audio:GET Preview	1708955530717	1708955531109	KO	i.n.h.p.HttpProxyHandler$HttpProxyConnectException: http, none, /127.0.0.1:8888 => darts-api.staging.platform.hmcts.net/<unresolved>:443, status: 502 Fiddler - DNS Lookup Failed
GROUP	Audio Get Preview	1708955530716	1708955531110	392	KO
USER	Audio Requests:GET Preview	END	1708955531111
REQUEST	Audio Get Preview	DARTS - Api - Audio:GET Preview	1708955530862	1708955531211	KO	i.n.h.p.HttpProxyHandler$HttpProxyConnectException: http, none, /127.0.0.1:8888 => darts-api.staging.platform.hmcts.net/<unresolved>:443, status: 502 Fiddler - DNS Lookup Failed
GROUP	Audio Get Preview	1708955530861	1708955531211	349	KO
USER	Audio Requests:GET Preview	END	1708955531213
REQUEST	Audio Get Preview	DARTS - Api - Audio:GET Preview	1708955531058	1708955531295	KO	i.n.h.p.HttpProxyHandler$HttpProxyConnectException: http, none, /127.0.0.1:8888 => darts-api.staging.platform.hmcts.net/<unresolved>:443, status: 502 Fiddler - DNS Lookup Failed
GROUP	Audio Get Preview	1708955531058	1708955531295	237	KO
USER	Audio Requests:GET Preview	END	1708955531296
REQUEST	Audio Get Preview	DARTS - Api - Audio:GET Preview	1708955531098	1708955531314	KO	i.n.h.p.HttpProxyHandler$HttpProxyConnectException: http, none, /127.0.0.1:8888 => darts-api.staging.platform.hmcts.net/<unresolved>:443, status: 502 Fiddler - DNS Lookup Failed
GROUP	Audio Get Preview	1708955531097	1708955531314	216	KO
USER	Audio Requests:GET Preview	END	1708955531316
