RUN	DartsApi.AudioGETPreviewSimulation	audiogetpreviewsimulation	1708956371918	0	3.9.5
USER	Audio Requests:GET Preview	START	1708956372621
USER	Audio Requests:GET Preview	START	1708956372703
USER	Audio Requests:GET Preview	START	1708956372814
USER	Audio Requests:GET Preview	START	1708956372907
USER	Audio Requests:GET Preview	START	1708956373001
USER	Audio Requests:GET Preview	START	1708956373108
USER	Audio Requests:GET Preview	START	1708956373200
USER	Audio Requests:GET Preview	START	1708956373308
REQUEST	B2C_1_Ropc_Darts_Signin - TokenDARTS - Api - B2C - Oauth2 - Token:GET	DARTS - Api - Token:GET	1708956372703	1708956373356	OK	 
REQUEST	B2C_1_Ropc_Darts_Signin - TokenDARTS - Api - B2C - Oauth2 - Token:GET	DARTS - Api - Token:GET	1708956372620	1708956373348	OK	 
GROUP	B2C_1_Ropc_Darts_Signin - TokenDARTS - Api - B2C - Oauth2 - Token:GET	1708956372605	1708956373398	728	OK
GROUP	B2C_1_Ropc_Darts_Signin - TokenDARTS - Api - B2C - Oauth2 - Token:GET	1708956372702	1708956373400	653	OK
USER	Audio Requests:GET Preview	START	1708956373402
REQUEST	B2C_1_Ropc_Darts_Signin - TokenDARTS - Api - B2C - Oauth2 - Token:GET	DARTS - Api - Token:GET	1708956372813	1708956373430	OK	 
GROUP	B2C_1_Ropc_Darts_Signin - TokenDARTS - Api - B2C - Oauth2 - Token:GET	1708956372812	1708956373432	617	OK
REQUEST	B2C_1_Ropc_Darts_Signin - TokenDARTS - Api - B2C - Oauth2 - Token:GET	DARTS - Api - Token:GET	1708956372906	1708956373470	OK	 
GROUP	B2C_1_Ropc_Darts_Signin - TokenDARTS - Api - B2C - Oauth2 - Token:GET	1708956372905	1708956373471	564	OK
USER	Audio Requests:GET Preview	START	1708956373510
REQUEST	B2C_1_Ropc_Darts_Signin - TokenDARTS - Api - B2C - Oauth2 - Token:GET	DARTS - Api - Token:GET	1708956372999	1708956373590	OK	 
GROUP	B2C_1_Ropc_Darts_Signin - TokenDARTS - Api - B2C - Oauth2 - Token:GET	1708956372999	1708956373591	591	OK
REQUEST	B2C_1_Ropc_Darts_Signin - TokenDARTS - Api - B2C - Oauth2 - Token:GET	DARTS - Api - Token:GET	1708956373308	1708956373814	OK	 
GROUP	B2C_1_Ropc_Darts_Signin - TokenDARTS - Api - B2C - Oauth2 - Token:GET	1708956373308	1708956373815	506	OK
REQUEST	B2C_1_Ropc_Darts_Signin - TokenDARTS - Api - B2C - Oauth2 - Token:GET	DARTS - Api - Token:GET	1708956373106	1708956373832	OK	 
GROUP	B2C_1_Ropc_Darts_Signin - TokenDARTS - Api - B2C - Oauth2 - Token:GET	1708956373106	1708956373833	726	OK
REQUEST	B2C_1_Ropc_Darts_Signin - TokenDARTS - Api - B2C - Oauth2 - Token:GET	DARTS - Api - Token:GET	1708956373199	1708956373853	OK	 
GROUP	B2C_1_Ropc_Darts_Signin - TokenDARTS - Api - B2C - Oauth2 - Token:GET	1708956373199	1708956373854	654	OK
REQUEST	B2C_1_Ropc_Darts_Signin - TokenDARTS - Api - B2C - Oauth2 - Token:GET	DARTS - Api - Token:GET	1708956373401	1708956374098	OK	 
GROUP	B2C_1_Ropc_Darts_Signin - TokenDARTS - Api - B2C - Oauth2 - Token:GET	1708956373401	1708956374099	697	OK
REQUEST	B2C_1_Ropc_Darts_Signin - TokenDARTS - Api - B2C - Oauth2 - Token:GET	DARTS - Api - Token:GET	1708956373509	1708956374108	OK	 
GROUP	B2C_1_Ropc_Darts_Signin - TokenDARTS - Api - B2C - Oauth2 - Token:GET	1708956373509	1708956374110	599	OK
REQUEST	Audio Get Preview	DARTS - Api - Audio:GET Preview	1708956373432	1708956374437	OK	 
GROUP	Audio Get Preview	1708956373432	1708956374440	1005	OK
REQUEST	Audio Get Preview	DARTS - Api - Audio:GET Preview	1708956373472	1708956374531	OK	 
GROUP	Audio Get Preview	1708956373471	1708956374532	1059	OK
REQUEST	Audio Get Preview	DARTS - Api - Audio:GET Preview	1708956373407	1708956374743	OK	 
GROUP	Audio Get Preview	1708956373400	1708956374743	1336	OK
REQUEST	Audio Get Preview	DARTS - Api - Audio:GET Preview	1708956373407	1708956374825	OK	 
GROUP	Audio Get Preview	1708956373400	1708956374826	1418	OK
REQUEST	Audio Get Preview	DARTS - Api - Audio:GET Preview	1708956373855	1708956375022	OK	 
GROUP	Audio Get Preview	1708956373855	1708956375022	1167	OK
REQUEST	Audio Get Preview	DARTS - Api - Audio:GET Preview	1708956374110	1708956375105	OK	 
GROUP	Audio Get Preview	1708956374110	1708956375106	995	OK
REQUEST	Audio Get Preview	DARTS - Api - Audio:GET Preview	1708956373591	1708956375158	OK	 
GROUP	Audio Get Preview	1708956373591	1708956375158	1567	OK
REQUEST	Audio Get Preview	DARTS - Api - Audio:GET Preview	1708956373834	1708956375216	OK	 
GROUP	Audio Get Preview	1708956373834	1708956375216	1382	OK
REQUEST	Audio Get Preview	DARTS - Api - Audio:GET Preview	1708956374532	1708956375360	OK	 
GROUP	Audio Get Preview	1708956374532	1708956375360	828	OK
REQUEST	Audio Get Preview	DARTS - Api - Audio:GET Preview	1708956374444	1708956375508	OK	 
GROUP	Audio Get Preview	1708956374441	1708956375508	1064	OK
REQUEST	Audio Get Preview	DARTS - Api - Audio:GET Preview	1708956374746	1708956375634	OK	 
GROUP	Audio Get Preview	1708956374744	1708956375634	888	OK
REQUEST	Audio Get Preview	DARTS - Api - Audio:GET Preview	1708956373816	1708956375708	OK	 
GROUP	Audio Get Preview	1708956373816	1708956375708	1892	OK
REQUEST	Audio Get Preview	DARTS - Api - Audio:GET Preview	1708956375159	1708956375950	OK	 
GROUP	Audio Get Preview	1708956375159	1708956375950	791	OK
REQUEST	Audio Get Preview	DARTS - Api - Audio:GET Preview	1708956374100	1708956376032	OK	 
GROUP	Audio Get Preview	1708956374099	1708956376033	1932	OK
REQUEST	Audio Get Preview	DARTS - Api - Audio:GET Preview	1708956375023	1708956376056	OK	 
GROUP	Audio Get Preview	1708956375023	1708956376057	1033	OK
REQUEST	Audio Get Preview	DARTS - Api - Audio:GET Preview	1708956375107	1708956376176	OK	 
GROUP	Audio Get Preview	1708956375106	1708956376177	1069	OK
REQUEST	Audio Get Preview	DARTS - Api - Audio:GET Preview	1708956375361	1708956376320	OK	 
GROUP	Audio Get Preview	1708956375360	1708956376321	959	OK
REQUEST	Audio Get Preview	DARTS - Api - Audio:GET Preview	1708956374828	1708956376395	OK	 
GROUP	Audio Get Preview	1708956374826	1708956376396	1567	OK
REQUEST	Audio Get Preview	DARTS - Api - Audio:GET Preview	1708956375217	1708956376458	OK	 
GROUP	Audio Get Preview	1708956375216	1708956376458	1241	OK
REQUEST	Audio Get Preview	DARTS - Api - Audio:GET Preview	1708956375509	1708956376487	OK	 
GROUP	Audio Get Preview	1708956375508	1708956376487	978	OK
REQUEST	Audio Get Preview	DARTS - Api - Audio:GET Preview	1708956375951	1708956376902	OK	 
GROUP	Audio Get Preview	1708956375950	1708956376903	951	OK
REQUEST	Audio Get Preview	DARTS - Api - Audio:GET Preview	1708956376058	1708956376953	OK	 
GROUP	Audio Get Preview	1708956376057	1708956376953	895	OK
REQUEST	Audio Get Preview	DARTS - Api - Audio:GET Preview	1708956376459	1708956377178	OK	 
GROUP	Audio Get Preview	1708956376458	1708956377179	719	OK
REQUEST	Audio Get Preview	DARTS - Api - Audio:GET Preview	1708956376177	1708956377180	OK	 
GROUP	Audio Get Preview	1708956376177	1708956377180	1003	OK
REQUEST	Audio Get Preview	DARTS - Api - Audio:GET Preview	1708956376488	1708956377322	OK	 
GROUP	Audio Get Preview	1708956376488	1708956377322	834	OK
REQUEST	Audio Get Preview	DARTS - Api - Audio:GET Preview	1708956376323	1708956377375	OK	 
GROUP	Audio Get Preview	1708956376322	1708956377376	1052	OK
REQUEST	Audio Get Preview	DARTS - Api - Audio:GET Preview	1708956376904	1708956377673	OK	 
GROUP	Audio Get Preview	1708956376903	1708956377674	769	OK
REQUEST	Audio Get Preview	DARTS - Api - Audio:GET Preview	1708956376954	1708956377929	OK	 
GROUP	Audio Get Preview	1708956376953	1708956377929	975	OK
REQUEST	Audio Get Preview	DARTS - Api - Audio:GET Preview	1708956375710	1708956377945	OK	 
GROUP	Audio Get Preview	1708956375709	1708956377945	2235	OK
REQUEST	Audio Get Preview	DARTS - Api - Audio:GET Preview	1708956377181	1708956378016	OK	 
GROUP	Audio Get Preview	1708956377180	1708956378017	835	OK
REQUEST	Audio Get Preview	DARTS - Api - Audio:GET Preview	1708956377323	1708956378019	OK	 
GROUP	Audio Get Preview	1708956377322	1708956378020	696	OK
REQUEST	Audio Get Preview	DARTS - Api - Audio:GET Preview	1708956375635	1708956378152	OK	 
GROUP	Audio Get Preview	1708956375635	1708956378152	2517	OK
REQUEST	Audio Get Preview	DARTS - Api - Audio:GET Preview	1708956377377	1708956378358	OK	 
GROUP	Audio Get Preview	1708956377376	1708956378359	981	OK
REQUEST	Audio Get Preview	DARTS - Api - Audio:GET Preview	1708956376035	1708956378608	OK	 
GROUP	Audio Get Preview	1708956376034	1708956378609	2573	OK
REQUEST	Audio Get Preview	DARTS - Api - Audio:GET Preview	1708956377930	1708956378641	OK	 
GROUP	Audio Get Preview	1708956377929	1708956378641	711	OK
REQUEST	Audio Get Preview	DARTS - Api - Audio:GET Preview	1708956378021	1708956378754	OK	 
GROUP	Audio Get Preview	1708956378021	1708956378754	733	OK
REQUEST	Audio Get Preview	DARTS - Api - Audio:GET Preview	1708956377946	1708956378756	OK	 
GROUP	Audio Get Preview	1708956377946	1708956378756	810	OK
REQUEST	Audio Get Preview	DARTS - Api - Audio:GET Preview	1708956378610	1708956380740	OK	 
GROUP	Audio Get Preview	1708956378609	1708956380740	2130	OK
REQUEST	Audio Get Preview	DARTS - Api - Audio:GET Preview	1708956378360	1708956380740	OK	 
GROUP	Audio Get Preview	1708956378359	1708956380741	2380	OK
REQUEST	Audio Get Preview	DARTS - Api - Audio:GET Preview	1708956378642	1708956380844	OK	 
GROUP	Audio Get Preview	1708956378641	1708956380845	2202	OK
REQUEST	Audio Get Preview	DARTS - Api - Audio:GET Preview	1708956378153	1708956381037	OK	 
GROUP	Audio Get Preview	1708956378152	1708956381038	2884	OK
REQUEST	Audio Get Preview	DARTS - Api - Audio:GET Preview	1708956378755	1708956381063	OK	 
GROUP	Audio Get Preview	1708956378755	1708956381063	2308	OK
REQUEST	Audio Get Preview	DARTS - Api - Audio:GET Preview	1708956380846	1708956381576	OK	 
GROUP	Audio Get Preview	1708956380845	1708956381577	730	OK
REQUEST	Audio Get Preview	DARTS - Api - Audio:GET Preview	1708956381064	1708956381817	OK	 
GROUP	Audio Get Preview	1708956381063	1708956381817	753	OK
REQUEST	Audio Get Preview	DARTS - Api - Audio:GET Preview	1708956381039	1708956381968	OK	 
GROUP	Audio Get Preview	1708956381038	1708956381968	929	OK
REQUEST	Audio Get Preview	DARTS - Api - Audio:GET Preview	1708956378018	1708956382152	OK	 
GROUP	Audio Get Preview	1708956378017	1708956382153	4134	OK
REQUEST	Audio Get Preview	DARTS - Api - Audio:GET Preview	1708956377182	1708956382192	OK	 
GROUP	Audio Get Preview	1708956377181	1708956382192	5010	OK
REQUEST	Audio Get Preview	DARTS - Api - Audio:GET Preview	1708956380742	1708956382202	OK	 
GROUP	Audio Get Preview	1708956380741	1708956382202	1460	OK
REQUEST	Audio Get Preview	DARTS - Api - Audio:GET Preview	1708956377675	1708956382293	OK	 
GROUP	Audio Get Preview	1708956377674	1708956382293	4618	OK
REQUEST	Audio Get Preview	DARTS - Api - Audio:GET Preview	1708956381579	1708956382316	OK	 
GROUP	Audio Get Preview	1708956381578	1708956382316	737	OK
REQUEST	Audio Get Preview	DARTS - Api - Audio:GET Preview	1708956376397	1708956382477	OK	 
GROUP	Audio Get Preview	1708956376396	1708956382478	6080	OK
REQUEST	Audio Get Preview	DARTS - Api - Audio:GET Preview	1708956381818	1708956382654	OK	 
GROUP	Audio Get Preview	1708956381818	1708956382654	836	OK
REQUEST	Audio Get Preview	DARTS - Api - Audio:GET Preview	1708956381969	1708956382885	OK	 
GROUP	Audio Get Preview	1708956381968	1708956382885	916	OK
REQUEST	Audio Get Preview	DARTS - Api - Audio:GET Preview	1708956382203	1708956382889	OK	 
GROUP	Audio Get Preview	1708956382203	1708956382889	686	OK
REQUEST	Audio Get Preview	DARTS - Api - Audio:GET Preview	1708956382317	1708956383123	OK	 
GROUP	Audio Get Preview	1708956382317	1708956383123	806	OK
REQUEST	Audio Get Preview	DARTS - Api - Audio:GET Preview	1708956380742	1708956383224	OK	 
GROUP	Audio Get Preview	1708956380741	1708956383225	2482	OK
REQUEST	Audio Get Preview	DARTS - Api - Audio:GET Preview	1708956382655	1708956383354	OK	 
GROUP	Audio Get Preview	1708956382654	1708956383355	699	OK
USER	Audio Requests:GET Preview	END	1708956383357
REQUEST	Audio Get Preview	DARTS - Api - Audio:GET Preview	1708956382155	1708956383425	OK	 
GROUP	Audio Get Preview	1708956382154	1708956383425	1270	OK
REQUEST	Audio Get Preview	DARTS - Api - Audio:GET Preview	1708956382294	1708956383561	OK	 
GROUP	Audio Get Preview	1708956382294	1708956383561	1267	OK
REQUEST	Audio Get Preview	DARTS - Api - Audio:GET Preview	1708956378757	1708956383608	OK	 
GROUP	Audio Get Preview	1708956378756	1708956383609	4851	OK
REQUEST	Audio Get Preview	DARTS - Api - Audio:GET Preview	1708956382193	1708956383662	OK	 
GROUP	Audio Get Preview	1708956382192	1708956383662	1469	OK
REQUEST	Audio Get Preview	DARTS - Api - Audio:GET Preview	1708956382890	1708956383757	OK	 
GROUP	Audio Get Preview	1708956382889	1708956383757	867	OK
REQUEST	Audio Get Preview	DARTS - Api - Audio:GET Preview	1708956382478	1708956383851	OK	 
GROUP	Audio Get Preview	1708956382478	1708956383851	1373	OK
REQUEST	Audio Get Preview	DARTS - Api - Audio:GET Preview	1708956383124	1708956383906	OK	 
GROUP	Audio Get Preview	1708956383124	1708956383906	782	OK
USER	Audio Requests:GET Preview	END	1708956383907
REQUEST	Audio Get Preview	DARTS - Api - Audio:GET Preview	1708956382886	1708956383930	OK	 
GROUP	Audio Get Preview	1708956382886	1708956383930	1044	OK
REQUEST	Audio Get Preview	DARTS - Api - Audio:GET Preview	1708956383225	1708956384460	OK	 
GROUP	Audio Get Preview	1708956383225	1708956384461	1235	OK
REQUEST	Audio Get Preview	DARTS - Api - Audio:GET Preview	1708956383610	1708956384532	OK	 
GROUP	Audio Get Preview	1708956383609	1708956384533	922	OK
REQUEST	Audio Get Preview	DARTS - Api - Audio:GET Preview	1708956383758	1708956384549	OK	 
GROUP	Audio Get Preview	1708956383758	1708956384550	791	OK
USER	Audio Requests:GET Preview	END	1708956384551
REQUEST	Audio Get Preview	DARTS - Api - Audio:GET Preview	1708956383562	1708956384705	OK	 
GROUP	Audio Get Preview	1708956383561	1708956384706	1143	OK
REQUEST	Audio Get Preview	DARTS - Api - Audio:GET Preview	1708956383852	1708956384788	OK	 
GROUP	Audio Get Preview	1708956383851	1708956384788	936	OK
REQUEST	Audio Get Preview	DARTS - Api - Audio:GET Preview	1708956383426	1708956385023	OK	 
GROUP	Audio Get Preview	1708956383426	1708956385024	1597	OK
REQUEST	Audio Get Preview	DARTS - Api - Audio:GET Preview	1708956384533	1708956385289	OK	 
GROUP	Audio Get Preview	1708956384533	1708956385289	756	OK
REQUEST	Audio Get Preview	DARTS - Api - Audio:GET Preview	1708956383931	1708956385369	OK	 
GROUP	Audio Get Preview	1708956383931	1708956385369	1438	OK
REQUEST	Audio Get Preview	DARTS - Api - Audio:GET Preview	1708956383663	1708956385461	OK	 
GROUP	Audio Get Preview	1708956383663	1708956385461	1798	OK
REQUEST	Audio Get Preview	DARTS - Api - Audio:GET Preview	1708956384461	1708956385468	OK	 
GROUP	Audio Get Preview	1708956384461	1708956385468	1007	OK
REQUEST	Audio Get Preview	DARTS - Api - Audio:GET Preview	1708956384789	1708956385705	OK	 
GROUP	Audio Get Preview	1708956384788	1708956385706	916	OK
REQUEST	Audio Get Preview	DARTS - Api - Audio:GET Preview	1708956384706	1708956385825	OK	 
GROUP	Audio Get Preview	1708956384706	1708956385825	1119	OK
REQUEST	Audio Get Preview	DARTS - Api - Audio:GET Preview	1708956385025	1708956385984	OK	 
GROUP	Audio Get Preview	1708956385024	1708956385984	959	OK
REQUEST	Audio Get Preview	DARTS - Api - Audio:GET Preview	1708956385290	1708956386071	OK	 
GROUP	Audio Get Preview	1708956385290	1708956386071	781	OK
REQUEST	Audio Get Preview	DARTS - Api - Audio:GET Preview	1708956385370	1708956386526	OK	 
GROUP	Audio Get Preview	1708956385369	1708956386526	1156	OK
REQUEST	Audio Get Preview	DARTS - Api - Audio:GET Preview	1708956385462	1708956386595	OK	 
GROUP	Audio Get Preview	1708956385461	1708956386595	1133	OK
REQUEST	Audio Get Preview	DARTS - Api - Audio:GET Preview	1708956385469	1708956386603	OK	 
GROUP	Audio Get Preview	1708956385469	1708956386604	1134	OK
REQUEST	Audio Get Preview	DARTS - Api - Audio:GET Preview	1708956385826	1708956386633	OK	 
GROUP	Audio Get Preview	1708956385825	1708956386633	807	OK
REQUEST	Audio Get Preview	DARTS - Api - Audio:GET Preview	1708956385706	1708956386741	OK	 
GROUP	Audio Get Preview	1708956385706	1708956386741	1035	OK
REQUEST	Audio Get Preview	DARTS - Api - Audio:GET Preview	1708956386072	1708956386779	OK	 
GROUP	Audio Get Preview	1708956386072	1708956386779	707	OK
REQUEST	Audio Get Preview	DARTS - Api - Audio:GET Preview	1708956385985	1708956387088	OK	 
GROUP	Audio Get Preview	1708956385984	1708956387089	1103	OK
REQUEST	Audio Get Preview	DARTS - Api - Audio:GET Preview	1708956386527	1708956387411	OK	 
GROUP	Audio Get Preview	1708956386527	1708956387411	884	OK
USER	Audio Requests:GET Preview	END	1708956387412
REQUEST	Audio Get Preview	DARTS - Api - Audio:GET Preview	1708956386780	1708956387514	OK	 
GROUP	Audio Get Preview	1708956386780	1708956387514	734	OK
REQUEST	Audio Get Preview	DARTS - Api - Audio:GET Preview	1708956386634	1708956387653	OK	 
GROUP	Audio Get Preview	1708956386633	1708956387653	1019	OK
USER	Audio Requests:GET Preview	END	1708956387654
REQUEST	Audio Get Preview	DARTS - Api - Audio:GET Preview	1708956386604	1708956387781	OK	 
GROUP	Audio Get Preview	1708956386604	1708956387781	1177	OK
REQUEST	Audio Get Preview	DARTS - Api - Audio:GET Preview	1708956386742	1708956387893	OK	 
GROUP	Audio Get Preview	1708956386741	1708956387893	1151	OK
REQUEST	Audio Get Preview	DARTS - Api - Audio:GET Preview	1708956387089	1708956387940	OK	 
GROUP	Audio Get Preview	1708956387089	1708956387940	851	OK
USER	Audio Requests:GET Preview	END	1708956387941
REQUEST	Audio Get Preview	DARTS - Api - Audio:GET Preview	1708956387515	1708956388327	OK	 
GROUP	Audio Get Preview	1708956387514	1708956388327	812	OK
USER	Audio Requests:GET Preview	END	1708956388328
REQUEST	Audio Get Preview	DARTS - Api - Audio:GET Preview	1708956386596	1708956388340	OK	 
GROUP	Audio Get Preview	1708956386596	1708956388340	1744	OK
REQUEST	Audio Get Preview	DARTS - Api - Audio:GET Preview	1708956387782	1708956388502	OK	 
GROUP	Audio Get Preview	1708956387782	1708956388502	720	OK
REQUEST	Audio Get Preview	DARTS - Api - Audio:GET Preview	1708956387894	1708956388870	OK	 
GROUP	Audio Get Preview	1708956387894	1708956388870	976	OK
REQUEST	Audio Get Preview	DARTS - Api - Audio:GET Preview	1708956388503	1708956389251	OK	 
REQUEST	Audio Get Preview	DARTS - Api - Audio:GET Preview	1708956388341	1708956389251	OK	 
GROUP	Audio Get Preview	1708956388503	1708956389252	748	OK
GROUP	Audio Get Preview	1708956388341	1708956389252	910	OK
USER	Audio Requests:GET Preview	END	1708956389253
REQUEST	Audio Get Preview	DARTS - Api - Audio:GET Preview	1708956388871	1708956389810	OK	 
GROUP	Audio Get Preview	1708956388871	1708956389811	939	OK
USER	Audio Requests:GET Preview	END	1708956389812
REQUEST	Audio Get Preview	DARTS - Api - Audio:GET Preview	1708956389252	1708956390113	OK	 
GROUP	Audio Get Preview	1708956389252	1708956390114	861	OK
USER	Audio Requests:GET Preview	END	1708956390115
