RUN	DartsApi.CourthousePostSimulation	courthousepostsimulation	1708698012162	8	3.9.5
USER	Courthouse:POST	START	1708698013363
REQUEST	B2C_1_Ropc_Darts_Signin - TokenDARTS - Api - B2C - Oauth2 - Token:GET	DARTS - Api - Token:GET	1708698013361	1708698014062	OK	 
GROUP	B2C_1_Ropc_Darts_Signin - TokenDARTS - Api - B2C - Oauth2 - Token:GET	1708698013346	1708698014104	701	OK
REQUEST	Courthouse Api Request Group	DARTS - Api - CourtHouse:Post	1708698014111	1708698014591	KO	j.l.NullPointerException: Cannot invoke "java.lang.CharSequence.length()" because "seq" is null
GROUP	Courthouse Api Request Group	1708698014105	1708698014591	480	KO
REQUEST	Courthouse Api Request Group	DARTS - Api - CourtHouse:Post	1708698014593	1708698014834	KO	j.l.NullPointerException: Cannot invoke "java.lang.CharSequence.length()" because "seq" is null
GROUP	Courthouse Api Request Group	1708698014592	1708698014834	241	KO
REQUEST	Courthouse Api Request Group	DARTS - Api - CourtHouse:Post	1708698014836	1708698015094	KO	j.l.NullPointerException: Cannot invoke "java.lang.CharSequence.length()" because "seq" is null
GROUP	Courthouse Api Request Group	1708698014835	1708698015094	258	KO
REQUEST	Courthouse Api Request Group	DARTS - Api - CourtHouse:Post	1708698015096	1708698015338	KO	j.l.NullPointerException: Cannot invoke "java.lang.CharSequence.length()" because "seq" is null
GROUP	Courthouse Api Request Group	1708698015095	1708698015338	242	KO
REQUEST	Courthouse Api Request Group	DARTS - Api - CourtHouse:Post	1708698015339	1708698015573	KO	j.l.NullPointerException: Cannot invoke "java.lang.CharSequence.length()" because "seq" is null
GROUP	Courthouse Api Request Group	1708698015339	1708698015573	234	KO
REQUEST	Courthouse Api Request Group	DARTS - Api - CourtHouse:Post	1708698015574	1708698015826	KO	j.l.NullPointerException: Cannot invoke "java.lang.CharSequence.length()" because "seq" is null
GROUP	Courthouse Api Request Group	1708698015573	1708698015826	252	KO
REQUEST	Courthouse Api Request Group	DARTS - Api - CourtHouse:Post	1708698015829	1708698015972	KO	j.l.NullPointerException: Cannot invoke "java.lang.CharSequence.length()" because "seq" is null
GROUP	Courthouse Api Request Group	1708698015827	1708698015972	143	KO
REQUEST	Courthouse Api Request Group	DARTS - Api - CourtHouse:Post	1708698015973	1708698016252	KO	j.l.NullPointerException: Cannot invoke "java.lang.CharSequence.length()" because "seq" is null
GROUP	Courthouse Api Request Group	1708698015972	1708698016253	279	KO
REQUEST	Courthouse Api Request Group	DARTS - Api - CourtHouse:Post	1708698016254	1708698016524	KO	j.l.NullPointerException: Cannot invoke "java.lang.CharSequence.length()" because "seq" is null
GROUP	Courthouse Api Request Group	1708698016253	1708698016524	270	KO
REQUEST	Courthouse Api Request Group	DARTS - Api - CourtHouse:Post	1708698016525	1708698016762	KO	j.l.NullPointerException: Cannot invoke "java.lang.CharSequence.length()" because "seq" is null
GROUP	Courthouse Api Request Group	1708698016524	1708698016762	237	KO
USER	Courthouse:POST	END	1708698016765
