RUN	DartsPortal.DartsPortalLoginSimulation	dartsportalloginsimulation	1709112694672	1	3.9.5
USER	Darts Portal Login	START	1709112696473
REQUEST	Darts Portal Login	Darts-Portal - Auth - Login	1709112696490	1709112697480	OK	 
REQUEST	Darts Portal Login	Darts-Portal - Auth - Login Redirect 1	1709112697491	1709112698030	OK	 
GROUP	Darts Portal Login	1709112696472	1709112698055	1529	OK
REQUEST		B2C_1_darts_externaluser_signin - Oauth2/v2.0 - Authorize	1709112698056	1709112698306	OK	 
REQUEST		Darts-Portal - Auth - Azuread-b2c-login	1709112698329	1709112698371	OK	 
REQUEST		favicon.ico	1709112698384	1709112698432	OK	 
REQUEST		licence-logo.png	1709112698434	1709112698473	OK	 
REQUEST		login.js	1709112698473	1709112698515	OK	 
REQUEST		govuk-crest-white.png	1709112698385	1709112698575	OK	 
REQUEST		login.css	1709112698385	1709112698624	OK	 
REQUEST		govuk-frontend-5.0.0.min.css	1709112698385	1709112698680	OK	 
REQUEST		xhr.js	1709112698385	1709112698725	OK	 
REQUEST		errors.js	1709112698384	1709112698768	OK	 
REQUEST		B2C_1_darts_externaluser_signin - Client - Perftrace	1709112698772	1709112698844	OK	 
REQUEST		B2C_1_darts_externaluser_signin - SelfAsserted	1709112706857	1709112707249	OK	 
REQUEST		B2C_1_darts_externaluser_signin - Api - CombinedSigninAndSignup - Confirmed	1709112707254	1709112707806	OK	 
REQUEST		Darts-Portal - Auth - Callback	1709112707816	1709112708378	OK	 
REQUEST		Darts-Portal - Auth - Callback Redirect 1	1709112708378	1709112708421	OK	 
REQUEST		polyfills.7653ce20da57ed30.js	1709112708425	1709112708506	OK	 
REQUEST		runtime.2f6985cb06c99aaa.js	1709112708425	1709112708521	OK	 
REQUEST		styles.7a1426df78704743.css	1709112708424	1709112708608	OK	 
REQUEST		main.afe0f898797b4606.js	1709112708426	1709112708640	OK	 
REQUEST		favicon.ico	1709112708424	1709112708681	OK	 
REQUEST		Darts-Portal - App - Config	1709112708683	1709112708721	OK	 
REQUEST		Darts-Portal - Auth - Is-authenticated	1709112708722	1709112708764	OK	 
REQUEST		Darts-Portal - Auth - Is-authenticated	1709112708765	1709112708817	OK	 
REQUEST		Darts-Portal - User - Profile	1709112708817	1709112708858	OK	 
REQUEST		Darts-Portal - Api - Audio-requests - Not-accessed-count	1709112708858	1709112708934	OK	 
REQUEST		Darts-Portal - Api - Courthouses	1709112708934	1709112709035	OK	 
REQUEST	Darts Portal Logout	Darts-Portal - Auth - Logout	1709112709036	1709112709298	OK	 
REQUEST	Darts Portal Logout	Darts-Portal - Auth - Logout Redirect 1	1709112709298	1709112709413	OK	 
REQUEST	Darts Portal Logout	jquery-3.5.1.min.js?slice=001-000&dc=AM3	1709112709424	1709112709558	OK	 
REQUEST	Darts Portal Logout	Darts-Portal - Auth - Logout-callback	1709112709559	1709112709640	OK	 
REQUEST	Darts Portal Logout	Darts-Portal - Auth - Logout-callback Redirect 1	1709112709641	1709112709681	OK	 
REQUEST	Darts Portal Logout	runtime.2f6985cb06c99aaa.js	1709112709684	1709112709728	OK	 
REQUEST	Darts Portal Logout	favicon.ico	1709112709683	1709112709745	OK	 
REQUEST	Darts Portal Logout	polyfills.7653ce20da57ed30.js	1709112709684	1709112709772	OK	 
REQUEST	Darts Portal Logout	styles.7a1426df78704743.css	1709112709684	1709112709773	OK	 
REQUEST	Darts Portal Logout	main.afe0f898797b4606.js	1709112709685	1709112709910	OK	 
REQUEST	Darts Portal Logout	Darts-Portal - App - Config	1709112709911	1709112709963	OK	 
GROUP	Darts Portal Logout	1709112709036	1709112709963	912	OK
USER	Darts Portal Login	END	1709112709966
