RUN	DartsApi.AudioRequestSimulation	audiorequestsimulation	1708084495541	2	3.9.5
USER	Test1	START	1708084496100
REQUEST	TestDARTS - Api - Token:GET	DARTS - Api - Token:GET	1708084496099	1708084496618	OK	 
GROUP	TestDARTS - Api - Token:GET	1708084496078	1708084496653	519	OK
REQUEST	Audio RequestDARTS - Api - AudioRequest:Post	DARTS - Api - AudioRequest:Post	1708084496661	1708084496822	KO	status.find.in(200,409), but actually found 400
GROUP	Audio RequestDARTS - Api - AudioRequest:Post	1708084496655	1708084496827	161	KO
REQUEST	Audio RequestDARTS - Api - AudioRequest:Post	DARTS - Api - AudioRequest:Post	1708084496832	1708084496914	KO	status.find.in(200,409), but actually found 400
GROUP	Audio RequestDARTS - Api - AudioRequest:Post	1708084496831	1708084496914	82	KO
REQUEST	Audio RequestDARTS - Api - AudioRequest:Post	DARTS - Api - AudioRequest:Post	1708084496915	1708084497064	KO	status.find.in(200,409), but actually found 400
GROUP	Audio RequestDARTS - Api - AudioRequest:Post	1708084496915	1708084497064	149	KO
REQUEST	Audio RequestDARTS - Api - AudioRequest:Post	DARTS - Api - AudioRequest:Post	1708084497065	1708084497156	KO	status.find.in(200,409), but actually found 400
GROUP	Audio RequestDARTS - Api - AudioRequest:Post	1708084497065	1708084497156	91	KO
REQUEST	Audio RequestDARTS - Api - AudioRequest:Post	DARTS - Api - AudioRequest:Post	1708084497157	1708084497192	KO	status.find.in(200,409), but actually found 400
GROUP	Audio RequestDARTS - Api - AudioRequest:Post	1708084497157	1708084497192	35	KO
REQUEST	Audio RequestDARTS - Api - AudioRequest:Post	DARTS - Api - AudioRequest:Post	1708084497193	1708084497234	KO	status.find.in(200,409), but actually found 400
GROUP	Audio RequestDARTS - Api - AudioRequest:Post	1708084497193	1708084497235	41	KO
REQUEST	Audio RequestDARTS - Api - AudioRequest:Post	DARTS - Api - AudioRequest:Post	1708084497237	1708084497391	KO	status.find.in(200,409), but actually found 400
GROUP	Audio RequestDARTS - Api - AudioRequest:Post	1708084497236	1708084497391	154	KO
REQUEST	Audio RequestDARTS - Api - AudioRequest:Post	DARTS - Api - AudioRequest:Post	1708084497392	1708084497432	KO	status.find.in(200,409), but actually found 400
GROUP	Audio RequestDARTS - Api - AudioRequest:Post	1708084497392	1708084497432	40	KO
REQUEST	Audio RequestDARTS - Api - AudioRequest:Post	DARTS - Api - AudioRequest:Post	1708084497433	1708084497464	KO	status.find.in(200,409), but actually found 400
GROUP	Audio RequestDARTS - Api - AudioRequest:Post	1708084497433	1708084497464	31	KO
REQUEST	Audio RequestDARTS - Api - AudioRequest:Post	DARTS - Api - AudioRequest:Post	1708084497465	1708084497501	KO	status.find.in(200,409), but actually found 400
GROUP	Audio RequestDARTS - Api - AudioRequest:Post	1708084497465	1708084497502	36	KO
USER	Test1	END	1708084497509
