RUN	DartsPortal.DartsPortalLoginSimulation	dartsportalloginsimulation	1709908299257	1	3.9.5
USER	Darts Portal Login	START	1709908300268
REQUEST	Darts Portal Login	Darts-Portal - Auth - Login	1709908300279	1709908300934	OK	 
REQUEST	Darts Portal Login	Darts-Portal - Auth - Login Redirect 1	1709908300944	1709908301480	OK	 
GROUP	Darts Portal Login	1709908300266	1709908301514	1191	OK
REQUEST		B2C_1_darts_externaluser_signin - Oauth2/v2.0 - Authorize	1709908301515	1709908301751	OK	 
REQUEST		Darts-Portal - Auth - Azuread-b2c-login	1709908301765	1709908301830	OK	 
REQUEST		ruxitagentjs_ICA27NVfgjqrux_10285240307101407.js	1709908301849	1709908301955	OK	 
REQUEST		govuk-crest-white.png	1709908301957	1709908302020	OK	 
REQUEST		licence-logo.png	1709908302020	1709908302088	OK	 
REQUEST		login.js	1709908302088	1709908302142	OK	 
REQUEST		xhr.js	1709908301850	1709908302231	OK	 
REQUEST		login.css	1709908301850	1709908302232	OK	 
REQUEST		favicon.ico	1709908301849	1709908302265	OK	 
REQUEST		errors.js	1709908301849	1709908302266	OK	 
REQUEST		govuk-frontend-5.0.0.min.css	1709908301850	1709908302367	OK	 
REQUEST		B2C_1_darts_externaluser_signin - Client - Perftrace	1709908302382	1709908302470	OK	 
REQUEST		B2C_1_darts_externaluser_signin - SelfAsserted	1709908310480	1709908310971	OK	 
REQUEST		B2C_1_darts_externaluser_signin - Api - CombinedSigninAndSignup - Confirmed	1709908310975	1709908311680	OK	 
REQUEST		Darts-Portal - Auth - Callback	1709908311702	1709908312374	OK	 
REQUEST		Darts-Portal - Auth - Callback Redirect 1	1709908312376	1709908312439	OK	 
REQUEST		runtime.77fe4a5490fb50a1.js	1709908312454	1709908312509	OK	 
REQUEST		favicon.ico	1709908312451	1709908312514	OK	 
REQUEST		polyfills.7653ce20da57ed30.js	1709908312455	1709908312571	OK	 
REQUEST		styles.7a1426df78704743.css	1709908312453	1709908312647	OK	 
REQUEST		main.6bc51cca07a660e8.js	1709908312456	1709908312734	OK	 
REQUEST		Darts-Portal - App - Config	1709908312735	1709908312788	OK	 
REQUEST		Darts-Portal - Auth - Is-authenticated	1709908312789	1709908312841	OK	 
REQUEST		Darts-Portal - Auth - Is-authenticated	1709908312841	1709908312892	OK	 
REQUEST		Darts-Portal - User - Profile	1709908312893	1709908312947	OK	 
REQUEST		Darts-Portal - Api - Audio-requests - Not-accessed-count	1709908312948	1709908313051	OK	 
REQUEST		Darts-Portal - Api - Courthouses	1709908313052	1709908313381	OK	 
REQUEST	Darts Portal Logout	Darts-Portal - Auth - Logout	1709908313383	1709908313717	OK	 
REQUEST	Darts Portal Logout	Darts-Portal - Auth - Logout Redirect 1	1709908313719	1709908313809	OK	 
REQUEST	Darts Portal Logout	jquery-3.5.1.min.js?slice=001-000&dc=DB3	1709908313826	1709908313960	OK	 
REQUEST	Darts Portal Logout	Darts-Portal - Auth - Logout-callback	1709908313961	1709908314012	OK	 
REQUEST	Darts Portal Logout	Darts-Portal - Auth - Logout-callback Redirect 1	1709908314012	1709908314077	OK	 
REQUEST	Darts Portal Logout	runtime.77fe4a5490fb50a1.js	1709908314083	1709908314126	OK	 
REQUEST	Darts Portal Logout	styles.7a1426df78704743.css	1709908314083	1709908314129	OK	 
REQUEST	Darts Portal Logout	main.6bc51cca07a660e8.js	1709908314084	1709908314132	OK	 
REQUEST	Darts Portal Logout	favicon.ico	1709908314082	1709908314132	OK	 
REQUEST	Darts Portal Logout	polyfills.7653ce20da57ed30.js	1709908314084	1709908314152	OK	 
REQUEST	Darts Portal Logout	Darts-Portal - App - Config	1709908314153	1709908314205	OK	 
GROUP	Darts Portal Logout	1709908313382	1709908314205	798	OK
USER	Darts Portal Login	END	1709908314208
