RUN	DartsPortal.DartsPortalLoginSimulation	dartsportalloginsimulation	1709050524011	1	3.9.5
USER	Darts Portal Login	START	1709050524689
REQUEST	Darts Portal Login	Darts-Portal - Auth - Login	1709050524701	1709050525451	OK	 
REQUEST	Darts Portal Login	Darts-Portal - Auth - Login Redirect 1	1709050525460	1709050525840	OK	 
GROUP	Darts Portal Login	1709050524687	1709050525868	1130	OK
REQUEST		B2C_1_darts_externaluser_signin - Oauth2/v2.0 - Authorize	1709050525869	1709050526022	OK	 
REQUEST		Darts-Portal - Auth - Azuread-b2c-login	1709050526031	1709050526094	OK	 
REQUEST		login.css	1709050526111	1709050526308	OK	 
REQUEST		xhr.js	1709050526111	1709050526345	OK	 
REQUEST		favicon.ico	1709050526110	1709050526356	OK	 
REQUEST		govuk-crest-white.png	1709050526313	1709050526376	OK	 
REQUEST		errors.js	1709050526110	1709050526380	OK	 
REQUEST		govuk-frontend-5.0.0.min.css	1709050526111	1709050526388	OK	 
REQUEST		licence-logo.png	1709050526346	1709050526401	OK	 
REQUEST		login.js	1709050526357	1709050526413	OK	 
REQUEST		ruxitagentjs_ICA27NVfgjqrux_10283240117152214.js	1709050526109	1709050526444	OK	 
REQUEST		B2C_1_darts_externaluser_signin - Client - Perftrace	1709050526454	1709050526528	OK	 
REQUEST		B2C_1_darts_externaluser_signin - SelfAsserted	1709050534540	1709050534999	OK	 
ERROR	Darts-Portal - Auth - Callback: Failed to build request: No attribute named 'TokenCode' is defined 	1709050535002
REQUEST		Darts-Portal - Auth - Is-authenticated	1709050535003	1709050535055	OK	 
REQUEST		Darts-Portal - Api - Courthouses	1709050535005	1709050535056	KO	status.find.in([200, 209], 304), found 401
REQUEST		request_10	1709050535004	1709050535061	KO	status.find.in([200, 209], 304), found 401
REQUEST		Darts-Portal - Auth - Is-authenticated	1709050535003	1709050535063	OK	 
REQUEST		Darts-Portal - User - Profile	1709050535004	1709050535064	KO	status.find.in([200, 209], 304), found 401
REQUEST		Darts-Portal - App - Config	1709050535002	1709050535067	OK	 
REQUEST		B2C_1_darts_externaluser_signin - Api - CombinedSigninAndSignup - Confirmed	1709050535005	1709050535808	OK	 
USER	Darts Portal Login	END	1709050535825
