RUN	DartsApi.AudioRequestSimulation	audiorequestsimulation	1708033389838	r	3.9.5
USER	Test1	START	1708033391572
REQUEST	TestDARTS - Api - Token:GET	DARTS - Api - Token:GET	1708033391571	1708033393082	OK	 
GROUP	TestDARTS - Api - Token:GET	1708033391552	1708033393121	1511	OK
ERROR	DARTS - Api - AudioRequest:Post: Failed to build request: No attribute named 'hea_id' is defined 	1708033393128
GROUP	Audio RequestDARTS - Api - AudioRequest:Post	1708033393123	1708033393131	0	KO
REQUEST	Audio RequestDARTS - Api - AudioRequest:Post	DARTS - Api - AudioRequest:Post	1708033393133	1708033393686	KO	status.find.is(200), but actually found 502
GROUP	Audio RequestDARTS - Api - AudioRequest:Post	1708033393132	1708033393688	553	KO
REQUEST	Audio RequestDARTS - Api - AudioRequest:Post	DARTS - Api - AudioRequest:Post	1708033393689	1708033393711	KO	status.find.is(200), but actually found 502
GROUP	Audio RequestDARTS - Api - AudioRequest:Post	1708033393689	1708033393711	22	KO
REQUEST	Audio RequestDARTS - Api - AudioRequest:Post	DARTS - Api - AudioRequest:Post	1708033393712	1708033393733	KO	status.find.is(200), but actually found 502
GROUP	Audio RequestDARTS - Api - AudioRequest:Post	1708033393711	1708033393733	21	KO
REQUEST	Audio RequestDARTS - Api - AudioRequest:Post	DARTS - Api - AudioRequest:Post	1708033393734	1708033393754	KO	status.find.is(200), but actually found 502
GROUP	Audio RequestDARTS - Api - AudioRequest:Post	1708033393733	1708033393754	20	KO
REQUEST	Audio RequestDARTS - Api - AudioRequest:Post	DARTS - Api - AudioRequest:Post	1708033393755	1708033393776	KO	status.find.is(200), but actually found 502
GROUP	Audio RequestDARTS - Api - AudioRequest:Post	1708033393755	1708033393777	21	KO
REQUEST	Audio RequestDARTS - Api - AudioRequest:Post	DARTS - Api - AudioRequest:Post	1708033393777	1708033393835	KO	status.find.is(200), but actually found 502
GROUP	Audio RequestDARTS - Api - AudioRequest:Post	1708033393777	1708033393835	58	KO
REQUEST	Audio RequestDARTS - Api - AudioRequest:Post	DARTS - Api - AudioRequest:Post	1708033393836	1708033393856	KO	status.find.is(200), but actually found 502
GROUP	Audio RequestDARTS - Api - AudioRequest:Post	1708033393835	1708033393857	20	KO
REQUEST	Audio RequestDARTS - Api - AudioRequest:Post	DARTS - Api - AudioRequest:Post	1708033393857	1708033393878	KO	status.find.is(200), but actually found 502
GROUP	Audio RequestDARTS - Api - AudioRequest:Post	1708033393857	1708033393878	21	KO
REQUEST	Audio RequestDARTS - Api - AudioRequest:Post	DARTS - Api - AudioRequest:Post	1708033393879	1708033393900	KO	status.find.is(200), but actually found 502
GROUP	Audio RequestDARTS - Api - AudioRequest:Post	1708033393878	1708033393900	21	KO
USER	Test1	END	1708033393903
