RUN	DartsApi.AudioGETPreviewSimulation	audiogetpreviewsimulation	1708956250126	1	3.9.5
USER	Audio Requests:GET Preview	START	1708956250846
USER	Audio Requests:GET Preview	START	1708956250927
USER	Audio Requests:GET Preview	START	1708956251035
USER	Audio Requests:GET Preview	START	1708956251127
USER	Audio Requests:GET Preview	START	1708956251236
USER	Audio Requests:GET Preview	START	1708956251329
USER	Audio Requests:GET Preview	START	1708956251437
REQUEST	B2C_1_Ropc_Darts_Signin - TokenDARTS - Api - B2C - Oauth2 - Token:GET	DARTS - Api - Token:GET	1708956250844	1708956251466	OK	 
GROUP	B2C_1_Ropc_Darts_Signin - TokenDARTS - Api - B2C - Oauth2 - Token:GET	1708956250832	1708956251513	622	OK
USER	Audio Requests:GET Preview	START	1708956251530
USER	Audio Requests:GET Preview	START	1708956251636
REQUEST	B2C_1_Ropc_Darts_Signin - TokenDARTS - Api - B2C - Oauth2 - Token:GET	DARTS - Api - Token:GET	1708956250926	1708956251658	OK	 
GROUP	B2C_1_Ropc_Darts_Signin - TokenDARTS - Api - B2C - Oauth2 - Token:GET	1708956250926	1708956251659	732	OK
USER	Audio Requests:GET Preview	START	1708956251729
REQUEST	B2C_1_Ropc_Darts_Signin - TokenDARTS - Api - B2C - Oauth2 - Token:GET	DARTS - Api - Token:GET	1708956251126	1708956251756	OK	 
GROUP	B2C_1_Ropc_Darts_Signin - TokenDARTS - Api - B2C - Oauth2 - Token:GET	1708956251126	1708956251757	630	OK
REQUEST	B2C_1_Ropc_Darts_Signin - TokenDARTS - Api - B2C - Oauth2 - Token:GET	DARTS - Api - Token:GET	1708956251034	1708956251907	OK	 
GROUP	B2C_1_Ropc_Darts_Signin - TokenDARTS - Api - B2C - Oauth2 - Token:GET	1708956251034	1708956251909	873	OK
REQUEST	B2C_1_Ropc_Darts_Signin - TokenDARTS - Api - B2C - Oauth2 - Token:GET	DARTS - Api - Token:GET	1708956251436	1708956252072	OK	 
GROUP	B2C_1_Ropc_Darts_Signin - TokenDARTS - Api - B2C - Oauth2 - Token:GET	1708956251435	1708956252073	636	OK
REQUEST	B2C_1_Ropc_Darts_Signin - TokenDARTS - Api - B2C - Oauth2 - Token:GET	DARTS - Api - Token:GET	1708956251235	1708956252146	OK	 
GROUP	B2C_1_Ropc_Darts_Signin - TokenDARTS - Api - B2C - Oauth2 - Token:GET	1708956251235	1708956252148	911	OK
REQUEST	B2C_1_Ropc_Darts_Signin - TokenDARTS - Api - B2C - Oauth2 - Token:GET	DARTS - Api - Token:GET	1708956251328	1708956252290	OK	 
GROUP	B2C_1_Ropc_Darts_Signin - TokenDARTS - Api - B2C - Oauth2 - Token:GET	1708956251327	1708956252292	962	OK
REQUEST	B2C_1_Ropc_Darts_Signin - TokenDARTS - Api - B2C - Oauth2 - Token:GET	DARTS - Api - Token:GET	1708956251529	1708956252377	OK	 
GROUP	B2C_1_Ropc_Darts_Signin - TokenDARTS - Api - B2C - Oauth2 - Token:GET	1708956251529	1708956252378	848	OK
REQUEST	B2C_1_Ropc_Darts_Signin - TokenDARTS - Api - B2C - Oauth2 - Token:GET	DARTS - Api - Token:GET	1708956251635	1708956252416	OK	 
GROUP	B2C_1_Ropc_Darts_Signin - TokenDARTS - Api - B2C - Oauth2 - Token:GET	1708956251635	1708956252417	781	OK
REQUEST	B2C_1_Ropc_Darts_Signin - TokenDARTS - Api - B2C - Oauth2 - Token:GET	DARTS - Api - Token:GET	1708956251729	1708956252511	OK	 
GROUP	B2C_1_Ropc_Darts_Signin - TokenDARTS - Api - B2C - Oauth2 - Token:GET	1708956251728	1708956252515	782	OK
REQUEST	Audio Get Preview	DARTS - Api - Audio:GET Preview	1708956251521	1708956252536	OK	 
GROUP	Audio Get Preview	1708956251516	1708956252539	1015	OK
USER	Audio Requests:GET Preview	END	1708956252543
REQUEST	Audio Get Preview	DARTS - Api - Audio:GET Preview	1708956251660	1708956252669	OK	 
GROUP	Audio Get Preview	1708956251660	1708956252669	1009	OK
USER	Audio Requests:GET Preview	END	1708956252670
REQUEST	Audio Get Preview	DARTS - Api - Audio:GET Preview	1708956251758	1708956252847	OK	 
GROUP	Audio Get Preview	1708956251757	1708956252848	1089	OK
USER	Audio Requests:GET Preview	END	1708956252850
REQUEST	Audio Get Preview	DARTS - Api - Audio:GET Preview	1708956252149	1708956253137	OK	 
GROUP	Audio Get Preview	1708956252148	1708956253137	988	OK
USER	Audio Requests:GET Preview	END	1708956253139
REQUEST	Audio Get Preview	DARTS - Api - Audio:GET Preview	1708956252379	1708956253309	OK	 
GROUP	Audio Get Preview	1708956252378	1708956253309	930	OK
USER	Audio Requests:GET Preview	END	1708956253310
REQUEST	Audio Get Preview	DARTS - Api - Audio:GET Preview	1708956251909	1708956253343	OK	 
GROUP	Audio Get Preview	1708956251909	1708956253343	1434	OK
USER	Audio Requests:GET Preview	END	1708956253345
REQUEST	Audio Get Preview	DARTS - Api - Audio:GET Preview	1708956252074	1708956253422	OK	 
GROUP	Audio Get Preview	1708956252073	1708956253423	1348	OK
USER	Audio Requests:GET Preview	END	1708956253427
REQUEST	Audio Get Preview	DARTS - Api - Audio:GET Preview	1708956252417	1708956253431	OK	 
GROUP	Audio Get Preview	1708956252417	1708956253432	1014	OK
USER	Audio Requests:GET Preview	END	1708956253433
REQUEST	Audio Get Preview	DARTS - Api - Audio:GET Preview	1708956252517	1708956253628	OK	 
GROUP	Audio Get Preview	1708956252515	1708956253628	1111	OK
USER	Audio Requests:GET Preview	END	1708956253629
REQUEST	Audio Get Preview	DARTS - Api - Audio:GET Preview	1708956252294	1708956253749	OK	 
GROUP	Audio Get Preview	1708956252293	1708956253750	1455	OK
USER	Audio Requests:GET Preview	END	1708956253752
