RUN	DartsSoap.AddCourtLogSOAPUserSimulation	addcourtlogsoapusersimulation	1708424289923	11	3.9.5
USER	DARTS - GateWay - Soap - CourtLog:POST	START	1708424290634
REQUEST	CourtLog SOAP Request Group	DARTS - GateWay - Soap - CourtLog - User	1708424290656	1708424296520	KO	xpath((//return/message,Map())).find.exists, found nothing
GROUP	CourtLog SOAP Request Group	1708424290636	1708424296770	5864	KO
REQUEST	CourtLog SOAP Request Group	DARTS - GateWay - Soap - CourtLog - User	1708424296774	1708424299847	KO	xpath((//return/message,Map())).find.exists, found nothing
GROUP	CourtLog SOAP Request Group	1708424296771	1708424299849	3073	KO
REQUEST	CourtLog SOAP Request Group	DARTS - GateWay - Soap - CourtLog - User	1708424299851	1708424300530	KO	xpath((//return/message,Map())).find.exists, found nothing
GROUP	CourtLog SOAP Request Group	1708424299850	1708424300531	679	KO
REQUEST	CourtLog SOAP Request Group	DARTS - GateWay - Soap - CourtLog - User	1708424300532	1708424301136	KO	xpath((//return/message,Map())).find.exists, found nothing
GROUP	CourtLog SOAP Request Group	1708424300531	1708424301139	604	KO
REQUEST	CourtLog SOAP Request Group	DARTS - GateWay - Soap - CourtLog - User	1708424301140	1708424304028	KO	xpath((//return/message,Map())).find.exists, found nothing
GROUP	CourtLog SOAP Request Group	1708424301140	1708424304030	2888	KO
REQUEST	CourtLog SOAP Request Group	DARTS - GateWay - Soap - CourtLog - User	1708424304031	1708424306975	KO	xpath((//return/message,Map())).find.exists, found nothing
GROUP	CourtLog SOAP Request Group	1708424304030	1708424306976	2944	KO
REQUEST	CourtLog SOAP Request Group	DARTS - GateWay - Soap - CourtLog - User	1708424306977	1708424307514	KO	xpath((//return/message,Map())).find.exists, found nothing
GROUP	CourtLog SOAP Request Group	1708424306976	1708424307515	537	KO
REQUEST	CourtLog SOAP Request Group	DARTS - GateWay - Soap - CourtLog - User	1708424307516	1708424307979	KO	xpath((//return/message,Map())).find.exists, found nothing
GROUP	CourtLog SOAP Request Group	1708424307515	1708424307980	463	KO
REQUEST	CourtLog SOAP Request Group	DARTS - GateWay - Soap - CourtLog - User	1708424307981	1708424308452	KO	xpath((//return/message,Map())).find.exists, found nothing
GROUP	CourtLog SOAP Request Group	1708424307980	1708424308454	471	KO
REQUEST	CourtLog SOAP Request Group	DARTS - GateWay - Soap - CourtLog - User	1708424308455	1708424308977	KO	xpath((//return/message,Map())).find.exists, found nothing
GROUP	CourtLog SOAP Request Group	1708424308455	1708424308978	522	KO
USER	DARTS - GateWay - Soap - CourtLog:POST	END	1708424308981
