RUN	DartsPortal.DartsPortalLoginSimulation	dartsportalloginsimulation	1709051031805	1	3.9.5
USER	Darts Portal Login	START	1709051032738
REQUEST	Darts Portal Login	Darts-Portal - Auth - Login	1709051032753	1709051033287	OK	 
REQUEST	Darts Portal Login	Darts-Portal - Auth - Login Redirect 1	1709051033296	1709051033719	OK	 
GROUP	Darts Portal Login	1709051032736	1709051033746	957	OK
REQUEST		B2C_1_darts_externaluser_signin - Oauth2/v2.0 - Authorize	1709051033747	1709051033900	OK	 
REQUEST		Darts-Portal - Auth - Azuread-b2c-login	1709051033909	1709051033967	OK	 
REQUEST		ruxitagentjs_ICA27NVfgjqrux_10283240117152214.js	1709051033981	1709051034085	OK	 
REQUEST		govuk-crest-white.png	1709051034087	1709051034134	OK	 
REQUEST		errors.js	1709051033982	1709051034159	OK	 
REQUEST		licence-logo.png	1709051034135	1709051034189	OK	 
REQUEST		xhr.js	1709051033983	1709051034192	OK	 
REQUEST		login.js	1709051034159	1709051034201	OK	 
REQUEST		favicon.ico	1709051033982	1709051034221	OK	 
REQUEST		login.css	1709051033983	1709051034226	OK	 
REQUEST		govuk-frontend-5.0.0.min.css	1709051033983	1709051034241	OK	 
REQUEST		B2C_1_darts_externaluser_signin - Client - Perftrace	1709051034278	1709051034378	OK	 
REQUEST		B2C_1_darts_externaluser_signin - SelfAsserted	1709051042390	1709051042803	OK	 
REQUEST		B2C_1_darts_externaluser_signin - Api - CombinedSigninAndSignup - Confirmed	1709051042806	1709051043476	OK	 
REQUEST		Darts-Portal - Auth - Callback	1709051043492	1709051044143	OK	 
REQUEST		Darts-Portal - Auth - Callback Redirect 1	1709051044144	1709051044184	OK	 
REQUEST		favicon.ico	1709051044191	1709051044228	OK	 
REQUEST		runtime.237afdb5c4480541.js	1709051044193	1709051044245	OK	 
REQUEST		polyfills.7653ce20da57ed30.js	1709051044193	1709051044260	OK	 
REQUEST		styles.7a1426df78704743.css	1709051044192	1709051044328	OK	 
REQUEST		main.afe0f898797b4606.js	1709051044194	1709051044371	OK	 
REQUEST		Darts-Portal - App - Config	1709051044371	1709051044414	OK	 
REQUEST		Darts-Portal - Auth - Is-authenticated	1709051044414	1709051044466	OK	 
REQUEST		Darts-Portal - Auth - Is-authenticated	1709051044467	1709051044515	OK	 
REQUEST		Darts-Portal - User - Profile	1709051044515	1709051044561	OK	 
REQUEST		request_10	1709051044562	1709051044624	OK	 
REQUEST		Darts-Portal - Api - Courthouses	1709051044624	1709051044704	OK	 
USER	Darts Portal Login	END	1709051044709
