RUN	DartsApi.AudioRequestPost	audiorequestpost	1707933476814	2	3.9.5
USER	Scenario 2	START	1707933477447
ERROR	DARTS - Api - AudioRequest:Post: Failed to build request: No attribute named 'bearerToken' is defined 	1707933477455
USER	Scenario 2	END	1707933477461
USER	APIToken	START	1707933477464
REQUEST		DARTS - Api - Token:GET	1707933477463	1707933478274	OK	 
USER	Scenario 2	START	1707933478429
ERROR	DARTS - Api - AudioRequest:Post: Failed to build request: No attribute named 'bearerToken' is defined 	1707933478430
USER	Scenario 2	END	1707933478431
USER	Scenario 2	START	1707933479430
ERROR	DARTS - Api - AudioRequest:Post: Failed to build request: No attribute named 'bearerToken' is defined 	1707933479430
USER	Scenario 2	END	1707933479431
USER	Scenario 2	START	1707933480450
ERROR	DARTS - Api - AudioRequest:Post: Failed to build request: No attribute named 'bearerToken' is defined 	1707933480450
USER	Scenario 2	END	1707933480451
USER	Scenario 2	START	1707933481429
ERROR	DARTS - Api - AudioRequest:Post: Failed to build request: No attribute named 'bearerToken' is defined 	1707933481430
USER	Scenario 2	END	1707933481430
USER	Scenario 2	START	1707933482440
ERROR	DARTS - Api - AudioRequest:Post: Failed to build request: No attribute named 'bearerToken' is defined 	1707933482440
USER	Scenario 2	END	1707933482441
USER	APIToken	END	1707933483327
USER	Scenario 2	START	1707933483452
ERROR	DARTS - Api - AudioRequest:Post: Failed to build request: No attribute named 'bearerToken' is defined 	1707933483453
USER	Scenario 2	END	1707933483454
USER	Scenario 2	START	1707933484433
ERROR	DARTS - Api - AudioRequest:Post: Failed to build request: No attribute named 'bearerToken' is defined 	1707933484433
USER	Scenario 2	END	1707933484434
USER	Scenario 2	START	1707933485434
ERROR	DARTS - Api - AudioRequest:Post: Failed to build request: No attribute named 'bearerToken' is defined 	1707933485435
USER	Scenario 2	END	1707933485436
USER	Scenario 2	START	1707933486443
ERROR	DARTS - Api - AudioRequest:Post: Failed to build request: No attribute named 'bearerToken' is defined 	1707933486444
USER	Scenario 2	END	1707933486444
