RUN	DartsPortal.DartsPortalLoginSimulation	dartsportalloginsimulation	1708949575997	10	3.9.5
USER	Darts Portal Login	START	1708949576888
REQUEST	Darts Portal Login	Darts-Portal - Auth - Login	1708949576902	1708949577834	OK	 
REQUEST	Darts Portal Login	Darts-Portal - Auth - Login Redirect 1	1708949577846	1708949578258	OK	 
GROUP	Darts Portal Login	1708949576886	1708949578286	1344	OK
REQUEST		B2C_1_darts_externaluser_signin - Oauth2/v2.0 - Authorize	1708949578287	1708949578455	OK	 
REQUEST		Darts-Portal - Auth - Azuread-b2c-login	1708949578468	1708949578539	OK	 
REQUEST		ruxitagentjs_ICA27NVfgjqrux_10283240117152214.js	1708949578553	1708949578656	OK	 
REQUEST		govuk-crest-white.png	1708949578658	1708949578709	OK	 
REQUEST		licence-logo.png	1708949578710	1708949578758	OK	 
REQUEST		errors.js	1708949578554	1708949578783	OK	 
REQUEST		login.css	1708949578555	1708949578796	OK	 
REQUEST		login.js	1708949578759	1708949578812	OK	 
REQUEST		xhr.js	1708949578554	1708949578813	OK	 
REQUEST		favicon.ico	1708949578554	1708949578826	OK	 
REQUEST		govuk-frontend-5.0.0.min.css	1708949578554	1708949578868	OK	 
REQUEST		B2C_1_darts_externaluser_signin - Client - Perftrace	1708949578891	1708949578891	KO	j.l.NullPointerException: Cannot invoke "java.lang.CharSequence.length()" because "seq" is null
REQUEST		B2C_1_darts_externaluser_signin - SelfAsserted	1708949586911	1708949587308	OK	 
ERROR	Darts-Portal - Auth - Callback: Failed to build request: No attribute named 'TokenCode' is defined 	1708949587310
REQUEST		Darts-Portal - App - Config	1708949587311	1708949587365	OK	 
REQUEST		Darts-Portal - Auth - Is-authenticated	1708949587312	1708949587366	OK	 
REQUEST		Darts-Portal - User - Profile	1708949587313	1708949587368	KO	status.find.in([200, 209], 304), found 401
REQUEST		Darts-Portal - Api - Courthouses	1708949587313	1708949587369	KO	status.find.in([200, 209], 304), found 401
REQUEST		request_10	1708949587313	1708949587370	KO	status.find.in([200, 209], 304), found 401
REQUEST		Darts-Portal - Auth - Is-authenticated	1708949587312	1708949587372	OK	 
REQUEST		B2C_1_darts_externaluser_signin - Api - CombinedSigninAndSignup - Confirmed	1708949587313	1708949587439	KO	css((input[name='code'],Some(value))).find.exists, found nothing
USER	Darts Portal Login	END	1708949587451
