RUN	DartsApi.AudioRequestSimulation	audiorequestsimulation	1708018615974	2	3.9.5
USER	Test1	START	1708018616780
REQUEST	TestDARTS - Api - Token:GET	DARTS - Api - Token:GET	1708018616800	1708018618238	OK	 
GROUP	TestDARTS - Api - Token:GET	1708018616781	1708018618276	1438	OK
REQUEST	Audio RequestDARTS - Api - AudioRequest:Post	DARTS - Api - AudioRequest:Post	1708018618282	1708018618544	OK	 
GROUP	Audio RequestDARTS - Api - AudioRequest:Post	1708018618278	1708018618549	262	OK
REQUEST	Audio RequestDARTS - Api - AudioRequest:Post	DARTS - Api - AudioRequest:Post	1708018618550	1708018618656	KO	status.find.is(200), but actually found 409
GROUP	Audio RequestDARTS - Api - AudioRequest:Post	1708018618550	1708018618657	106	KO
REQUEST	Audio RequestDARTS - Api - AudioRequest:Post	DARTS - Api - AudioRequest:Post	1708018618658	1708018618856	KO	status.find.is(200), but actually found 409
GROUP	Audio RequestDARTS - Api - AudioRequest:Post	1708018618657	1708018618856	198	KO
REQUEST	Audio RequestDARTS - Api - AudioRequest:Post	DARTS - Api - AudioRequest:Post	1708018618857	1708018619142	KO	status.find.is(200), but actually found 409
GROUP	Audio RequestDARTS - Api - AudioRequest:Post	1708018618857	1708018619142	285	KO
REQUEST	Audio RequestDARTS - Api - AudioRequest:Post	DARTS - Api - AudioRequest:Post	1708018619142	1708018619201	KO	status.find.is(200), but actually found 409
GROUP	Audio RequestDARTS - Api - AudioRequest:Post	1708018619142	1708018619202	59	KO
REQUEST	Audio RequestDARTS - Api - AudioRequest:Post	DARTS - Api - AudioRequest:Post	1708018619202	1708018619256	KO	status.find.is(200), but actually found 409
GROUP	Audio RequestDARTS - Api - AudioRequest:Post	1708018619202	1708018619256	54	KO
REQUEST	Audio RequestDARTS - Api - AudioRequest:Post	DARTS - Api - AudioRequest:Post	1708018619256	1708018619307	KO	status.find.is(200), but actually found 409
GROUP	Audio RequestDARTS - Api - AudioRequest:Post	1708018619256	1708018619307	51	KO
REQUEST	Audio RequestDARTS - Api - AudioRequest:Post	DARTS - Api - AudioRequest:Post	1708018619308	1708018619384	KO	status.find.is(200), but actually found 409
GROUP	Audio RequestDARTS - Api - AudioRequest:Post	1708018619308	1708018619384	76	KO
REQUEST	Audio RequestDARTS - Api - AudioRequest:Post	DARTS - Api - AudioRequest:Post	1708018619385	1708018619444	KO	status.find.is(200), but actually found 409
GROUP	Audio RequestDARTS - Api - AudioRequest:Post	1708018619384	1708018619445	59	KO
REQUEST	Audio RequestDARTS - Api - AudioRequest:Post	DARTS - Api - AudioRequest:Post	1708018619446	1708018619507	KO	status.find.is(200), but actually found 409
GROUP	Audio RequestDARTS - Api - AudioRequest:Post	1708018619445	1708018619507	61	KO
USER	Test1	END	1708018619510
