RUN	DartsApi.AudioRequestSimulation	audiorequestsimulation	1708013988562	2	3.9.5
USER	Test1	START	1708013989535
USER	Test1	START	1708013990528
USER	Test1	START	1708013991526
REQUEST	TestDARTS - Api - Token:GET	DARTS - Api - Token:GET	1708013989562	1708013991733	OK	 
GROUP	TestDARTS - Api - Token:GET	1708013989536	1708013991774	2171	OK
REQUEST	Audio RequestDARTS - Api - AudioRequest:Post	DARTS - Api - AudioRequest:Post	1708013991780	1708013991888	KO	status.find.is(403), but actually found 200
GROUP	Audio RequestDARTS - Api - AudioRequest:Post	1708013991776	1708013991890	108	KO
USER	Test1	START	1708013992536
REQUEST	TestDARTS - Api - Token:GET	DARTS - Api - Token:GET	1708013990529	1708013992564	OK	 
GROUP	TestDARTS - Api - Token:GET	1708013990528	1708013992568	2035	OK
REQUEST	Audio RequestDARTS - Api - AudioRequest:Post	DARTS - Api - AudioRequest:Post	1708013992569	1708013992731	KO	status.find.is(403), but actually found 200
GROUP	Audio RequestDARTS - Api - AudioRequest:Post	1708013992568	1708013992732	162	KO
USER	Test1	START	1708013993522
REQUEST	TestDARTS - Api - Token:GET	DARTS - Api - Token:GET	1708013991527	1708013993824	OK	 
GROUP	TestDARTS - Api - Token:GET	1708013991526	1708013993825	2297	OK
REQUEST	Audio RequestDARTS - Api - AudioRequest:Post	DARTS - Api - AudioRequest:Post	1708013993826	1708013993966	KO	status.find.is(403), but actually found 200
GROUP	Audio RequestDARTS - Api - AudioRequest:Post	1708013993825	1708013993966	140	KO
USER	Test1	START	1708013994528
REQUEST	TestDARTS - Api - Token:GET	DARTS - Api - Token:GET	1708013992539	1708013994677	OK	 
GROUP	TestDARTS - Api - Token:GET	1708013992537	1708013994679	2138	OK
REQUEST	Audio RequestDARTS - Api - AudioRequest:Post	DARTS - Api - AudioRequest:Post	1708013994679	1708013994803	KO	status.find.is(403), but actually found 200
GROUP	Audio RequestDARTS - Api - AudioRequest:Post	1708013994679	1708013994803	124	KO
USER	Test1	START	1708013995527
REQUEST	TestDARTS - Api - Token:GET	DARTS - Api - Token:GET	1708013993523	1708013995784	OK	 
GROUP	TestDARTS - Api - Token:GET	1708013993523	1708013995785	2261	OK
REQUEST	Audio RequestDARTS - Api - AudioRequest:Post	DARTS - Api - AudioRequest:Post	1708013995786	1708013995903	KO	status.find.is(403), but actually found 200
GROUP	Audio RequestDARTS - Api - AudioRequest:Post	1708013995786	1708013995904	117	KO
USER	Test1	START	1708013996527
REQUEST	TestDARTS - Api - Token:GET	DARTS - Api - Token:GET	1708013994529	1708013996602	OK	 
GROUP	TestDARTS - Api - Token:GET	1708013994529	1708013996603	2073	OK
REQUEST	Audio RequestDARTS - Api - AudioRequest:Post	DARTS - Api - AudioRequest:Post	1708013996604	1708013996733	KO	status.find.is(403), but actually found 200
GROUP	Audio RequestDARTS - Api - AudioRequest:Post	1708013996604	1708013996733	129	KO
USER	Test1	START	1708013997525
REQUEST	TestDARTS - Api - Token:GET	DARTS - Api - Token:GET	1708013995528	1708013997541	OK	 
GROUP	TestDARTS - Api - Token:GET	1708013995528	1708013997543	2013	OK
REQUEST	Audio RequestDARTS - Api - AudioRequest:Post	DARTS - Api - AudioRequest:Post	1708013997543	1708013997697	KO	status.find.is(403), but actually found 200
GROUP	Audio RequestDARTS - Api - AudioRequest:Post	1708013997543	1708013997697	154	KO
USER	Test1	START	1708013998534
REQUEST	TestDARTS - Api - Token:GET	DARTS - Api - Token:GET	1708013996528	1708013998683	OK	 
GROUP	TestDARTS - Api - Token:GET	1708013996527	1708013998684	2155	OK
REQUEST	Audio RequestDARTS - Api - AudioRequest:Post	DARTS - Api - AudioRequest:Post	1708013998685	1708013998799	KO	status.find.is(403), but actually found 409
GROUP	Audio RequestDARTS - Api - AudioRequest:Post	1708013998684	1708013998800	114	KO
REQUEST	TestDARTS - Api - Token:GET	DARTS - Api - Token:GET	1708013997525	1708013999746	OK	 
GROUP	TestDARTS - Api - Token:GET	1708013997525	1708013999747	2221	OK
REQUEST	Audio RequestDARTS - Api - AudioRequest:Post	DARTS - Api - AudioRequest:Post	1708013999748	1708013999859	KO	status.find.is(403), but actually found 200
GROUP	Audio RequestDARTS - Api - AudioRequest:Post	1708013999748	1708013999860	111	KO
REQUEST	TestDARTS - Api - Token:GET	DARTS - Api - Token:GET	1708013998535	1708014000648	OK	 
GROUP	TestDARTS - Api - Token:GET	1708013998535	1708014000649	2113	OK
REQUEST	Audio RequestDARTS - Api - AudioRequest:Post	DARTS - Api - AudioRequest:Post	1708014000650	1708014000780	KO	status.find.is(403), but actually found 409
GROUP	Audio RequestDARTS - Api - AudioRequest:Post	1708014000650	1708014000780	130	KO
USER	Test1	END	1708014000967
USER	Test1	END	1708014001807
USER	Test1	END	1708014003054
USER	Test1	END	1708014003881
USER	Test1	END	1708014005008
USER	Test1	END	1708014005799
USER	Test1	END	1708014006777
USER	Test1	END	1708014007868
USER	Test1	END	1708014008958
USER	Test1	END	1708014009858
