RUN	DartsPortal.DartsPortalLoginSimulation	dartsportalloginsimulation	1709110526290	1	3.9.5
USER	Darts Portal Login	START	1709110527739
REQUEST	Darts Portal Login	Darts-Portal - Auth - Login	1709110527751	1709110528966	OK	 
REQUEST	Darts Portal Login	Darts-Portal - Auth - Login Redirect 1	1709110528981	1709110529635	OK	 
GROUP	Darts Portal Login	1709110527738	1709110529664	1869	OK
REQUEST		B2C_1_darts_externaluser_signin - Oauth2/v2.0 - Authorize	1709110529666	1709110529881	OK	 
REQUEST		Darts-Portal - Auth - Azuread-b2c-login	1709110529890	1709110529936	OK	 
REQUEST		favicon.ico	1709110529951	1709110529996	OK	 
REQUEST		licence-logo.png	1709110529997	1709110530038	OK	 
REQUEST		login.js	1709110530038	1709110530090	OK	 
REQUEST		login.css	1709110529952	1709110530325	OK	 
REQUEST		errors.js	1709110529951	1709110530335	OK	 
REQUEST		govuk-crest-white.png	1709110529952	1709110530346	OK	 
REQUEST		govuk-frontend-5.0.0.min.css	1709110529952	1709110530364	OK	 
REQUEST		xhr.js	1709110529951	1709110530374	OK	 
REQUEST		B2C_1_darts_externaluser_signin - Client - Perftrace	1709110530384	1709110530495	OK	 
REQUEST		B2C_1_darts_externaluser_signin - SelfAsserted	1709110538508	1709110538987	OK	 
REQUEST		B2C_1_darts_externaluser_signin - Api - CombinedSigninAndSignup - Confirmed	1709110538990	1709110540107	OK	 
REQUEST		Darts-Portal - Auth - Callback	1709110540117	1709110540716	OK	 
REQUEST		Darts-Portal - Auth - Callback Redirect 1	1709110540716	1709110540754	OK	 
REQUEST		favicon.ico	1709110540758	1709110540797	OK	 
REQUEST		runtime.2f6985cb06c99aaa.js	1709110540759	1709110540798	OK	 
REQUEST		polyfills.7653ce20da57ed30.js	1709110540759	1709110540817	OK	 
REQUEST		styles.7a1426df78704743.css	1709110540759	1709110540869	OK	 
REQUEST		main.afe0f898797b4606.js	1709110540759	1709110540983	OK	 
REQUEST		Darts-Portal - App - Config	1709110540984	1709110541023	OK	 
REQUEST		Darts-Portal - Auth - Is-authenticated	1709110541024	1709110541064	OK	 
REQUEST		Darts-Portal - Auth - Is-authenticated	1709110541065	1709110541104	OK	 
REQUEST		Darts-Portal - User - Profile	1709110541104	1709110541145	OK	 
REQUEST		Darts-Portal - Api - Audio-requests - Not-accessed-count	1709110541146	1709110541212	OK	 
REQUEST		Darts-Portal - Api - Courthouses	1709110541213	1709110541315	OK	 
REQUEST	Darts Portal Logout	Darts-Portal - Auth - Logout	1709110541316	1709110541540	OK	 
REQUEST	Darts Portal Logout	Darts-Portal - Auth - Logout Redirect 1	1709110541540	1709110541672	OK	 
REQUEST	Darts Portal Logout	jquery-3.5.1.min.js?slice=001-000&dc=DB3	1709110541682	1709110541788	OK	 
REQUEST	Darts Portal Logout	Darts-Portal - Auth - Logout-callback	1709110541789	1709110541836	OK	 
REQUEST	Darts Portal Logout	Darts-Portal - Auth - Logout-callback Redirect 1	1709110541836	1709110541880	OK	 
REQUEST	Darts Portal Logout	favicon.ico	1709110541883	1709110541921	OK	 
REQUEST	Darts Portal Logout	polyfills.7653ce20da57ed30.js	1709110541884	1709110541943	OK	 
REQUEST	Darts Portal Logout	runtime.2f6985cb06c99aaa.js	1709110541883	1709110541944	OK	 
REQUEST	Darts Portal Logout	styles.7a1426df78704743.css	1709110541883	1709110541991	OK	 
REQUEST	Darts Portal Logout	main.afe0f898797b4606.js	1709110541884	1709110542056	OK	 
REQUEST	Darts Portal Logout	Darts-Portal - App - Config	1709110542057	1709110542104	OK	 
GROUP	Darts Portal Logout	1709110541316	1709110542105	774	OK
USER	Darts Portal Login	END	1709110542108
