RUN	DartsSoap.RegisterWithUsernameSOAPSimulation	registerwithusernamesoapsimulation	1709127217447	1	3.9.5
USER	DARTS - GateWay - Soap - RegisterWithUsername	START	1709127219188
REQUEST	Register With Username SOAP Request Group	DARTS - GateWay - Soap - RegisterWithUsername	1709127219214	1709127219499	KO	j.l.NullPointerException: Cannot invoke "java.lang.CharSequence.length()" because "seq" is null
GROUP	Register With Username SOAP Request Group	1709127219191	1709127219503	285	KO
REQUEST	Register With Username SOAP Request Group	DARTS - GateWay - Soap - RegisterWithUsername	1709127219506	1709127219775	KO	j.l.NullPointerException: Cannot invoke "java.lang.CharSequence.length()" because "seq" is null
GROUP	Register With Username SOAP Request Group	1709127219505	1709127219775	269	KO
REQUEST	Register With Username SOAP Request Group	DARTS - GateWay - Soap - RegisterWithUsername	1709127219777	1709127219965	KO	j.l.NullPointerException: Cannot invoke "java.lang.CharSequence.length()" because "seq" is null
GROUP	Register With Username SOAP Request Group	1709127219776	1709127219965	188	KO
REQUEST	Register With Username SOAP Request Group	DARTS - GateWay - Soap - RegisterWithUsername	1709127219967	1709127221307	KO	j.l.NullPointerException: Cannot invoke "java.lang.CharSequence.length()" because "seq" is null
GROUP	Register With Username SOAP Request Group	1709127219966	1709127221307	1340	KO
REQUEST	Register With Username SOAP Request Group	DARTS - GateWay - Soap - RegisterWithUsername	1709127221308	1709127221669	KO	j.l.NullPointerException: Cannot invoke "java.lang.CharSequence.length()" because "seq" is null
GROUP	Register With Username SOAP Request Group	1709127221308	1709127221669	361	KO
REQUEST	Register With Username SOAP Request Group	DARTS - GateWay - Soap - RegisterWithUsername	1709127221671	1709127221945	KO	j.l.NullPointerException: Cannot invoke "java.lang.CharSequence.length()" because "seq" is null
GROUP	Register With Username SOAP Request Group	1709127221670	1709127221945	274	KO
REQUEST	Register With Username SOAP Request Group	DARTS - GateWay - Soap - RegisterWithUsername	1709127221947	1709127222217	KO	j.l.NullPointerException: Cannot invoke "java.lang.CharSequence.length()" because "seq" is null
GROUP	Register With Username SOAP Request Group	1709127221946	1709127222217	270	KO
REQUEST	Register With Username SOAP Request Group	DARTS - GateWay - Soap - RegisterWithUsername	1709127222219	1709127222483	KO	j.l.NullPointerException: Cannot invoke "java.lang.CharSequence.length()" because "seq" is null
GROUP	Register With Username SOAP Request Group	1709127222218	1709127222483	264	KO
REQUEST	Register With Username SOAP Request Group	DARTS - GateWay - Soap - RegisterWithUsername	1709127222484	1709127222743	KO	j.l.NullPointerException: Cannot invoke "java.lang.CharSequence.length()" because "seq" is null
GROUP	Register With Username SOAP Request Group	1709127222483	1709127222743	259	KO
REQUEST	Register With Username SOAP Request Group	DARTS - GateWay - Soap - RegisterWithUsername	1709127222745	1709127223022	KO	j.l.NullPointerException: Cannot invoke "java.lang.CharSequence.length()" because "seq" is null
GROUP	Register With Username SOAP Request Group	1709127222744	1709127223022	277	KO
USER	DARTS - GateWay - Soap - RegisterWithUsername	END	1709127223026
