RUN	DartsApi.AudioGETPreviewSimulation	audiogetpreviewsimulation	1708505859000	0	3.9.5
USER	Audio Requests:GET Preview	START	1708505859502
REQUEST	B2C_1_Ropc_Darts_Signin - TokenDARTS - Api - B2C - Oauth2 - Token:GET	DARTS - Api - Token:GET	1708505859501	1708505860743	OK	 
GROUP	B2C_1_Ropc_Darts_Signin - TokenDARTS - Api - B2C - Oauth2 - Token:GET	1708505859481	1708505860779	1242	OK
REQUEST	Audio Get Preview	DARTS - Api - Audio:GET Preview	1708505860784	1708505861306	KO	status.find.is(200), but actually found 405
GROUP	Audio Get Preview	1708505860781	1708505861308	522	KO
REQUEST	Audio Get Preview	DARTS - Api - Audio:GET Preview	1708505861310	1708505861347	KO	status.find.is(200), but actually found 405
GROUP	Audio Get Preview	1708505861308	1708505861348	37	KO
REQUEST	Audio Get Preview	DARTS - Api - Audio:GET Preview	1708505861349	1708505861388	KO	status.find.is(200), but actually found 405
GROUP	Audio Get Preview	1708505861348	1708505861388	39	KO
REQUEST	Audio Get Preview	DARTS - Api - Audio:GET Preview	1708505861389	1708505861422	KO	status.find.is(200), but actually found 405
GROUP	Audio Get Preview	1708505861388	1708505861422	33	KO
REQUEST	Audio Get Preview	DARTS - Api - Audio:GET Preview	1708505861423	1708505861454	KO	status.find.is(200), but actually found 405
GROUP	Audio Get Preview	1708505861423	1708505861454	31	KO
REQUEST	Audio Get Preview	DARTS - Api - Audio:GET Preview	1708505861456	1708505861487	KO	status.find.is(200), but actually found 405
GROUP	Audio Get Preview	1708505861455	1708505861488	31	KO
REQUEST	Audio Get Preview	DARTS - Api - Audio:GET Preview	1708505861490	1708505861521	KO	status.find.is(200), but actually found 405
GROUP	Audio Get Preview	1708505861489	1708505861522	31	KO
REQUEST	Audio Get Preview	DARTS - Api - Audio:GET Preview	1708505861523	1708505861556	KO	status.find.is(200), but actually found 405
GROUP	Audio Get Preview	1708505861522	1708505861556	33	KO
REQUEST	Audio Get Preview	DARTS - Api - Audio:GET Preview	1708505861559	1708505861594	KO	status.find.is(200), but actually found 405
GROUP	Audio Get Preview	1708505861557	1708505861595	35	KO
REQUEST	Audio Get Preview	DARTS - Api - Audio:GET Preview	1708505861597	1708505861626	KO	status.find.is(200), but actually found 405
GROUP	Audio Get Preview	1708505861596	1708505861627	29	KO
USER	Audio Requests:GET Preview	END	1708505861629
