RUN	DartsApi.AudioRequestSimulation	audiorequestsimulation	1708013792099	2	3.9.5
USER	Test1	START	1708013793425
USER	Test1	START	1708013794422
USER	Test1	START	1708013795424
USER	Test1	START	1708013796434
REQUEST	TestDARTS - Api - Token:GET	DARTS - Api - Token:GET	1708013793442	1708013797172	OK	 
GROUP	TestDARTS - Api - Token:GET	1708013793427	1708013797213	3730	OK
USER	Test1	START	1708013797417
REQUEST	TestDARTS - Api - Token:GET	DARTS - Api - Token:GET	1708013794422	1708013797885	OK	 
GROUP	TestDARTS - Api - Token:GET	1708013794422	1708013797886	3463	OK
REQUEST	Audio RequestDARTS - Api - AudioRequest:Post	DARTS - Api - AudioRequest:Post	1708013797887	1708013798040	KO	status.find.is(403), but actually found 409
GROUP	Audio RequestDARTS - Api - AudioRequest:Post	1708013797886	1708013798044	153	KO
REQUEST	Audio RequestDARTS - Api - AudioRequest:Post	DARTS - Api - AudioRequest:Post	1708013797224	1708013798053	KO	status.find.is(403), but actually found 200
GROUP	Audio RequestDARTS - Api - AudioRequest:Post	1708013797216	1708013798053	829	KO
REQUEST	Audio RequestDARTS - Api - AudioRequest:Post	DARTS - Api - AudioRequest:Post	1708013798224	1708013798270	KO	status.find.is(403), but actually found 409
GROUP	Audio RequestDARTS - Api - AudioRequest:Post	1708013798223	1708013798270	46	KO
USER	Test1	START	1708013798423
REQUEST	TestDARTS - Api - Token:GET	DARTS - Api - Token:GET	1708013796435	1708013798685	OK	 
GROUP	TestDARTS - Api - Token:GET	1708013796435	1708013798686	2250	OK
REQUEST	Audio RequestDARTS - Api - AudioRequest:Post	DARTS - Api - AudioRequest:Post	1708013798687	1708013798856	KO	status.find.is(403), but actually found 200
GROUP	Audio RequestDARTS - Api - AudioRequest:Post	1708013798686	1708013798857	169	KO
REQUEST	Audio RequestDARTS - Api - AudioRequest:Post	DARTS - Api - AudioRequest:Post	1708013798902	1708013798952	KO	status.find.is(403), but actually found 409
GROUP	Audio RequestDARTS - Api - AudioRequest:Post	1708013798901	1708013798953	50	KO
REQUEST	TestDARTS - Api - Token:GET	DARTS - Api - Token:GET	1708013795425	1708013799001	OK	 
GROUP	TestDARTS - Api - Token:GET	1708013795424	1708013799002	3576	OK
REQUEST	Audio RequestDARTS - Api - AudioRequest:Post	DARTS - Api - AudioRequest:Post	1708013799003	1708013799153	KO	status.find.is(403), but actually found 200
GROUP	Audio RequestDARTS - Api - AudioRequest:Post	1708013799003	1708013799153	150	KO
REQUEST	Audio RequestDARTS - Api - AudioRequest:Post	DARTS - Api - AudioRequest:Post	1708013799239	1708013799300	KO	status.find.is(403), but actually found 409
GROUP	Audio RequestDARTS - Api - AudioRequest:Post	1708013799238	1708013799300	61	KO
USER	Test1	START	1708013799423
REQUEST	TestDARTS - Api - Token:GET	DARTS - Api - Token:GET	1708013797417	1708013799558	OK	 
GROUP	TestDARTS - Api - Token:GET	1708013797417	1708013799559	2141	OK
REQUEST	Audio RequestDARTS - Api - AudioRequest:Post	DARTS - Api - AudioRequest:Post	1708013799559	1708013799742	KO	status.find.is(403), but actually found 200
GROUP	Audio RequestDARTS - Api - AudioRequest:Post	1708013799559	1708013799742	183	KO
REQUEST	Audio RequestDARTS - Api - AudioRequest:Post	DARTS - Api - AudioRequest:Post	1708013799702	1708013799766	KO	status.find.is(403), but actually found 409
GROUP	Audio RequestDARTS - Api - AudioRequest:Post	1708013799702	1708013799766	64	KO
REQUEST	Audio RequestDARTS - Api - AudioRequest:Post	DARTS - Api - AudioRequest:Post	1708013799903	1708013799974	KO	status.find.is(403), but actually found 409
GROUP	Audio RequestDARTS - Api - AudioRequest:Post	1708013799903	1708013799975	71	KO
REQUEST	Audio RequestDARTS - Api - AudioRequest:Post	DARTS - Api - AudioRequest:Post	1708013800013	1708013800120	KO	status.find.is(403), but actually found 409
GROUP	Audio RequestDARTS - Api - AudioRequest:Post	1708013800013	1708013800120	107	KO
REQUEST	Audio RequestDARTS - Api - AudioRequest:Post	DARTS - Api - AudioRequest:Post	1708013800252	1708013800315	KO	status.find.is(403), but actually found 409
GROUP	Audio RequestDARTS - Api - AudioRequest:Post	1708013800251	1708013800316	63	KO
USER	Test1	START	1708013800438
REQUEST	Audio RequestDARTS - Api - AudioRequest:Post	DARTS - Api - AudioRequest:Post	1708013800562	1708013800608	KO	status.find.is(403), but actually found 409
GROUP	Audio RequestDARTS - Api - AudioRequest:Post	1708013800562	1708013800608	46	KO
REQUEST	Audio RequestDARTS - Api - AudioRequest:Post	DARTS - Api - AudioRequest:Post	1708013800716	1708013800798	KO	status.find.is(403), but actually found 409
GROUP	Audio RequestDARTS - Api - AudioRequest:Post	1708013800716	1708013800799	82	KO
REQUEST	Audio RequestDARTS - Api - AudioRequest:Post	DARTS - Api - AudioRequest:Post	1708013800905	1708013800959	KO	status.find.is(403), but actually found 409
GROUP	Audio RequestDARTS - Api - AudioRequest:Post	1708013800904	1708013800959	54	KO
REQUEST	Audio RequestDARTS - Api - AudioRequest:Post	DARTS - Api - AudioRequest:Post	1708013801028	1708013801104	KO	status.find.is(403), but actually found 409
GROUP	Audio RequestDARTS - Api - AudioRequest:Post	1708013801027	1708013801104	76	KO
REQUEST	Audio RequestDARTS - Api - AudioRequest:Post	DARTS - Api - AudioRequest:Post	1708013801257	1708013801305	KO	status.find.is(403), but actually found 409
GROUP	Audio RequestDARTS - Api - AudioRequest:Post	1708013801256	1708013801306	48	KO
USER	Test1	START	1708013801413
REQUEST	TestDARTS - Api - Token:GET	DARTS - Api - Token:GET	1708013799424	1708013801517	OK	 
GROUP	TestDARTS - Api - Token:GET	1708013799423	1708013801519	2093	OK
REQUEST	Audio RequestDARTS - Api - AudioRequest:Post	DARTS - Api - AudioRequest:Post	1708013801570	1708013801629	KO	status.find.is(403), but actually found 409
GROUP	Audio RequestDARTS - Api - AudioRequest:Post	1708013801569	1708013801630	59	KO
REQUEST	Audio RequestDARTS - Api - AudioRequest:Post	DARTS - Api - AudioRequest:Post	1708013801519	1708013801659	KO	status.find.is(403), but actually found 200
GROUP	Audio RequestDARTS - Api - AudioRequest:Post	1708013801519	1708013801660	140	KO
REQUEST	TestDARTS - Api - Token:GET	DARTS - Api - Token:GET	1708013798424	1708013801659	OK	 
GROUP	TestDARTS - Api - Token:GET	1708013798424	1708013801661	3235	OK
REQUEST	Audio RequestDARTS - Api - AudioRequest:Post	DARTS - Api - AudioRequest:Post	1708013801725	1708013801787	KO	status.find.is(403), but actually found 409
GROUP	Audio RequestDARTS - Api - AudioRequest:Post	1708013801724	1708013801787	62	KO
REQUEST	Audio RequestDARTS - Api - AudioRequest:Post	DARTS - Api - AudioRequest:Post	1708013801662	1708013801835	KO	status.find.is(403), but actually found 200
GROUP	Audio RequestDARTS - Api - AudioRequest:Post	1708013801661	1708013801835	173	KO
REQUEST	Audio RequestDARTS - Api - AudioRequest:Post	DARTS - Api - AudioRequest:Post	1708013801910	1708013801948	KO	status.find.is(403), but actually found 409
GROUP	Audio RequestDARTS - Api - AudioRequest:Post	1708013801910	1708013801948	38	KO
REQUEST	Audio RequestDARTS - Api - AudioRequest:Post	DARTS - Api - AudioRequest:Post	1708013802036	1708013802100	KO	status.find.is(403), but actually found 409
GROUP	Audio RequestDARTS - Api - AudioRequest:Post	1708013802036	1708013802100	64	KO
REQUEST	Audio RequestDARTS - Api - AudioRequest:Post	DARTS - Api - AudioRequest:Post	1708013802269	1708013802311	KO	status.find.is(403), but actually found 409
GROUP	Audio RequestDARTS - Api - AudioRequest:Post	1708013802269	1708013802311	42	KO
USER	Test1	START	1708013802424
REQUEST	Audio RequestDARTS - Api - AudioRequest:Post	DARTS - Api - AudioRequest:Post	1708013802531	1708013802576	KO	status.find.is(403), but actually found 409
GROUP	Audio RequestDARTS - Api - AudioRequest:Post	1708013802531	1708013802577	45	KO
REQUEST	Audio RequestDARTS - Api - AudioRequest:Post	DARTS - Api - AudioRequest:Post	1708013802578	1708013802633	KO	status.find.is(403), but actually found 409
GROUP	Audio RequestDARTS - Api - AudioRequest:Post	1708013802578	1708013802633	55	KO
REQUEST	Audio RequestDARTS - Api - AudioRequest:Post	DARTS - Api - AudioRequest:Post	1708013802669	1708013802706	KO	status.find.is(403), but actually found 409
GROUP	Audio RequestDARTS - Api - AudioRequest:Post	1708013802669	1708013802706	37	KO
REQUEST	TestDARTS - Api - Token:GET	DARTS - Api - Token:GET	1708013800438	1708013802733	OK	 
GROUP	TestDARTS - Api - Token:GET	1708013800438	1708013802734	2295	OK
REQUEST	Audio RequestDARTS - Api - AudioRequest:Post	DARTS - Api - AudioRequest:Post	1708013802731	1708013802788	KO	status.find.is(403), but actually found 409
GROUP	Audio RequestDARTS - Api - AudioRequest:Post	1708013802731	1708013802789	57	KO
REQUEST	Audio RequestDARTS - Api - AudioRequest:Post	DARTS - Api - AudioRequest:Post	1708013802735	1708013802855	KO	status.find.is(403), but actually found 409
GROUP	Audio RequestDARTS - Api - AudioRequest:Post	1708013802734	1708013802855	120	KO
REQUEST	Audio RequestDARTS - Api - AudioRequest:Post	DARTS - Api - AudioRequest:Post	1708013802916	1708013802972	KO	status.find.is(403), but actually found 409
GROUP	Audio RequestDARTS - Api - AudioRequest:Post	1708013802916	1708013802972	56	KO
REQUEST	Audio RequestDARTS - Api - AudioRequest:Post	DARTS - Api - AudioRequest:Post	1708013803042	1708013803089	KO	status.find.is(403), but actually found 409
GROUP	Audio RequestDARTS - Api - AudioRequest:Post	1708013803041	1708013803089	47	KO
REQUEST	Audio RequestDARTS - Api - AudioRequest:Post	DARTS - Api - AudioRequest:Post	1708013803277	1708013803337	KO	status.find.is(403), but actually found 409
GROUP	Audio RequestDARTS - Api - AudioRequest:Post	1708013803276	1708013803337	60	KO
USER	Test1	START	1708013803415
REQUEST	TestDARTS - Api - Token:GET	DARTS - Api - Token:GET	1708013801414	1708013803512	OK	 
GROUP	TestDARTS - Api - Token:GET	1708013801414	1708013803513	2098	OK
REQUEST	Audio RequestDARTS - Api - AudioRequest:Post	DARTS - Api - AudioRequest:Post	1708013803539	1708013803587	KO	status.find.is(403), but actually found 409
GROUP	Audio RequestDARTS - Api - AudioRequest:Post	1708013803538	1708013803587	48	KO
REQUEST	Audio RequestDARTS - Api - AudioRequest:Post	DARTS - Api - AudioRequest:Post	1708013803514	1708013803627	KO	status.find.is(403), but actually found 200
GROUP	Audio RequestDARTS - Api - AudioRequest:Post	1708013803514	1708013803627	113	KO
REQUEST	Audio RequestDARTS - Api - AudioRequest:Post	DARTS - Api - AudioRequest:Post	1708013803586	1708013803647	KO	status.find.is(403), but actually found 409
GROUP	Audio RequestDARTS - Api - AudioRequest:Post	1708013803585	1708013803647	61	KO
REQUEST	Audio RequestDARTS - Api - AudioRequest:Post	DARTS - Api - AudioRequest:Post	1708013803677	1708013803715	KO	status.find.is(403), but actually found 409
GROUP	Audio RequestDARTS - Api - AudioRequest:Post	1708013803676	1708013803716	38	KO
REQUEST	Audio RequestDARTS - Api - AudioRequest:Post	DARTS - Api - AudioRequest:Post	1708013803738	1708013803782	KO	status.find.is(403), but actually found 409
GROUP	Audio RequestDARTS - Api - AudioRequest:Post	1708013803737	1708013803782	44	KO
REQUEST	Audio RequestDARTS - Api - AudioRequest:Post	DARTS - Api - AudioRequest:Post	1708013803738	1708013803790	KO	status.find.is(403), but actually found 409
GROUP	Audio RequestDARTS - Api - AudioRequest:Post	1708013803737	1708013803790	52	KO
REQUEST	Audio RequestDARTS - Api - AudioRequest:Post	DARTS - Api - AudioRequest:Post	1708013803922	1708013803989	KO	status.find.is(403), but actually found 409
GROUP	Audio RequestDARTS - Api - AudioRequest:Post	1708013803921	1708013803989	67	KO
REQUEST	Audio RequestDARTS - Api - AudioRequest:Post	DARTS - Api - AudioRequest:Post	1708013804046	1708013804089	KO	status.find.is(403), but actually found 409
GROUP	Audio RequestDARTS - Api - AudioRequest:Post	1708013804045	1708013804090	43	KO
REQUEST	Audio RequestDARTS - Api - AudioRequest:Post	DARTS - Api - AudioRequest:Post	1708013804289	1708013804351	KO	status.find.is(403), but actually found 409
GROUP	Audio RequestDARTS - Api - AudioRequest:Post	1708013804289	1708013804352	62	KO
USER	Test1	START	1708013804425
REQUEST	Audio RequestDARTS - Api - AudioRequest:Post	DARTS - Api - AudioRequest:Post	1708013804519	1708013804560	KO	status.find.is(403), but actually found 409
GROUP	Audio RequestDARTS - Api - AudioRequest:Post	1708013804519	1708013804560	41	KO
REQUEST	Audio RequestDARTS - Api - AudioRequest:Post	DARTS - Api - AudioRequest:Post	1708013804550	1708013804590	KO	status.find.is(403), but actually found 409
GROUP	Audio RequestDARTS - Api - AudioRequest:Post	1708013804549	1708013804591	40	KO
REQUEST	TestDARTS - Api - Token:GET	DARTS - Api - Token:GET	1708013802425	1708013804630	OK	 
GROUP	TestDARTS - Api - Token:GET	1708013802424	1708013804632	2205	OK
REQUEST	Audio RequestDARTS - Api - AudioRequest:Post	DARTS - Api - AudioRequest:Post	1708013804596	1708013804633	KO	status.find.is(403), but actually found 409
GROUP	Audio RequestDARTS - Api - AudioRequest:Post	1708013804595	1708013804634	37	KO
REQUEST	Audio RequestDARTS - Api - AudioRequest:Post	DARTS - Api - AudioRequest:Post	1708013804687	1708013804725	KO	status.find.is(403), but actually found 409
GROUP	Audio RequestDARTS - Api - AudioRequest:Post	1708013804686	1708013804726	38	KO
REQUEST	Audio RequestDARTS - Api - AudioRequest:Post	DARTS - Api - AudioRequest:Post	1708013804633	1708013804764	KO	status.find.is(403), but actually found 200
GROUP	Audio RequestDARTS - Api - AudioRequest:Post	1708013804632	1708013804765	131	KO
REQUEST	Audio RequestDARTS - Api - AudioRequest:Post	DARTS - Api - AudioRequest:Post	1708013804747	1708013804785	KO	status.find.is(403), but actually found 409
GROUP	Audio RequestDARTS - Api - AudioRequest:Post	1708013804747	1708013804785	38	KO
REQUEST	Audio RequestDARTS - Api - AudioRequest:Post	DARTS - Api - AudioRequest:Post	1708013804747	1708013804786	KO	status.find.is(403), but actually found 409
GROUP	Audio RequestDARTS - Api - AudioRequest:Post	1708013804747	1708013804786	39	KO
REQUEST	Audio RequestDARTS - Api - AudioRequest:Post	DARTS - Api - AudioRequest:Post	1708013804932	1708013804978	KO	status.find.is(403), but actually found 409
GROUP	Audio RequestDARTS - Api - AudioRequest:Post	1708013804932	1708013804978	46	KO
REQUEST	Audio RequestDARTS - Api - AudioRequest:Post	DARTS - Api - AudioRequest:Post	1708013805055	1708013805104	KO	status.find.is(403), but actually found 409
GROUP	Audio RequestDARTS - Api - AudioRequest:Post	1708013805055	1708013805104	49	KO
REQUEST	Audio RequestDARTS - Api - AudioRequest:Post	DARTS - Api - AudioRequest:Post	1708013805303	1708013805349	KO	status.find.is(403), but actually found 409
GROUP	Audio RequestDARTS - Api - AudioRequest:Post	1708013805303	1708013805349	46	KO
USER	Test1	START	1708013805428
REQUEST	Audio RequestDARTS - Api - AudioRequest:Post	DARTS - Api - AudioRequest:Post	1708013805524	1708013805582	KO	status.find.is(403), but actually found 409
GROUP	Audio RequestDARTS - Api - AudioRequest:Post	1708013805524	1708013805582	58	KO
REQUEST	Audio RequestDARTS - Api - AudioRequest:Post	DARTS - Api - AudioRequest:Post	1708013805556	1708013805616	KO	status.find.is(403), but actually found 409
GROUP	Audio RequestDARTS - Api - AudioRequest:Post	1708013805556	1708013805617	60	KO
REQUEST	Audio RequestDARTS - Api - AudioRequest:Post	DARTS - Api - AudioRequest:Post	1708013805602	1708013805642	KO	status.find.is(403), but actually found 409
GROUP	Audio RequestDARTS - Api - AudioRequest:Post	1708013805602	1708013805642	40	KO
REQUEST	Audio RequestDARTS - Api - AudioRequest:Post	DARTS - Api - AudioRequest:Post	1708013805634	1708013805684	KO	status.find.is(403), but actually found 409
GROUP	Audio RequestDARTS - Api - AudioRequest:Post	1708013805634	1708013805684	50	KO
REQUEST	TestDARTS - Api - Token:GET	DARTS - Api - Token:GET	1708013803415	1708013805685	OK	 
GROUP	TestDARTS - Api - Token:GET	1708013803415	1708013805687	2270	OK
REQUEST	Audio RequestDARTS - Api - AudioRequest:Post	DARTS - Api - AudioRequest:Post	1708013805698	1708013805740	KO	status.find.is(403), but actually found 409
GROUP	Audio RequestDARTS - Api - AudioRequest:Post	1708013805698	1708013805740	42	KO
REQUEST	Audio RequestDARTS - Api - AudioRequest:Post	DARTS - Api - AudioRequest:Post	1708013805759	1708013805803	KO	status.find.is(403), but actually found 409
REQUEST	Audio RequestDARTS - Api - AudioRequest:Post	DARTS - Api - AudioRequest:Post	1708013805759	1708013805803	KO	status.find.is(403), but actually found 409
GROUP	Audio RequestDARTS - Api - AudioRequest:Post	1708013805759	1708013805803	44	KO
GROUP	Audio RequestDARTS - Api - AudioRequest:Post	1708013805759	1708013805803	44	KO
REQUEST	Audio RequestDARTS - Api - AudioRequest:Post	DARTS - Api - AudioRequest:Post	1708013805687	1708013805805	KO	status.find.is(403), but actually found 409
GROUP	Audio RequestDARTS - Api - AudioRequest:Post	1708013805687	1708013805806	118	KO
REQUEST	Audio RequestDARTS - Api - AudioRequest:Post	DARTS - Api - AudioRequest:Post	1708013805943	1708013806024	KO	status.find.is(403), but actually found 409
GROUP	Audio RequestDARTS - Api - AudioRequest:Post	1708013805942	1708013806024	81	KO
REQUEST	Audio RequestDARTS - Api - AudioRequest:Post	DARTS - Api - AudioRequest:Post	1708013806068	1708013806106	KO	status.find.is(403), but actually found 409
GROUP	Audio RequestDARTS - Api - AudioRequest:Post	1708013806068	1708013806106	38	KO
REQUEST	Audio RequestDARTS - Api - AudioRequest:Post	DARTS - Api - AudioRequest:Post	1708013806318	1708013806380	KO	status.find.is(403), but actually found 409
GROUP	Audio RequestDARTS - Api - AudioRequest:Post	1708013806318	1708013806380	62	KO
USER	Test1	END	1708013806382
USER	Test1	START	1708013806427
REQUEST	TestDARTS - Api - Token:GET	DARTS - Api - Token:GET	1708013804426	1708013806522	OK	 
GROUP	TestDARTS - Api - Token:GET	1708013804426	1708013806523	2096	OK
REQUEST	Audio RequestDARTS - Api - AudioRequest:Post	DARTS - Api - AudioRequest:Post	1708013806536	1708013806572	KO	status.find.is(403), but actually found 409
GROUP	Audio RequestDARTS - Api - AudioRequest:Post	1708013806536	1708013806573	36	KO
REQUEST	Audio RequestDARTS - Api - AudioRequest:Post	DARTS - Api - AudioRequest:Post	1708013806567	1708013806610	KO	status.find.is(403), but actually found 409
GROUP	Audio RequestDARTS - Api - AudioRequest:Post	1708013806567	1708013806610	43	KO
REQUEST	Audio RequestDARTS - Api - AudioRequest:Post	DARTS - Api - AudioRequest:Post	1708013806612	1708013806659	KO	status.find.is(403), but actually found 409
REQUEST	Audio RequestDARTS - Api - AudioRequest:Post	DARTS - Api - AudioRequest:Post	1708013806524	1708013806659	KO	status.find.is(403), but actually found 200
GROUP	Audio RequestDARTS - Api - AudioRequest:Post	1708013806612	1708013806660	47	KO
GROUP	Audio RequestDARTS - Api - AudioRequest:Post	1708013806523	1708013806660	135	KO
REQUEST	Audio RequestDARTS - Api - AudioRequest:Post	DARTS - Api - AudioRequest:Post	1708013806642	1708013806701	KO	status.find.is(403), but actually found 409
GROUP	Audio RequestDARTS - Api - AudioRequest:Post	1708013806642	1708013806701	59	KO
REQUEST	Audio RequestDARTS - Api - AudioRequest:Post	DARTS - Api - AudioRequest:Post	1708013806689	1708013806725	KO	status.find.is(403), but actually found 409
GROUP	Audio RequestDARTS - Api - AudioRequest:Post	1708013806689	1708013806725	36	KO
REQUEST	Audio RequestDARTS - Api - AudioRequest:Post	DARTS - Api - AudioRequest:Post	1708013806705	1708013806754	KO	status.find.is(403), but actually found 409
GROUP	Audio RequestDARTS - Api - AudioRequest:Post	1708013806705	1708013806755	49	KO
REQUEST	Audio RequestDARTS - Api - AudioRequest:Post	DARTS - Api - AudioRequest:Post	1708013806769	1708013806808	KO	status.find.is(403), but actually found 409
GROUP	Audio RequestDARTS - Api - AudioRequest:Post	1708013806769	1708013806809	39	KO
REQUEST	Audio RequestDARTS - Api - AudioRequest:Post	DARTS - Api - AudioRequest:Post	1708013806769	1708013806813	KO	status.find.is(403), but actually found 409
GROUP	Audio RequestDARTS - Api - AudioRequest:Post	1708013806769	1708013806814	44	KO
REQUEST	Audio RequestDARTS - Api - AudioRequest:Post	DARTS - Api - AudioRequest:Post	1708013806953	1708013806992	KO	status.find.is(403), but actually found 409
GROUP	Audio RequestDARTS - Api - AudioRequest:Post	1708013806953	1708013806992	39	KO
USER	Test1	END	1708013806993
REQUEST	Audio RequestDARTS - Api - AudioRequest:Post	DARTS - Api - AudioRequest:Post	1708013807077	1708013807191	KO	status.find.is(403), but actually found 409
GROUP	Audio RequestDARTS - Api - AudioRequest:Post	1708013807076	1708013807191	114	KO
USER	Test1	START	1708013807418
REQUEST	Audio RequestDARTS - Api - AudioRequest:Post	DARTS - Api - AudioRequest:Post	1708013807528	1708013807565	KO	status.find.is(403), but actually found 409
GROUP	Audio RequestDARTS - Api - AudioRequest:Post	1708013807528	1708013807565	37	KO
REQUEST	Audio RequestDARTS - Api - AudioRequest:Post	DARTS - Api - AudioRequest:Post	1708013807544	1708013807591	KO	status.find.is(403), but actually found 409
GROUP	Audio RequestDARTS - Api - AudioRequest:Post	1708013807543	1708013807591	47	KO
REQUEST	Audio RequestDARTS - Api - AudioRequest:Post	DARTS - Api - AudioRequest:Post	1708013807573	1708013807613	KO	status.find.is(403), but actually found 409
GROUP	Audio RequestDARTS - Api - AudioRequest:Post	1708013807573	1708013807613	40	KO
REQUEST	Audio RequestDARTS - Api - AudioRequest:Post	DARTS - Api - AudioRequest:Post	1708013807620	1708013807657	KO	status.find.is(403), but actually found 409
GROUP	Audio RequestDARTS - Api - AudioRequest:Post	1708013807620	1708013807658	37	KO
REQUEST	Audio RequestDARTS - Api - AudioRequest:Post	DARTS - Api - AudioRequest:Post	1708013807651	1708013807693	KO	status.find.is(403), but actually found 409
GROUP	Audio RequestDARTS - Api - AudioRequest:Post	1708013807650	1708013807693	42	KO
REQUEST	TestDARTS - Api - Token:GET	DARTS - Api - Token:GET	1708013805429	1708013807698	OK	 
GROUP	TestDARTS - Api - Token:GET	1708013805428	1708013807699	2269	OK
REQUEST	Audio RequestDARTS - Api - AudioRequest:Post	DARTS - Api - AudioRequest:Post	1708013807698	1708013807745	KO	status.find.is(403), but actually found 409
GROUP	Audio RequestDARTS - Api - AudioRequest:Post	1708013807697	1708013807746	47	KO
REQUEST	Audio RequestDARTS - Api - AudioRequest:Post	DARTS - Api - AudioRequest:Post	1708013807713	1708013807761	KO	status.find.is(403), but actually found 409
GROUP	Audio RequestDARTS - Api - AudioRequest:Post	1708013807713	1708013807761	48	KO
REQUEST	Audio RequestDARTS - Api - AudioRequest:Post	DARTS - Api - AudioRequest:Post	1708013807774	1708013807823	KO	status.find.is(403), but actually found 409
GROUP	Audio RequestDARTS - Api - AudioRequest:Post	1708013807774	1708013807823	49	KO
REQUEST	Audio RequestDARTS - Api - AudioRequest:Post	DARTS - Api - AudioRequest:Post	1708013807774	1708013807825	KO	status.find.is(403), but actually found 409
GROUP	Audio RequestDARTS - Api - AudioRequest:Post	1708013807774	1708013807825	51	KO
USER	Test1	END	1708013807826
REQUEST	Audio RequestDARTS - Api - AudioRequest:Post	DARTS - Api - AudioRequest:Post	1708013807700	1708013807851	KO	status.find.is(403), but actually found 200
GROUP	Audio RequestDARTS - Api - AudioRequest:Post	1708013807699	1708013807852	151	KO
REQUEST	Audio RequestDARTS - Api - AudioRequest:Post	DARTS - Api - AudioRequest:Post	1708013808086	1708013808122	KO	status.find.is(403), but actually found 409
GROUP	Audio RequestDARTS - Api - AudioRequest:Post	1708013808085	1708013808122	36	KO
USER	Test1	END	1708013808124
USER	Test1	START	1708013808415
REQUEST	Audio RequestDARTS - Api - AudioRequest:Post	DARTS - Api - AudioRequest:Post	1708013808543	1708013808588	KO	status.find.is(403), but actually found 409
GROUP	Audio RequestDARTS - Api - AudioRequest:Post	1708013808542	1708013808589	45	KO
REQUEST	TestDARTS - Api - Token:GET	DARTS - Api - Token:GET	1708013806428	1708013808588	OK	 
GROUP	TestDARTS - Api - Token:GET	1708013806427	1708013808590	2160	OK
REQUEST	Audio RequestDARTS - Api - AudioRequest:Post	DARTS - Api - AudioRequest:Post	1708013808557	1708013808603	KO	status.find.is(403), but actually found 409
GROUP	Audio RequestDARTS - Api - AudioRequest:Post	1708013808557	1708013808603	46	KO
REQUEST	Audio RequestDARTS - Api - AudioRequest:Post	DARTS - Api - AudioRequest:Post	1708013808588	1708013808633	KO	status.find.is(403), but actually found 409
GROUP	Audio RequestDARTS - Api - AudioRequest:Post	1708013808587	1708013808633	45	KO
REQUEST	Audio RequestDARTS - Api - AudioRequest:Post	DARTS - Api - AudioRequest:Post	1708013808633	1708013808681	KO	status.find.is(403), but actually found 409
GROUP	Audio RequestDARTS - Api - AudioRequest:Post	1708013808632	1708013808681	48	KO
USER	Test1	END	1708013808682
REQUEST	Audio RequestDARTS - Api - AudioRequest:Post	DARTS - Api - AudioRequest:Post	1708013808590	1708013808699	KO	status.find.is(403), but actually found 409
GROUP	Audio RequestDARTS - Api - AudioRequest:Post	1708013808590	1708013808699	109	KO
REQUEST	Audio RequestDARTS - Api - AudioRequest:Post	DARTS - Api - AudioRequest:Post	1708013808663	1708013808705	KO	status.find.is(403), but actually found 409
GROUP	Audio RequestDARTS - Api - AudioRequest:Post	1708013808662	1708013808705	42	KO
REQUEST	Audio RequestDARTS - Api - AudioRequest:Post	DARTS - Api - AudioRequest:Post	1708013808709	1708013808746	KO	status.find.is(403), but actually found 409
GROUP	Audio RequestDARTS - Api - AudioRequest:Post	1708013808708	1708013808746	37	KO
REQUEST	Audio RequestDARTS - Api - AudioRequest:Post	DARTS - Api - AudioRequest:Post	1708013808724	1708013808759	KO	status.find.is(403), but actually found 409
GROUP	Audio RequestDARTS - Api - AudioRequest:Post	1708013808723	1708013808759	35	KO
REQUEST	Audio RequestDARTS - Api - AudioRequest:Post	DARTS - Api - AudioRequest:Post	1708013808709	1708013808767	KO	status.find.is(403), but actually found 409
GROUP	Audio RequestDARTS - Api - AudioRequest:Post	1708013808708	1708013808767	58	KO
REQUEST	Audio RequestDARTS - Api - AudioRequest:Post	DARTS - Api - AudioRequest:Post	1708013808786	1708013808820	KO	status.find.is(403), but actually found 409
GROUP	Audio RequestDARTS - Api - AudioRequest:Post	1708013808785	1708013808820	34	KO
REQUEST	TestDARTS - Api - Token:GET	DARTS - Api - Token:GET	1708013807419	1708013809090	OK	 
GROUP	TestDARTS - Api - Token:GET	1708013807419	1708013809091	1671	OK
REQUEST	Audio RequestDARTS - Api - AudioRequest:Post	DARTS - Api - AudioRequest:Post	1708013809091	1708013809211	KO	status.find.is(403), but actually found 409
GROUP	Audio RequestDARTS - Api - AudioRequest:Post	1708013809091	1708013809211	120	KO
USER	Test1	START	1708013809421
REQUEST	Audio RequestDARTS - Api - AudioRequest:Post	DARTS - Api - AudioRequest:Post	1708013809546	1708013809590	KO	status.find.is(403), but actually found 409
GROUP	Audio RequestDARTS - Api - AudioRequest:Post	1708013809546	1708013809590	44	KO
REQUEST	Audio RequestDARTS - Api - AudioRequest:Post	DARTS - Api - AudioRequest:Post	1708013809562	1708013809609	KO	status.find.is(403), but actually found 409
GROUP	Audio RequestDARTS - Api - AudioRequest:Post	1708013809562	1708013809609	47	KO
REQUEST	Audio RequestDARTS - Api - AudioRequest:Post	DARTS - Api - AudioRequest:Post	1708013809593	1708013809627	KO	status.find.is(403), but actually found 409
GROUP	Audio RequestDARTS - Api - AudioRequest:Post	1708013809593	1708013809628	34	KO
REQUEST	Audio RequestDARTS - Api - AudioRequest:Post	DARTS - Api - AudioRequest:Post	1708013809593	1708013809631	KO	status.find.is(403), but actually found 409
GROUP	Audio RequestDARTS - Api - AudioRequest:Post	1708013809593	1708013809631	38	KO
REQUEST	Audio RequestDARTS - Api - AudioRequest:Post	DARTS - Api - AudioRequest:Post	1708013809670	1708013809707	KO	status.find.is(403), but actually found 409
GROUP	Audio RequestDARTS - Api - AudioRequest:Post	1708013809670	1708013809708	37	KO
REQUEST	Audio RequestDARTS - Api - AudioRequest:Post	DARTS - Api - AudioRequest:Post	1708013809731	1708013809770	KO	status.find.is(403), but actually found 409
GROUP	Audio RequestDARTS - Api - AudioRequest:Post	1708013809731	1708013809770	39	KO
REQUEST	Audio RequestDARTS - Api - AudioRequest:Post	DARTS - Api - AudioRequest:Post	1708013809716	1708013809790	KO	status.find.is(403), but actually found 409
REQUEST	Audio RequestDARTS - Api - AudioRequest:Post	DARTS - Api - AudioRequest:Post	1708013809716	1708013809790	KO	status.find.is(403), but actually found 409
GROUP	Audio RequestDARTS - Api - AudioRequest:Post	1708013809715	1708013809790	74	KO
GROUP	Audio RequestDARTS - Api - AudioRequest:Post	1708013809715	1708013809790	74	KO
REQUEST	Audio RequestDARTS - Api - AudioRequest:Post	DARTS - Api - AudioRequest:Post	1708013809792	1708013809835	KO	status.find.is(403), but actually found 409
GROUP	Audio RequestDARTS - Api - AudioRequest:Post	1708013809791	1708013809835	43	KO
REQUEST	Audio RequestDARTS - Api - AudioRequest:Post	DARTS - Api - AudioRequest:Post	1708013810104	1708013810139	KO	status.find.is(403), but actually found 409
GROUP	Audio RequestDARTS - Api - AudioRequest:Post	1708013810104	1708013810140	35	KO
USER	Test1	START	1708013810414
REQUEST	Audio RequestDARTS - Api - AudioRequest:Post	DARTS - Api - AudioRequest:Post	1708013810554	1708013810602	KO	status.find.is(403), but actually found 409
GROUP	Audio RequestDARTS - Api - AudioRequest:Post	1708013810554	1708013810602	48	KO
REQUEST	TestDARTS - Api - Token:GET	DARTS - Api - Token:GET	1708013808415	1708013810602	OK	 
GROUP	TestDARTS - Api - Token:GET	1708013808415	1708013810604	2187	OK
REQUEST	Audio RequestDARTS - Api - AudioRequest:Post	DARTS - Api - AudioRequest:Post	1708013810570	1708013810636	KO	status.find.is(403), but actually found 409
GROUP	Audio RequestDARTS - Api - AudioRequest:Post	1708013810570	1708013810636	66	KO
REQUEST	Audio RequestDARTS - Api - AudioRequest:Post	DARTS - Api - AudioRequest:Post	1708013810602	1708013810639	KO	status.find.is(403), but actually found 409
GROUP	Audio RequestDARTS - Api - AudioRequest:Post	1708013810602	1708013810639	37	KO
USER	Test1	END	1708013810640
REQUEST	Audio RequestDARTS - Api - AudioRequest:Post	DARTS - Api - AudioRequest:Post	1708013810602	1708013810693	KO	status.find.is(403), but actually found 409
GROUP	Audio RequestDARTS - Api - AudioRequest:Post	1708013810602	1708013810693	91	KO
REQUEST	Audio RequestDARTS - Api - AudioRequest:Post	DARTS - Api - AudioRequest:Post	1708013810604	1708013810708	KO	status.find.is(403), but actually found 409
GROUP	Audio RequestDARTS - Api - AudioRequest:Post	1708013810604	1708013810708	104	KO
REQUEST	Audio RequestDARTS - Api - AudioRequest:Post	DARTS - Api - AudioRequest:Post	1708013810677	1708013810715	KO	status.find.is(403), but actually found 409
GROUP	Audio RequestDARTS - Api - AudioRequest:Post	1708013810677	1708013810715	38	KO
REQUEST	Audio RequestDARTS - Api - AudioRequest:Post	DARTS - Api - AudioRequest:Post	1708013810722	1708013810759	KO	status.find.is(403), but actually found 409
GROUP	Audio RequestDARTS - Api - AudioRequest:Post	1708013810722	1708013810759	37	KO
REQUEST	Audio RequestDARTS - Api - AudioRequest:Post	DARTS - Api - AudioRequest:Post	1708013810738	1708013810773	KO	status.find.is(403), but actually found 409
GROUP	Audio RequestDARTS - Api - AudioRequest:Post	1708013810738	1708013810774	35	KO
USER	Test1	END	1708013810775
REQUEST	Audio RequestDARTS - Api - AudioRequest:Post	DARTS - Api - AudioRequest:Post	1708013810722	1708013810786	KO	status.find.is(403), but actually found 409
GROUP	Audio RequestDARTS - Api - AudioRequest:Post	1708013810722	1708013810786	64	KO
REQUEST	Audio RequestDARTS - Api - AudioRequest:Post	DARTS - Api - AudioRequest:Post	1708013810799	1708013810885	KO	status.find.is(403), but actually found 409
GROUP	Audio RequestDARTS - Api - AudioRequest:Post	1708013810799	1708013810885	86	KO
REQUEST	Audio RequestDARTS - Api - AudioRequest:Post	DARTS - Api - AudioRequest:Post	1708013811108	1708013811154	KO	status.find.is(403), but actually found 409
GROUP	Audio RequestDARTS - Api - AudioRequest:Post	1708013811107	1708013811154	46	KO
USER	Test1	START	1708013811414
REQUEST	Audio RequestDARTS - Api - AudioRequest:Post	DARTS - Api - AudioRequest:Post	1708013811571	1708013811612	KO	status.find.is(403), but actually found 409
GROUP	Audio RequestDARTS - Api - AudioRequest:Post	1708013811570	1708013811612	41	KO
REQUEST	TestDARTS - Api - Token:GET	DARTS - Api - Token:GET	1708013809422	1708013811613	OK	 
GROUP	TestDARTS - Api - Token:GET	1708013809421	1708013811615	2191	OK
REQUEST	Audio RequestDARTS - Api - AudioRequest:Post	DARTS - Api - AudioRequest:Post	1708013811571	1708013811654	KO	status.find.is(403), but actually found 409
GROUP	Audio RequestDARTS - Api - AudioRequest:Post	1708013811570	1708013811654	83	KO
REQUEST	Audio RequestDARTS - Api - AudioRequest:Post	DARTS - Api - AudioRequest:Post	1708013811603	1708013811681	KO	status.find.is(403), but actually found 409
GROUP	Audio RequestDARTS - Api - AudioRequest:Post	1708013811602	1708013811681	78	KO
REQUEST	Audio RequestDARTS - Api - AudioRequest:Post	DARTS - Api - AudioRequest:Post	1708013811619	1708013811690	KO	status.find.is(403), but actually found 409
GROUP	Audio RequestDARTS - Api - AudioRequest:Post	1708013811618	1708013811690	71	KO
REQUEST	Audio RequestDARTS - Api - AudioRequest:Post	DARTS - Api - AudioRequest:Post	1708013811680	1708013811725	KO	status.find.is(403), but actually found 409
GROUP	Audio RequestDARTS - Api - AudioRequest:Post	1708013811679	1708013811725	45	KO
REQUEST	Audio RequestDARTS - Api - AudioRequest:Post	DARTS - Api - AudioRequest:Post	1708013811615	1708013811741	KO	status.find.is(403), but actually found 200
GROUP	Audio RequestDARTS - Api - AudioRequest:Post	1708013811615	1708013811742	126	KO
REQUEST	Audio RequestDARTS - Api - AudioRequest:Post	DARTS - Api - AudioRequest:Post	1708013811726	1708013811765	KO	status.find.is(403), but actually found 409
GROUP	Audio RequestDARTS - Api - AudioRequest:Post	1708013811725	1708013811765	39	KO
REQUEST	Audio RequestDARTS - Api - AudioRequest:Post	DARTS - Api - AudioRequest:Post	1708013811726	1708013811770	KO	status.find.is(403), but actually found 409
GROUP	Audio RequestDARTS - Api - AudioRequest:Post	1708013811725	1708013811771	44	KO
REQUEST	Audio RequestDARTS - Api - AudioRequest:Post	DARTS - Api - AudioRequest:Post	1708013811802	1708013811849	KO	status.find.is(403), but actually found 409
GROUP	Audio RequestDARTS - Api - AudioRequest:Post	1708013811801	1708013811850	47	KO
USER	Test1	END	1708013811851
REQUEST	TestDARTS - Api - Token:GET	DARTS - Api - Token:GET	1708013810415	1708013811998	OK	 
GROUP	TestDARTS - Api - Token:GET	1708013810414	1708013812000	1583	OK
REQUEST	Audio RequestDARTS - Api - AudioRequest:Post	DARTS - Api - AudioRequest:Post	1708013812000	1708013812135	KO	status.find.is(403), but actually found 200
GROUP	Audio RequestDARTS - Api - AudioRequest:Post	1708013812000	1708013812135	135	KO
REQUEST	Audio RequestDARTS - Api - AudioRequest:Post	DARTS - Api - AudioRequest:Post	1708013812114	1708013812151	KO	status.find.is(403), but actually found 409
GROUP	Audio RequestDARTS - Api - AudioRequest:Post	1708013812113	1708013812151	37	KO
USER	Test1	START	1708013812420
REQUEST	Audio RequestDARTS - Api - AudioRequest:Post	DARTS - Api - AudioRequest:Post	1708013812579	1708013812616	KO	status.find.is(403), but actually found 409
GROUP	Audio RequestDARTS - Api - AudioRequest:Post	1708013812578	1708013812616	37	KO
REQUEST	Audio RequestDARTS - Api - AudioRequest:Post	DARTS - Api - AudioRequest:Post	1708013812579	1708013812617	KO	status.find.is(403), but actually found 409
GROUP	Audio RequestDARTS - Api - AudioRequest:Post	1708013812578	1708013812617	38	KO
USER	Test1	END	1708013812618
REQUEST	Audio RequestDARTS - Api - AudioRequest:Post	DARTS - Api - AudioRequest:Post	1708013812609	1708013812656	KO	status.find.is(403), but actually found 409
GROUP	Audio RequestDARTS - Api - AudioRequest:Post	1708013812608	1708013812656	47	KO
REQUEST	Audio RequestDARTS - Api - AudioRequest:Post	DARTS - Api - AudioRequest:Post	1708013812625	1708013812663	KO	status.find.is(403), but actually found 409
REQUEST	Audio RequestDARTS - Api - AudioRequest:Post	DARTS - Api - AudioRequest:Post	1708013812625	1708013812663	KO	status.find.is(403), but actually found 409
GROUP	Audio RequestDARTS - Api - AudioRequest:Post	1708013812624	1708013812663	38	KO
GROUP	Audio RequestDARTS - Api - AudioRequest:Post	1708013812624	1708013812663	38	KO
REQUEST	Audio RequestDARTS - Api - AudioRequest:Post	DARTS - Api - AudioRequest:Post	1708013812688	1708013812724	KO	status.find.is(403), but actually found 409
GROUP	Audio RequestDARTS - Api - AudioRequest:Post	1708013812687	1708013812725	36	KO
REQUEST	Audio RequestDARTS - Api - AudioRequest:Post	DARTS - Api - AudioRequest:Post	1708013812734	1708013812778	KO	status.find.is(403), but actually found 409
GROUP	Audio RequestDARTS - Api - AudioRequest:Post	1708013812733	1708013812778	44	KO
REQUEST	Audio RequestDARTS - Api - AudioRequest:Post	DARTS - Api - AudioRequest:Post	1708013812734	1708013812780	KO	status.find.is(403), but actually found 409
GROUP	Audio RequestDARTS - Api - AudioRequest:Post	1708013812733	1708013812780	46	KO
REQUEST	Audio RequestDARTS - Api - AudioRequest:Post	DARTS - Api - AudioRequest:Post	1708013813014	1708013813049	KO	status.find.is(403), but actually found 409
GROUP	Audio RequestDARTS - Api - AudioRequest:Post	1708013813013	1708013813049	35	KO
REQUEST	Audio RequestDARTS - Api - AudioRequest:Post	DARTS - Api - AudioRequest:Post	1708013813123	1708013813201	KO	status.find.is(403), but actually found 409
GROUP	Audio RequestDARTS - Api - AudioRequest:Post	1708013813122	1708013813202	78	KO
REQUEST	Audio RequestDARTS - Api - AudioRequest:Post	DARTS - Api - AudioRequest:Post	1708013813591	1708013813629	KO	status.find.is(403), but actually found 409
GROUP	Audio RequestDARTS - Api - AudioRequest:Post	1708013813591	1708013813629	38	KO
REQUEST	Audio RequestDARTS - Api - AudioRequest:Post	DARTS - Api - AudioRequest:Post	1708013813623	1708013813672	KO	status.find.is(403), but actually found 409
GROUP	Audio RequestDARTS - Api - AudioRequest:Post	1708013813623	1708013813673	49	KO
REQUEST	Audio RequestDARTS - Api - AudioRequest:Post	DARTS - Api - AudioRequest:Post	1708013813639	1708013813677	KO	status.find.is(403), but actually found 409
GROUP	Audio RequestDARTS - Api - AudioRequest:Post	1708013813639	1708013813677	38	KO
REQUEST	Audio RequestDARTS - Api - AudioRequest:Post	DARTS - Api - AudioRequest:Post	1708013813639	1708013813690	KO	status.find.is(403), but actually found 409
GROUP	Audio RequestDARTS - Api - AudioRequest:Post	1708013813639	1708013813690	51	KO
REQUEST	TestDARTS - Api - Token:GET	DARTS - Api - Token:GET	1708013811415	1708013813725	OK	 
GROUP	TestDARTS - Api - Token:GET	1708013811415	1708013813726	2310	OK
REQUEST	Audio RequestDARTS - Api - AudioRequest:Post	DARTS - Api - AudioRequest:Post	1708013813701	1708013813740	KO	status.find.is(403), but actually found 409
GROUP	Audio RequestDARTS - Api - AudioRequest:Post	1708013813701	1708013813740	39	KO
USER	Test1	END	1708013813741
REQUEST	Audio RequestDARTS - Api - AudioRequest:Post	DARTS - Api - AudioRequest:Post	1708013813747	1708013813788	KO	status.find.is(403), but actually found 409
GROUP	Audio RequestDARTS - Api - AudioRequest:Post	1708013813747	1708013813788	41	KO
REQUEST	Audio RequestDARTS - Api - AudioRequest:Post	DARTS - Api - AudioRequest:Post	1708013813747	1708013813796	KO	status.find.is(403), but actually found 409
GROUP	Audio RequestDARTS - Api - AudioRequest:Post	1708013813747	1708013813797	49	KO
REQUEST	Audio RequestDARTS - Api - AudioRequest:Post	DARTS - Api - AudioRequest:Post	1708013813726	1708013813852	KO	status.find.is(403), but actually found 200
GROUP	Audio RequestDARTS - Api - AudioRequest:Post	1708013813726	1708013813853	126	KO
REQUEST	Audio RequestDARTS - Api - AudioRequest:Post	DARTS - Api - AudioRequest:Post	1708013814027	1708013814090	KO	status.find.is(403), but actually found 409
GROUP	Audio RequestDARTS - Api - AudioRequest:Post	1708013814027	1708013814090	63	KO
REQUEST	Audio RequestDARTS - Api - AudioRequest:Post	DARTS - Api - AudioRequest:Post	1708013814134	1708013814169	KO	status.find.is(403), but actually found 409
GROUP	Audio RequestDARTS - Api - AudioRequest:Post	1708013814134	1708013814169	35	KO
REQUEST	TestDARTS - Api - Token:GET	DARTS - Api - Token:GET	1708013812421	1708013814435	OK	 
GROUP	TestDARTS - Api - Token:GET	1708013812421	1708013814436	2014	OK
REQUEST	Audio RequestDARTS - Api - AudioRequest:Post	DARTS - Api - AudioRequest:Post	1708013814436	1708013814574	KO	status.find.is(403), but actually found 200
GROUP	Audio RequestDARTS - Api - AudioRequest:Post	1708013814436	1708013814575	138	KO
REQUEST	Audio RequestDARTS - Api - AudioRequest:Post	DARTS - Api - AudioRequest:Post	1708013814599	1708013814638	KO	status.find.is(403), but actually found 409
GROUP	Audio RequestDARTS - Api - AudioRequest:Post	1708013814598	1708013814638	39	KO
REQUEST	Audio RequestDARTS - Api - AudioRequest:Post	DARTS - Api - AudioRequest:Post	1708013814644	1708013814690	KO	status.find.is(403), but actually found 409
GROUP	Audio RequestDARTS - Api - AudioRequest:Post	1708013814643	1708013814690	46	KO
REQUEST	Audio RequestDARTS - Api - AudioRequest:Post	DARTS - Api - AudioRequest:Post	1708013814629	1708013814699	KO	status.find.is(403), but actually found 409
REQUEST	Audio RequestDARTS - Api - AudioRequest:Post	DARTS - Api - AudioRequest:Post	1708013814644	1708013814699	KO	status.find.is(403), but actually found 409
GROUP	Audio RequestDARTS - Api - AudioRequest:Post	1708013814628	1708013814699	70	KO
GROUP	Audio RequestDARTS - Api - AudioRequest:Post	1708013814643	1708013814699	55	KO
REQUEST	Audio RequestDARTS - Api - AudioRequest:Post	DARTS - Api - AudioRequest:Post	1708013814737	1708013814786	KO	status.find.is(403), but actually found 409
GROUP	Audio RequestDARTS - Api - AudioRequest:Post	1708013814736	1708013814787	49	KO
REQUEST	Audio RequestDARTS - Api - AudioRequest:Post	DARTS - Api - AudioRequest:Post	1708013814752	1708013814788	KO	status.find.is(403), but actually found 409
GROUP	Audio RequestDARTS - Api - AudioRequest:Post	1708013814751	1708013814789	36	KO
REQUEST	Audio RequestDARTS - Api - AudioRequest:Post	DARTS - Api - AudioRequest:Post	1708013814752	1708013814795	KO	status.find.is(403), but actually found 409
GROUP	Audio RequestDARTS - Api - AudioRequest:Post	1708013814751	1708013814795	43	KO
USER	Test1	END	1708013814796
REQUEST	Audio RequestDARTS - Api - AudioRequest:Post	DARTS - Api - AudioRequest:Post	1708013815030	1708013815074	KO	status.find.is(403), but actually found 409
GROUP	Audio RequestDARTS - Api - AudioRequest:Post	1708013815029	1708013815074	44	KO
REQUEST	Audio RequestDARTS - Api - AudioRequest:Post	DARTS - Api - AudioRequest:Post	1708013815139	1708013815219	KO	status.find.is(403), but actually found 409
GROUP	Audio RequestDARTS - Api - AudioRequest:Post	1708013815138	1708013815219	80	KO
REQUEST	Audio RequestDARTS - Api - AudioRequest:Post	DARTS - Api - AudioRequest:Post	1708013815437	1708013815470	KO	status.find.is(403), but actually found 409
GROUP	Audio RequestDARTS - Api - AudioRequest:Post	1708013815437	1708013815471	33	KO
REQUEST	Audio RequestDARTS - Api - AudioRequest:Post	DARTS - Api - AudioRequest:Post	1708013815608	1708013815673	KO	status.find.is(403), but actually found 409
GROUP	Audio RequestDARTS - Api - AudioRequest:Post	1708013815608	1708013815673	65	KO
USER	Test1	END	1708013815674
REQUEST	Audio RequestDARTS - Api - AudioRequest:Post	DARTS - Api - AudioRequest:Post	1708013815639	1708013815694	KO	status.find.is(403), but actually found 409
GROUP	Audio RequestDARTS - Api - AudioRequest:Post	1708013815639	1708013815694	55	KO
REQUEST	Audio RequestDARTS - Api - AudioRequest:Post	DARTS - Api - AudioRequest:Post	1708013815655	1708013815702	KO	status.find.is(403), but actually found 409
GROUP	Audio RequestDARTS - Api - AudioRequest:Post	1708013815655	1708013815703	47	KO
REQUEST	Audio RequestDARTS - Api - AudioRequest:Post	DARTS - Api - AudioRequest:Post	1708013815655	1708013815711	KO	status.find.is(403), but actually found 409
GROUP	Audio RequestDARTS - Api - AudioRequest:Post	1708013815655	1708013815711	56	KO
REQUEST	Audio RequestDARTS - Api - AudioRequest:Post	DARTS - Api - AudioRequest:Post	1708013815746	1708013815785	KO	status.find.is(403), but actually found 409
GROUP	Audio RequestDARTS - Api - AudioRequest:Post	1708013815746	1708013815785	39	KO
REQUEST	Audio RequestDARTS - Api - AudioRequest:Post	DARTS - Api - AudioRequest:Post	1708013815762	1708013815797	KO	status.find.is(403), but actually found 409
GROUP	Audio RequestDARTS - Api - AudioRequest:Post	1708013815762	1708013815797	35	KO
REQUEST	Audio RequestDARTS - Api - AudioRequest:Post	DARTS - Api - AudioRequest:Post	1708013816042	1708013816102	KO	status.find.is(403), but actually found 409
GROUP	Audio RequestDARTS - Api - AudioRequest:Post	1708013816042	1708013816103	60	KO
REQUEST	Audio RequestDARTS - Api - AudioRequest:Post	DARTS - Api - AudioRequest:Post	1708013816152	1708013816186	KO	status.find.is(403), but actually found 409
GROUP	Audio RequestDARTS - Api - AudioRequest:Post	1708013816152	1708013816186	34	KO
REQUEST	Audio RequestDARTS - Api - AudioRequest:Post	DARTS - Api - AudioRequest:Post	1708013816447	1708013816484	KO	status.find.is(403), but actually found 409
GROUP	Audio RequestDARTS - Api - AudioRequest:Post	1708013816447	1708013816485	37	KO
REQUEST	Audio RequestDARTS - Api - AudioRequest:Post	DARTS - Api - AudioRequest:Post	1708013816649	1708013816684	KO	status.find.is(403), but actually found 409
GROUP	Audio RequestDARTS - Api - AudioRequest:Post	1708013816648	1708013816684	35	KO
REQUEST	Audio RequestDARTS - Api - AudioRequest:Post	DARTS - Api - AudioRequest:Post	1708013816664	1708013816701	KO	status.find.is(403), but actually found 409
REQUEST	Audio RequestDARTS - Api - AudioRequest:Post	DARTS - Api - AudioRequest:Post	1708013816664	1708013816701	KO	status.find.is(403), but actually found 409
GROUP	Audio RequestDARTS - Api - AudioRequest:Post	1708013816664	1708013816701	37	KO
GROUP	Audio RequestDARTS - Api - AudioRequest:Post	1708013816664	1708013816701	37	KO
REQUEST	Audio RequestDARTS - Api - AudioRequest:Post	DARTS - Api - AudioRequest:Post	1708013816759	1708013816796	KO	status.find.is(403), but actually found 409
GROUP	Audio RequestDARTS - Api - AudioRequest:Post	1708013816758	1708013816796	37	KO
REQUEST	Audio RequestDARTS - Api - AudioRequest:Post	DARTS - Api - AudioRequest:Post	1708013816773	1708013816806	KO	status.find.is(403), but actually found 409
GROUP	Audio RequestDARTS - Api - AudioRequest:Post	1708013816773	1708013816806	33	KO
USER	Test1	END	1708013816807
REQUEST	Audio RequestDARTS - Api - AudioRequest:Post	DARTS - Api - AudioRequest:Post	1708013817054	1708013817095	KO	status.find.is(403), but actually found 409
GROUP	Audio RequestDARTS - Api - AudioRequest:Post	1708013817053	1708013817095	41	KO
REQUEST	Audio RequestDARTS - Api - AudioRequest:Post	DARTS - Api - AudioRequest:Post	1708013817160	1708013817196	KO	status.find.is(403), but actually found 409
GROUP	Audio RequestDARTS - Api - AudioRequest:Post	1708013817159	1708013817197	36	KO
REQUEST	Audio RequestDARTS - Api - AudioRequest:Post	DARTS - Api - AudioRequest:Post	1708013817453	1708013817491	KO	status.find.is(403), but actually found 409
GROUP	Audio RequestDARTS - Api - AudioRequest:Post	1708013817452	1708013817492	38	KO
REQUEST	Audio RequestDARTS - Api - AudioRequest:Post	DARTS - Api - AudioRequest:Post	1708013817655	1708013817693	KO	status.find.is(403), but actually found 409
GROUP	Audio RequestDARTS - Api - AudioRequest:Post	1708013817654	1708013817693	38	KO
USER	Test1	END	1708013817694
REQUEST	Audio RequestDARTS - Api - AudioRequest:Post	DARTS - Api - AudioRequest:Post	1708013817670	1708013817708	KO	status.find.is(403), but actually found 409
GROUP	Audio RequestDARTS - Api - AudioRequest:Post	1708013817669	1708013817709	38	KO
REQUEST	Audio RequestDARTS - Api - AudioRequest:Post	DARTS - Api - AudioRequest:Post	1708013817670	1708013817709	KO	status.find.is(403), but actually found 409
GROUP	Audio RequestDARTS - Api - AudioRequest:Post	1708013817669	1708013817709	39	KO
REQUEST	Audio RequestDARTS - Api - AudioRequest:Post	DARTS - Api - AudioRequest:Post	1708013817761	1708013817797	KO	status.find.is(403), but actually found 409
GROUP	Audio RequestDARTS - Api - AudioRequest:Post	1708013817760	1708013817797	36	KO
REQUEST	Audio RequestDARTS - Api - AudioRequest:Post	DARTS - Api - AudioRequest:Post	1708013818057	1708013818104	KO	status.find.is(403), but actually found 409
GROUP	Audio RequestDARTS - Api - AudioRequest:Post	1708013818056	1708013818105	47	KO
REQUEST	Audio RequestDARTS - Api - AudioRequest:Post	DARTS - Api - AudioRequest:Post	1708013818164	1708013818202	KO	status.find.is(403), but actually found 409
GROUP	Audio RequestDARTS - Api - AudioRequest:Post	1708013818163	1708013818202	38	KO
USER	Test1	END	1708013818203
REQUEST	Audio RequestDARTS - Api - AudioRequest:Post	DARTS - Api - AudioRequest:Post	1708013818460	1708013818497	KO	status.find.is(403), but actually found 409
GROUP	Audio RequestDARTS - Api - AudioRequest:Post	1708013818459	1708013818497	37	KO
REQUEST	Audio RequestDARTS - Api - AudioRequest:Post	DARTS - Api - AudioRequest:Post	1708013818680	1708013818728	KO	status.find.is(403), but actually found 409
GROUP	Audio RequestDARTS - Api - AudioRequest:Post	1708013818679	1708013818728	48	KO
REQUEST	Audio RequestDARTS - Api - AudioRequest:Post	DARTS - Api - AudioRequest:Post	1708013818680	1708013818728	KO	status.find.is(403), but actually found 409
GROUP	Audio RequestDARTS - Api - AudioRequest:Post	1708013818679	1708013818728	48	KO
REQUEST	Audio RequestDARTS - Api - AudioRequest:Post	DARTS - Api - AudioRequest:Post	1708013818774	1708013818821	KO	status.find.is(403), but actually found 409
GROUP	Audio RequestDARTS - Api - AudioRequest:Post	1708013818773	1708013818821	47	KO
REQUEST	Audio RequestDARTS - Api - AudioRequest:Post	DARTS - Api - AudioRequest:Post	1708013819067	1708013819118	KO	status.find.is(403), but actually found 409
GROUP	Audio RequestDARTS - Api - AudioRequest:Post	1708013819066	1708013819118	51	KO
REQUEST	Audio RequestDARTS - Api - AudioRequest:Post	DARTS - Api - AudioRequest:Post	1708013819473	1708013819509	KO	status.find.is(403), but actually found 409
GROUP	Audio RequestDARTS - Api - AudioRequest:Post	1708013819473	1708013819510	36	KO
REQUEST	Audio RequestDARTS - Api - AudioRequest:Post	DARTS - Api - AudioRequest:Post	1708013819691	1708013819736	KO	status.find.is(403), but actually found 409
REQUEST	Audio RequestDARTS - Api - AudioRequest:Post	DARTS - Api - AudioRequest:Post	1708013819691	1708013819736	KO	status.find.is(403), but actually found 409
GROUP	Audio RequestDARTS - Api - AudioRequest:Post	1708013819690	1708013819736	45	KO
GROUP	Audio RequestDARTS - Api - AudioRequest:Post	1708013819690	1708013819736	45	KO
USER	Test1	END	1708013819737
REQUEST	Audio RequestDARTS - Api - AudioRequest:Post	DARTS - Api - AudioRequest:Post	1708013819782	1708013819819	KO	status.find.is(403), but actually found 409
GROUP	Audio RequestDARTS - Api - AudioRequest:Post	1708013819781	1708013819819	37	KO
REQUEST	Audio RequestDARTS - Api - AudioRequest:Post	DARTS - Api - AudioRequest:Post	1708013820077	1708013820133	KO	status.find.is(403), but actually found 409
GROUP	Audio RequestDARTS - Api - AudioRequest:Post	1708013820076	1708013820133	56	KO
REQUEST	Audio RequestDARTS - Api - AudioRequest:Post	DARTS - Api - AudioRequest:Post	1708013820480	1708013820516	KO	status.find.is(403), but actually found 409
GROUP	Audio RequestDARTS - Api - AudioRequest:Post	1708013820479	1708013820516	36	KO
REQUEST	Audio RequestDARTS - Api - AudioRequest:Post	DARTS - Api - AudioRequest:Post	1708013820698	1708013820742	KO	status.find.is(403), but actually found 409
GROUP	Audio RequestDARTS - Api - AudioRequest:Post	1708013820698	1708013820742	44	KO
USER	Test1	END	1708013820743
REQUEST	Audio RequestDARTS - Api - AudioRequest:Post	DARTS - Api - AudioRequest:Post	1708013820793	1708013820864	KO	status.find.is(403), but actually found 409
GROUP	Audio RequestDARTS - Api - AudioRequest:Post	1708013820793	1708013820864	71	KO
REQUEST	Audio RequestDARTS - Api - AudioRequest:Post	DARTS - Api - AudioRequest:Post	1708013821086	1708013821140	KO	status.find.is(403), but actually found 409
GROUP	Audio RequestDARTS - Api - AudioRequest:Post	1708013821086	1708013821141	54	KO
USER	Test1	END	1708013821141
REQUEST	Audio RequestDARTS - Api - AudioRequest:Post	DARTS - Api - AudioRequest:Post	1708013821491	1708013821525	KO	status.find.is(403), but actually found 409
GROUP	Audio RequestDARTS - Api - AudioRequest:Post	1708013821490	1708013821525	34	KO
REQUEST	Audio RequestDARTS - Api - AudioRequest:Post	DARTS - Api - AudioRequest:Post	1708013821803	1708013821839	KO	status.find.is(403), but actually found 409
GROUP	Audio RequestDARTS - Api - AudioRequest:Post	1708013821803	1708013821839	36	KO
REQUEST	Audio RequestDARTS - Api - AudioRequest:Post	DARTS - Api - AudioRequest:Post	1708013822492	1708013822528	KO	status.find.is(403), but actually found 409
GROUP	Audio RequestDARTS - Api - AudioRequest:Post	1708013822491	1708013822529	36	KO
REQUEST	Audio RequestDARTS - Api - AudioRequest:Post	DARTS - Api - AudioRequest:Post	1708013822815	1708013822856	KO	status.find.is(403), but actually found 409
GROUP	Audio RequestDARTS - Api - AudioRequest:Post	1708013822814	1708013822857	41	KO
USER	Test1	END	1708013822858
REQUEST	Audio RequestDARTS - Api - AudioRequest:Post	DARTS - Api - AudioRequest:Post	1708013823495	1708013823530	KO	status.find.is(403), but actually found 409
GROUP	Audio RequestDARTS - Api - AudioRequest:Post	1708013823495	1708013823530	35	KO
USER	Test1	END	1708013823531
