RUN	DartsApi.CourthousePostSimulation	courthousepostsimulation	1708697568777	8	3.9.5
USER	Courthouse:POST	START	1708697569981
REQUEST	B2C_1_Ropc_Darts_Signin - TokenDARTS - Api - B2C - Oauth2 - Token:GET	DARTS - Api - Token:GET	1708697569979	1708697570600	OK	 
GROUP	B2C_1_Ropc_Darts_Signin - TokenDARTS - Api - B2C - Oauth2 - Token:GET	1708697569960	1708697570656	621	OK
REQUEST	Courthouse Api Request Group	DARTS - Api - CourtHouse:Post	1708697570662	1708697571149	KO	j.l.NullPointerException: Cannot invoke "java.lang.CharSequence.length()" because "seq" is null
GROUP	Courthouse Api Request Group	1708697570657	1708697571152	487	KO
REQUEST	Courthouse Api Request Group	DARTS - Api - CourtHouse:Post	1708697571154	1708697571419	KO	j.l.NullPointerException: Cannot invoke "java.lang.CharSequence.length()" because "seq" is null
GROUP	Courthouse Api Request Group	1708697571153	1708697571421	265	KO
REQUEST	Courthouse Api Request Group	DARTS - Api - CourtHouse:Post	1708697571423	1708697571670	KO	j.l.NullPointerException: Cannot invoke "java.lang.CharSequence.length()" because "seq" is null
GROUP	Courthouse Api Request Group	1708697571422	1708697571678	247	KO
REQUEST	Courthouse Api Request Group	DARTS - Api - CourtHouse:Post	1708697571682	1708697571933	KO	j.l.NullPointerException: Cannot invoke "java.lang.CharSequence.length()" because "seq" is null
GROUP	Courthouse Api Request Group	1708697571680	1708697571938	251	KO
REQUEST	Courthouse Api Request Group	DARTS - Api - CourtHouse:Post	1708697571942	1708697572086	KO	j.l.NullPointerException: Cannot invoke "java.lang.CharSequence.length()" because "seq" is null
GROUP	Courthouse Api Request Group	1708697571940	1708697572089	144	KO
REQUEST	Courthouse Api Request Group	DARTS - Api - CourtHouse:Post	1708697572091	1708697572287	KO	j.l.NullPointerException: Cannot invoke "java.lang.CharSequence.length()" because "seq" is null
GROUP	Courthouse Api Request Group	1708697572090	1708697572289	196	KO
REQUEST	Courthouse Api Request Group	DARTS - Api - CourtHouse:Post	1708697572291	1708697572431	KO	j.l.NullPointerException: Cannot invoke "java.lang.CharSequence.length()" because "seq" is null
GROUP	Courthouse Api Request Group	1708697572290	1708697572433	140	KO
REQUEST	Courthouse Api Request Group	DARTS - Api - CourtHouse:Post	1708697572434	1708697572650	KO	j.l.NullPointerException: Cannot invoke "java.lang.CharSequence.length()" because "seq" is null
GROUP	Courthouse Api Request Group	1708697572433	1708697572653	216	KO
REQUEST	Courthouse Api Request Group	DARTS - Api - CourtHouse:Post	1708697572655	1708697572792	KO	j.l.NullPointerException: Cannot invoke "java.lang.CharSequence.length()" because "seq" is null
GROUP	Courthouse Api Request Group	1708697572654	1708697572794	137	KO
REQUEST	Courthouse Api Request Group	DARTS - Api - CourtHouse:Post	1708697572796	1708697573040	KO	j.l.NullPointerException: Cannot invoke "java.lang.CharSequence.length()" because "seq" is null
GROUP	Courthouse Api Request Group	1708697572795	1708697573042	244	KO
USER	Courthouse:POST	END	1708697573045
