RUN	DartsApi.CourthousePostSimulation	courthousepostsimulation	1708698744681	8	3.9.5
USER	Courthouse:POST	START	1708698745750
REQUEST	B2C_1_Ropc_Darts_Signin - TokenDARTS - Api - B2C - Oauth2 - Token:GET	DARTS - Api - Token:GET	1708698745749	1708698746295	OK	 
GROUP	B2C_1_Ropc_Darts_Signin - TokenDARTS - Api - B2C - Oauth2 - Token:GET	1708698745732	1708698746348	546	OK
REQUEST	Courthouse Api Request Group	DARTS - Api - CourtHouse:Post	1708698746357	1708698746637	KO	j.l.NullPointerException: Cannot invoke "java.lang.CharSequence.length()" because "seq" is null
GROUP	Courthouse Api Request Group	1708698746349	1708698746638	280	KO
REQUEST	Courthouse Api Request Group	DARTS - Api - CourtHouse:Post	1708698746640	1708698747131	KO	j.l.NullPointerException: Cannot invoke "java.lang.CharSequence.length()" because "seq" is null
GROUP	Courthouse Api Request Group	1708698746639	1708698747131	491	KO
REQUEST	Courthouse Api Request Group	DARTS - Api - CourtHouse:Post	1708698747133	1708698747278	KO	j.l.NullPointerException: Cannot invoke "java.lang.CharSequence.length()" because "seq" is null
GROUP	Courthouse Api Request Group	1708698747132	1708698747278	145	KO
REQUEST	Courthouse Api Request Group	DARTS - Api - CourtHouse:Post	1708698747279	1708698747448	KO	j.l.NullPointerException: Cannot invoke "java.lang.CharSequence.length()" because "seq" is null
GROUP	Courthouse Api Request Group	1708698747278	1708698747449	169	KO
REQUEST	Courthouse Api Request Group	DARTS - Api - CourtHouse:Post	1708698747454	1708698747755	KO	j.l.NullPointerException: Cannot invoke "java.lang.CharSequence.length()" because "seq" is null
GROUP	Courthouse Api Request Group	1708698747451	1708698747756	301	KO
REQUEST	Courthouse Api Request Group	DARTS - Api - CourtHouse:Post	1708698747758	1708698747900	KO	j.l.NullPointerException: Cannot invoke "java.lang.CharSequence.length()" because "seq" is null
GROUP	Courthouse Api Request Group	1708698747757	1708698747901	142	KO
REQUEST	Courthouse Api Request Group	DARTS - Api - CourtHouse:Post	1708698747902	1708698748163	KO	j.l.NullPointerException: Cannot invoke "java.lang.CharSequence.length()" because "seq" is null
GROUP	Courthouse Api Request Group	1708698747901	1708698748163	261	KO
REQUEST	Courthouse Api Request Group	DARTS - Api - CourtHouse:Post	1708698748165	1708698748414	KO	j.l.NullPointerException: Cannot invoke "java.lang.CharSequence.length()" because "seq" is null
GROUP	Courthouse Api Request Group	1708698748164	1708698748414	249	KO
REQUEST	Courthouse Api Request Group	DARTS - Api - CourtHouse:Post	1708698748416	1708698748655	KO	j.l.NullPointerException: Cannot invoke "java.lang.CharSequence.length()" because "seq" is null
GROUP	Courthouse Api Request Group	1708698748415	1708698748655	239	KO
REQUEST	Courthouse Api Request Group	DARTS - Api - CourtHouse:Post	1708698748658	1708698748922	KO	j.l.NullPointerException: Cannot invoke "java.lang.CharSequence.length()" because "seq" is null
GROUP	Courthouse Api Request Group	1708698748656	1708698748922	264	KO
USER	Courthouse:POST	END	1708698748928
