RUN	DartsApi.CourthousePostSimulation	courthousepostsimulation	1709559886816	2	3.9.5
USER	Courthouse:POST	START	1709559887892
REQUEST	Courthouse Api Request Group	DARTS - Api - CourtHouse:Post	1709559887910	1709559888479	OK	 
REQUEST	Courthouse Api Request Group	DARTS - Api - CourtHouse:Post Redirect 1	1709559888484	1709559889096	OK	 
GROUP	Courthouse Api Request Group	1709559887891	1709559889133	1181	OK
REQUEST	Courthouse Api Request Group	DARTS - Api - CourtHouse:Post	1709559889140	1709559889218	OK	 
REQUEST	Courthouse Api Request Group	DARTS - Api - CourtHouse:Post Redirect 1	1709559889219	1709559889394	OK	 
GROUP	Courthouse Api Request Group	1709559889134	1709559889396	253	OK
REQUEST	Courthouse Api Request Group	DARTS - Api - CourtHouse:Post	1709559889399	1709559889468	OK	 
REQUEST	Courthouse Api Request Group	DARTS - Api - CourtHouse:Post Redirect 1	1709559889468	1709559889741	OK	 
GROUP	Courthouse Api Request Group	1709559889397	1709559889742	342	OK
REQUEST	Courthouse Api Request Group	DARTS - Api - CourtHouse:Post	1709559889745	1709559889827	OK	 
REQUEST	Courthouse Api Request Group	DARTS - Api - CourtHouse:Post Redirect 1	1709559889827	1709559889958	OK	 
GROUP	Courthouse Api Request Group	1709559889743	1709559889959	213	OK
REQUEST	Courthouse Api Request Group	DARTS - Api - CourtHouse:Post	1709559889962	1709559890032	OK	 
REQUEST	Courthouse Api Request Group	DARTS - Api - CourtHouse:Post Redirect 1	1709559890033	1709559890192	OK	 
GROUP	Courthouse Api Request Group	1709559889960	1709559890193	229	OK
REQUEST	Courthouse Api Request Group	DARTS - Api - CourtHouse:Post	1709559890196	1709559890241	OK	 
REQUEST	Courthouse Api Request Group	DARTS - Api - CourtHouse:Post Redirect 1	1709559890241	1709559890361	OK	 
GROUP	Courthouse Api Request Group	1709559890194	1709559890362	165	OK
REQUEST	Courthouse Api Request Group	DARTS - Api - CourtHouse:Post	1709559890365	1709559890408	OK	 
REQUEST	Courthouse Api Request Group	DARTS - Api - CourtHouse:Post Redirect 1	1709559890409	1709559890531	OK	 
GROUP	Courthouse Api Request Group	1709559890363	1709559890533	165	OK
REQUEST	Courthouse Api Request Group	DARTS - Api - CourtHouse:Post	1709559890536	1709559890604	OK	 
REQUEST	Courthouse Api Request Group	DARTS - Api - CourtHouse:Post Redirect 1	1709559890605	1709559890723	OK	 
GROUP	Courthouse Api Request Group	1709559890533	1709559890724	186	OK
REQUEST	Courthouse Api Request Group	DARTS - Api - CourtHouse:Post	1709559890726	1709559890793	OK	 
REQUEST	Courthouse Api Request Group	DARTS - Api - CourtHouse:Post Redirect 1	1709559890793	1709559890924	OK	 
GROUP	Courthouse Api Request Group	1709559890725	1709559890926	198	OK
REQUEST	Courthouse Api Request Group	DARTS - Api - CourtHouse:Post	1709559890929	1709559890997	OK	 
REQUEST	Courthouse Api Request Group	DARTS - Api - CourtHouse:Post Redirect 1	1709559890997	1709559891135	OK	 
GROUP	Courthouse Api Request Group	1709559890926	1709559891136	206	OK
REQUEST	Courthouse Api Request Group	DARTS - Api - CourtHouse:Post	1709559891140	1709559891210	OK	 
REQUEST	Courthouse Api Request Group	DARTS - Api - CourtHouse:Post Redirect 1	1709559891210	1709559891346	OK	 
GROUP	Courthouse Api Request Group	1709559891137	1709559891348	206	OK
REQUEST	Courthouse Api Request Group	DARTS - Api - CourtHouse:Post	1709559891353	1709559891431	OK	 
REQUEST	Courthouse Api Request Group	DARTS - Api - CourtHouse:Post Redirect 1	1709559891432	1709559891599	OK	 
GROUP	Courthouse Api Request Group	1709559891349	1709559891601	245	OK
REQUEST	Courthouse Api Request Group	DARTS - Api - CourtHouse:Post	1709559891604	1709559891651	OK	 
REQUEST	Courthouse Api Request Group	DARTS - Api - CourtHouse:Post Redirect 1	1709559891652	1709559891832	OK	 
GROUP	Courthouse Api Request Group	1709559891602	1709559891833	227	OK
REQUEST	Courthouse Api Request Group	DARTS - Api - CourtHouse:Post	1709559891836	1709559891918	OK	 
REQUEST	Courthouse Api Request Group	DARTS - Api - CourtHouse:Post Redirect 1	1709559891919	1709559892126	OK	 
GROUP	Courthouse Api Request Group	1709559891833	1709559892128	289	OK
REQUEST	Courthouse Api Request Group	DARTS - Api - CourtHouse:Post	1709559892132	1709559892175	OK	 
REQUEST	Courthouse Api Request Group	DARTS - Api - CourtHouse:Post Redirect 1	1709559892175	1709559892299	OK	 
GROUP	Courthouse Api Request Group	1709559892129	1709559892301	167	OK
USER	Courthouse:POST	END	1709559892308
