RUN	DartsPortal.DartsPortalLoginSimulation	dartsportalloginsimulation	1709047378280	10	3.9.5
USER	Darts Portal Login	START	1709047379282
REQUEST	Darts Portal Login	Darts-Portal - Auth - Login	1709047379294	1709047379862	OK	 
REQUEST	Darts Portal Login	Darts-Portal - Auth - Login Redirect 1	1709047379889	1709047380309	OK	 
GROUP	Darts Portal Login	1709047379280	1709047380351	988	OK
REQUEST		B2C_1_darts_externaluser_signin - Oauth2/v2.0 - Authorize	1709047380353	1709047380511	OK	 
REQUEST		Darts-Portal - Auth - Azuread-b2c-login	1709047380534	1709047380584	OK	 
REQUEST		ruxitagentjs_ICA27NVfgjqrux_10283240117152214.js	1709047380599	1709047380691	OK	 
REQUEST		govuk-crest-white.png	1709047380706	1709047380752	OK	 
REQUEST		licence-logo.png	1709047380754	1709047380793	OK	 
REQUEST		xhr.js	1709047380600	1709047380808	OK	 
REQUEST		login.js	1709047380794	1709047380837	OK	 
REQUEST		errors.js	1709047380600	1709047380852	OK	 
REQUEST		favicon.ico	1709047380599	1709047380856	OK	 
REQUEST		govuk-frontend-5.0.0.min.css	1709047380600	1709047380881	OK	 
REQUEST		login.css	1709047380600	1709047381629	OK	 
REQUEST		B2C_1_darts_externaluser_signin - Client - Perftrace	1709047381644	1709047381645	KO	j.l.NullPointerException: Cannot invoke "java.lang.CharSequence.length()" because "seq" is null
REQUEST		B2C_1_darts_externaluser_signin - SelfAsserted	1709047389664	1709047390056	OK	 
ERROR	Darts-Portal - Auth - Callback: Failed to build request: No attribute named 'TokenCode' is defined 	1709047390060
REQUEST		Darts-Portal - User - Profile	1709047390062	1709047390103	KO	status.find.in([200, 209], 304), found 401
REQUEST		Darts-Portal - Auth - Is-authenticated	1709047390061	1709047390107	OK	 
REQUEST		Darts-Portal - App - Config	1709047390061	1709047390109	OK	 
REQUEST		Darts-Portal - Api - Courthouses	1709047390062	1709047390111	KO	status.find.in([200, 209], 304), found 401
REQUEST		request_10	1709047390062	1709047390113	KO	status.find.in([200, 209], 304), found 401
REQUEST		Darts-Portal - Auth - Is-authenticated	1709047390062	1709047390121	OK	 
REQUEST		B2C_1_darts_externaluser_signin - Api - CombinedSigninAndSignup - Confirmed	1709047390063	1709047390171	KO	css((input[name='code'],Some(value))).find.exists, found nothing
USER	Darts Portal Login	END	1709047390193
