RUN	DartsSoap.AddDocumentSOAPUserSimulation	adddocumentsoapusersimulation	1708099879864	1	3.9.5
USER	DARTS - GateWay - Soap - AddDocument :POST	START	1708099880577
REQUEST	AddDocument SOAP Request Group	DARTS - GateWay - Soap - AddDocument - User	1708099880595	1708099880709	KO	j.l.NullPointerException: Cannot invoke "java.lang.CharSequence.length()" because "seq" is null
GROUP	AddDocument SOAP Request Group	1708099880575	1708099880711	114	KO
REQUEST	AddDocument SOAP Request Group	DARTS - GateWay - Soap - AddDocument - User	1708099880723	1708099881360	OK	 
GROUP	AddDocument SOAP Request Group	1708099880713	1708099881602	637	OK
REQUEST	AddDocument SOAP Request Group	DARTS - GateWay - Soap - AddDocument - User	1708099881604	1708099882135	OK	 
GROUP	AddDocument SOAP Request Group	1708099881602	1708099882136	531	OK
REQUEST	AddDocument SOAP Request Group	DARTS - GateWay - Soap - AddDocument - User	1708099882137	1708099882666	OK	 
GROUP	AddDocument SOAP Request Group	1708099882137	1708099882667	529	OK
REQUEST	AddDocument SOAP Request Group	DARTS - GateWay - Soap - AddDocument - User	1708099882668	1708099883245	OK	 
GROUP	AddDocument SOAP Request Group	1708099882667	1708099883246	577	OK
REQUEST	AddDocument SOAP Request Group	DARTS - GateWay - Soap - AddDocument - User	1708099883247	1708099883677	OK	 
GROUP	AddDocument SOAP Request Group	1708099883246	1708099883678	430	OK
REQUEST	AddDocument SOAP Request Group	DARTS - GateWay - Soap - AddDocument - User	1708099883679	1708099884072	OK	 
GROUP	AddDocument SOAP Request Group	1708099883679	1708099884074	393	OK
REQUEST	AddDocument SOAP Request Group	DARTS - GateWay - Soap - AddDocument - User	1708099884076	1708099884527	OK	 
GROUP	AddDocument SOAP Request Group	1708099884075	1708099884528	451	OK
REQUEST	AddDocument SOAP Request Group	DARTS - GateWay - Soap - AddDocument - User	1708099884529	1708099884973	OK	 
GROUP	AddDocument SOAP Request Group	1708099884528	1708099884975	444	OK
REQUEST	AddDocument SOAP Request Group	DARTS - GateWay - Soap - AddDocument - User	1708099884976	1708099885412	OK	 
GROUP	AddDocument SOAP Request Group	1708099884976	1708099885413	436	OK
USER	DARTS - GateWay - Soap - AddDocument :POST	END	1708099885416
