RUN	DartsApi.CourthousePostSimulation	courthousepostsimulation	1709558639834	1	3.9.5
USER	Courthouse:POST	START	1709558640843
REQUEST	Courthouse Api Request Group	DARTS - Api - CourtHouse:Post	1709558640862	1709558641602	OK	 
REQUEST	Courthouse Api Request Group	DARTS - Api - CourtHouse:Post Redirect 1	1709558641613	1709558642082	OK	 
GROUP	Courthouse Api Request Group	1709558640840	1709558642118	1209	OK
REQUEST	Courthouse Api Request Group	DARTS - Api - CourtHouse:Post	1709558642123	1709558642183	OK	 
REQUEST	Courthouse Api Request Group	DARTS - Api - CourtHouse:Post Redirect 1	1709558642183	1709558642382	OK	 
GROUP	Courthouse Api Request Group	1709558642120	1709558642384	259	OK
REQUEST	Courthouse Api Request Group	DARTS - Api - CourtHouse:Post	1709558642388	1709558642466	OK	 
REQUEST	Courthouse Api Request Group	DARTS - Api - CourtHouse:Post Redirect 1	1709558642466	1709558642685	OK	 
GROUP	Courthouse Api Request Group	1709558642385	1709558642686	297	OK
REQUEST	Courthouse Api Request Group	DARTS - Api - CourtHouse:Post	1709558642689	1709558642778	OK	 
REQUEST	Courthouse Api Request Group	DARTS - Api - CourtHouse:Post Redirect 1	1709558642779	1709558642986	OK	 
GROUP	Courthouse Api Request Group	1709558642687	1709558642987	296	OK
REQUEST	Courthouse Api Request Group	DARTS - Api - CourtHouse:Post	1709558642990	1709558643036	OK	 
REQUEST	Courthouse Api Request Group	DARTS - Api - CourtHouse:Post Redirect 1	1709558643036	1709558643211	OK	 
GROUP	Courthouse Api Request Group	1709558642987	1709558643212	221	OK
REQUEST	Courthouse Api Request Group	DARTS - Api - CourtHouse:Post	1709558643216	1709558643291	OK	 
REQUEST	Courthouse Api Request Group	DARTS - Api - CourtHouse:Post Redirect 1	1709558643291	1709558643459	OK	 
GROUP	Courthouse Api Request Group	1709558643213	1709558643460	243	OK
REQUEST	Courthouse Api Request Group	DARTS - Api - CourtHouse:Post	1709558643463	1709558643550	OK	 
REQUEST	Courthouse Api Request Group	DARTS - Api - CourtHouse:Post Redirect 1	1709558643550	1709558643741	OK	 
GROUP	Courthouse Api Request Group	1709558643461	1709558643742	278	OK
REQUEST	Courthouse Api Request Group	DARTS - Api - CourtHouse:Post	1709558643746	1709558643817	OK	 
REQUEST	Courthouse Api Request Group	DARTS - Api - CourtHouse:Post Redirect 1	1709558643817	1709558643947	OK	 
GROUP	Courthouse Api Request Group	1709558643743	1709558643948	201	OK
REQUEST	Courthouse Api Request Group	DARTS - Api - CourtHouse:Post	1709558643953	1709558644053	OK	 
REQUEST	Courthouse Api Request Group	DARTS - Api - CourtHouse:Post Redirect 1	1709558644053	1709558644182	OK	 
GROUP	Courthouse Api Request Group	1709558643949	1709558644183	229	OK
REQUEST	Courthouse Api Request Group	DARTS - Api - CourtHouse:Post	1709558644187	1709558644233	OK	 
REQUEST	Courthouse Api Request Group	DARTS - Api - CourtHouse:Post Redirect 1	1709558644234	1709558644350	OK	 
GROUP	Courthouse Api Request Group	1709558644183	1709558644352	162	OK
REQUEST	Courthouse Api Request Group	DARTS - Api - CourtHouse:Post	1709558644355	1709558644424	OK	 
REQUEST	Courthouse Api Request Group	DARTS - Api - CourtHouse:Post Redirect 1	1709558644425	1709558644538	OK	 
GROUP	Courthouse Api Request Group	1709558644352	1709558644539	182	OK
REQUEST	Courthouse Api Request Group	DARTS - Api - CourtHouse:Post	1709558644543	1709558644587	OK	 
REQUEST	Courthouse Api Request Group	DARTS - Api - CourtHouse:Post Redirect 1	1709558644588	1709558644714	OK	 
GROUP	Courthouse Api Request Group	1709558644539	1709558644715	170	OK
REQUEST	Courthouse Api Request Group	DARTS - Api - CourtHouse:Post	1709558644720	1709558644791	OK	 
REQUEST	Courthouse Api Request Group	DARTS - Api - CourtHouse:Post Redirect 1	1709558644792	1709558644923	OK	 
GROUP	Courthouse Api Request Group	1709558644715	1709558644926	202	OK
REQUEST	Courthouse Api Request Group	DARTS - Api - CourtHouse:Post	1709558644929	1709558645003	OK	 
REQUEST	Courthouse Api Request Group	DARTS - Api - CourtHouse:Post Redirect 1	1709558645003	1709558645159	OK	 
GROUP	Courthouse Api Request Group	1709558644926	1709558645160	230	OK
REQUEST	Courthouse Api Request Group	DARTS - Api - CourtHouse:Post	1709558645164	1709558645210	OK	 
REQUEST	Courthouse Api Request Group	DARTS - Api - CourtHouse:Post Redirect 1	1709558645211	1709558645332	OK	 
GROUP	Courthouse Api Request Group	1709558645160	1709558645333	167	OK
USER	Courthouse:POST	END	1709558645337
