RUN	DartsApi.CourthousePostSimulation	courthousepostsimulation	1708698535821	8	3.9.5
USER	Courthouse:POST	START	1708698536480
REQUEST	B2C_1_Ropc_Darts_Signin - TokenDARTS - Api - B2C - Oauth2 - Token:GET	DARTS - Api - Token:GET	1708698536479	1708698537456	OK	 
GROUP	B2C_1_Ropc_Darts_Signin - TokenDARTS - Api - B2C - Oauth2 - Token:GET	1708698536461	1708698537507	977	OK
REQUEST	Courthouse Api Request Group	DARTS - Api - CourtHouse:Post	1708698537518	1708698537873	KO	j.l.NullPointerException: Cannot invoke "java.lang.CharSequence.length()" because "seq" is null
GROUP	Courthouse Api Request Group	1708698537509	1708698537874	355	KO
REQUEST	Courthouse Api Request Group	DARTS - Api - CourtHouse:Post	1708698537876	1708698538185	KO	j.l.NullPointerException: Cannot invoke "java.lang.CharSequence.length()" because "seq" is null
GROUP	Courthouse Api Request Group	1708698537875	1708698538185	309	KO
REQUEST	Courthouse Api Request Group	DARTS - Api - CourtHouse:Post	1708698538188	1708698538479	KO	j.l.NullPointerException: Cannot invoke "java.lang.CharSequence.length()" because "seq" is null
GROUP	Courthouse Api Request Group	1708698538186	1708698538479	291	KO
REQUEST	Courthouse Api Request Group	DARTS - Api - CourtHouse:Post	1708698538481	1708698538732	KO	j.l.NullPointerException: Cannot invoke "java.lang.CharSequence.length()" because "seq" is null
GROUP	Courthouse Api Request Group	1708698538479	1708698538732	251	KO
REQUEST	Courthouse Api Request Group	DARTS - Api - CourtHouse:Post	1708698538734	1708698539009	KO	j.l.NullPointerException: Cannot invoke "java.lang.CharSequence.length()" because "seq" is null
GROUP	Courthouse Api Request Group	1708698538733	1708698539009	275	KO
REQUEST	Courthouse Api Request Group	DARTS - Api - CourtHouse:Post	1708698539013	1708698539300	KO	j.l.NullPointerException: Cannot invoke "java.lang.CharSequence.length()" because "seq" is null
GROUP	Courthouse Api Request Group	1708698539011	1708698539300	287	KO
REQUEST	Courthouse Api Request Group	DARTS - Api - CourtHouse:Post	1708698539302	1708698539584	KO	j.l.NullPointerException: Cannot invoke "java.lang.CharSequence.length()" because "seq" is null
GROUP	Courthouse Api Request Group	1708698539301	1708698539584	282	KO
REQUEST	Courthouse Api Request Group	DARTS - Api - CourtHouse:Post	1708698539588	1708698539892	KO	j.l.NullPointerException: Cannot invoke "java.lang.CharSequence.length()" because "seq" is null
GROUP	Courthouse Api Request Group	1708698539585	1708698539892	304	KO
REQUEST	Courthouse Api Request Group	DARTS - Api - CourtHouse:Post	1708698539896	1708698540139	KO	j.l.NullPointerException: Cannot invoke "java.lang.CharSequence.length()" because "seq" is null
GROUP	Courthouse Api Request Group	1708698539894	1708698540139	243	KO
REQUEST	Courthouse Api Request Group	DARTS - Api - CourtHouse:Post	1708698540141	1708698540377	KO	j.l.NullPointerException: Cannot invoke "java.lang.CharSequence.length()" because "seq" is null
GROUP	Courthouse Api Request Group	1708698540140	1708698540377	236	KO
USER	Courthouse:POST	END	1708698540381
