RUN	DartsPortal.DartsPortalLoginSimulation	dartsportalloginsimulation	1708949718086	1	3.9.5
USER	Darts Portal Login	START	1708949718760
REQUEST	Darts Portal Login	Darts-Portal - Auth - Login	1708949718773	1708949719247	OK	 
REQUEST	Darts Portal Login	Darts-Portal - Auth - Login Redirect 1	1708949719256	1708949719701	OK	 
GROUP	Darts Portal Login	1708949718759	1708949719737	919	OK
REQUEST		B2C_1_darts_externaluser_signin - Oauth2/v2.0 - Authorize	1708949719739	1708949719901	OK	 
REQUEST		Darts-Portal - Auth - Azuread-b2c-login	1708949719911	1708949719989	OK	 
REQUEST		ruxitagentjs_ICA27NVfgjqrux_10283240117152214.js	1708949720003	1708949720137	OK	 
REQUEST		govuk-crest-white.png	1708949720139	1708949720219	OK	 
REQUEST		errors.js	1708949720004	1708949720234	OK	 
REQUEST		favicon.ico	1708949720003	1708949720261	OK	 
REQUEST		licence-logo.png	1708949720220	1708949720267	OK	 
REQUEST		login.css	1708949720004	1708949720289	OK	 
REQUEST		xhr.js	1708949720004	1708949720302	OK	 
REQUEST		login.js	1708949720234	1708949720305	OK	 
REQUEST		govuk-frontend-5.0.0.min.css	1708949720004	1708949720351	OK	 
REQUEST		B2C_1_darts_externaluser_signin - Client - Perftrace	1708949720366	1708949720366	KO	j.l.NullPointerException: Cannot invoke "java.lang.CharSequence.length()" because "seq" is null
REQUEST		B2C_1_darts_externaluser_signin - SelfAsserted	1708949728379	1708949728734	OK	 
ERROR	Darts-Portal - Auth - Callback: Failed to build request: No attribute named 'TokenCode' is defined 	1708949728736
REQUEST		Darts-Portal - Api - Courthouses	1708949728738	1708949728789	KO	status.find.in([200, 209], 304), found 401
REQUEST		request_10	1708949728738	1708949728796	KO	status.find.in([200, 209], 304), found 401
REQUEST		Darts-Portal - Auth - Is-authenticated	1708949728738	1708949728798	OK	 
REQUEST		Darts-Portal - User - Profile	1708949728738	1708949728804	KO	status.find.in([200, 209], 304), found 401
REQUEST		Darts-Portal - App - Config	1708949728737	1708949728806	OK	 
REQUEST		Darts-Portal - Auth - Is-authenticated	1708949728737	1708949728820	OK	 
REQUEST		B2C_1_darts_externaluser_signin - Api - CombinedSigninAndSignup - Confirmed	1708949728739	1708949728839	KO	css((input[name='code'],Some(value))).find.exists, found nothing
USER	Darts Portal Login	END	1708949728852
