RUN	DartsSoap.AddDocumentSOAPUserSimulation	adddocumentsoapusersimulation	1709119979594	14	3.9.5
USER	DARTS - GateWay - Soap - AddDocument:POST	START	1709119981639
REQUEST	AddDocument SOAP Request Group	DARTS - GateWay - Soap - AddDocument - User	1709119981669	1709119982202	KO	status.find.is(200), but actually found 500
GROUP	AddDocument SOAP Request Group	1709119981642	1709119982470	533	KO
REQUEST	AddDocument SOAP Request Group	DARTS - GateWay - Soap - AddDocument - User	1709119982472	1709119982636	KO	status.find.is(200), but actually found 500
GROUP	AddDocument SOAP Request Group	1709119982471	1709119982637	164	KO
REQUEST	AddDocument SOAP Request Group	DARTS - GateWay - Soap - AddDocument - User	1709119982638	1709119982841	KO	status.find.is(200), but actually found 500
GROUP	AddDocument SOAP Request Group	1709119982637	1709119982843	203	KO
REQUEST	AddDocument SOAP Request Group	DARTS - GateWay - Soap - AddDocument - User	1709119982846	1709119983001	KO	status.find.is(200), but actually found 500
GROUP	AddDocument SOAP Request Group	1709119982844	1709119983002	155	KO
REQUEST	AddDocument SOAP Request Group	DARTS - GateWay - Soap - AddDocument - User	1709119983004	1709119983137	KO	status.find.is(200), but actually found 500
GROUP	AddDocument SOAP Request Group	1709119983003	1709119983138	133	KO
REQUEST	AddDocument SOAP Request Group	DARTS - GateWay - Soap - AddDocument - User	1709119983139	1709119983265	KO	status.find.is(200), but actually found 500
GROUP	AddDocument SOAP Request Group	1709119983138	1709119983267	126	KO
REQUEST	AddDocument SOAP Request Group	DARTS - GateWay - Soap - AddDocument - User	1709119983268	1709119983395	KO	status.find.is(200), but actually found 500
GROUP	AddDocument SOAP Request Group	1709119983267	1709119983397	127	KO
REQUEST	AddDocument SOAP Request Group	DARTS - GateWay - Soap - AddDocument - User	1709119983398	1709119983521	KO	status.find.is(200), but actually found 500
GROUP	AddDocument SOAP Request Group	1709119983397	1709119983522	123	KO
REQUEST	AddDocument SOAP Request Group	DARTS - GateWay - Soap - AddDocument - User	1709119983524	1709119983650	KO	status.find.is(200), but actually found 500
GROUP	AddDocument SOAP Request Group	1709119983523	1709119983651	126	KO
REQUEST	AddDocument SOAP Request Group	DARTS - GateWay - Soap - AddDocument - User	1709119983652	1709119983756	KO	status.find.is(200), but actually found 500
GROUP	AddDocument SOAP Request Group	1709119983652	1709119983757	104	KO
USER	DARTS - GateWay - Soap - AddDocument:POST	END	1709119983760
