RUN	DartsApi.CourthousePostSimulation	courthousepostsimulation	1708698828138	8	3.9.5
USER	Courthouse:POST	START	1708698828974
REQUEST	B2C_1_Ropc_Darts_Signin - TokenDARTS - Api - B2C - Oauth2 - Token:GET	DARTS - Api - Token:GET	1708698828972	1708698829675	OK	 
GROUP	B2C_1_Ropc_Darts_Signin - TokenDARTS - Api - B2C - Oauth2 - Token:GET	1708698828955	1708698829718	703	OK
REQUEST	Courthouse Api Request Group	DARTS - Api - CourtHouse:Post	1708698829726	1708698829882	KO	j.l.NullPointerException: Cannot invoke "java.lang.CharSequence.length()" because "seq" is null
GROUP	Courthouse Api Request Group	1708698829720	1708698829883	156	KO
REQUEST	Courthouse Api Request Group	DARTS - Api - CourtHouse:Post	1708698829884	1708698830163	KO	j.l.NullPointerException: Cannot invoke "java.lang.CharSequence.length()" because "seq" is null
GROUP	Courthouse Api Request Group	1708698829884	1708698830163	279	KO
REQUEST	Courthouse Api Request Group	DARTS - Api - CourtHouse:Post	1708698830164	1708698830560	KO	j.l.NullPointerException: Cannot invoke "java.lang.CharSequence.length()" because "seq" is null
GROUP	Courthouse Api Request Group	1708698830163	1708698830560	396	KO
REQUEST	Courthouse Api Request Group	DARTS - Api - CourtHouse:Post	1708698830562	1708698831114	KO	j.l.NullPointerException: Cannot invoke "java.lang.CharSequence.length()" because "seq" is null
GROUP	Courthouse Api Request Group	1708698830561	1708698831115	552	KO
REQUEST	Courthouse Api Request Group	DARTS - Api - CourtHouse:Post	1708698831116	1708698831272	KO	j.l.NullPointerException: Cannot invoke "java.lang.CharSequence.length()" because "seq" is null
GROUP	Courthouse Api Request Group	1708698831115	1708698831272	156	KO
REQUEST	Courthouse Api Request Group	DARTS - Api - CourtHouse:Post	1708698831273	1708698831551	KO	j.l.NullPointerException: Cannot invoke "java.lang.CharSequence.length()" because "seq" is null
GROUP	Courthouse Api Request Group	1708698831272	1708698831551	278	KO
REQUEST	Courthouse Api Request Group	DARTS - Api - CourtHouse:Post	1708698831552	1708698831827	KO	j.l.NullPointerException: Cannot invoke "java.lang.CharSequence.length()" because "seq" is null
GROUP	Courthouse Api Request Group	1708698831551	1708698831827	275	KO
REQUEST	Courthouse Api Request Group	DARTS - Api - CourtHouse:Post	1708698831829	1708698832009	KO	j.l.NullPointerException: Cannot invoke "java.lang.CharSequence.length()" because "seq" is null
GROUP	Courthouse Api Request Group	1708698831828	1708698832009	180	KO
REQUEST	Courthouse Api Request Group	DARTS - Api - CourtHouse:Post	1708698832011	1708698832192	KO	j.l.NullPointerException: Cannot invoke "java.lang.CharSequence.length()" because "seq" is null
GROUP	Courthouse Api Request Group	1708698832010	1708698832192	181	KO
REQUEST	Courthouse Api Request Group	DARTS - Api - CourtHouse:Post	1708698832194	1708698832449	KO	j.l.NullPointerException: Cannot invoke "java.lang.CharSequence.length()" because "seq" is null
GROUP	Courthouse Api Request Group	1708698832193	1708698832449	255	KO
USER	Courthouse:POST	END	1708698832451
