RUN	DartsApi.AudioRequestPost	audiorequestpost	1707932440826	2	3.9.5
USER	APIToken	START	1707932441439
REQUEST		DARTS - Api - Token:GET	1707932441437	1707932442159	OK	 
USER	APIToken	START	1707932442415
REQUEST		DARTS - Api - Token:GET	1707932442414	1707932443057	OK	 
USER	APIToken	START	1707932443413
REQUEST		DARTS - Api - AudioRequest:Post	1707932443216	1707932443454	KO	status.find.is(403), but actually found 200
USER	APIToken	END	1707932443458
REQUEST		DARTS - Api - Token:GET	1707932443412	1707932444130	OK	 
REQUEST		DARTS - Api - AudioRequest:Post	1707932444062	1707932444302	KO	status.find.is(403), but actually found 200
USER	APIToken	END	1707932444304
USER	APIToken	START	1707932444421
REQUEST		DARTS - Api - Token:GET	1707932444420	1707932445116	OK	 
USER	APIToken	START	1707932445413
REQUEST		DARTS - Api - AudioRequest:Post	1707932445150	1707932445432	KO	status.find.is(403), but actually found 200
USER	APIToken	END	1707932445432
REQUEST		DARTS - Api - Token:GET	1707932445412	1707932445961	OK	 
REQUEST		DARTS - Api - AudioRequest:Post	1707932446123	1707932446365	KO	status.find.is(403), but actually found 200
USER	APIToken	END	1707932446366
USER	APIToken	START	1707932446417
REQUEST		DARTS - Api - Token:GET	1707932446416	1707932447010	OK	 
REQUEST		DARTS - Api - AudioRequest:Post	1707932446972	1707932447226	KO	status.find.is(403), but actually found 200
USER	APIToken	END	1707932447228
USER	APIToken	START	1707932447427
REQUEST		DARTS - Api - Token:GET	1707932447426	1707932448299	OK	 
REQUEST		DARTS - Api - AudioRequest:Post	1707932448016	1707932448398	KO	status.find.is(403), but actually found 200
USER	APIToken	END	1707932448401
USER	APIToken	START	1707932448415
REQUEST		DARTS - Api - Token:GET	1707932448415	1707932449110	OK	 
USER	APIToken	START	1707932449420
REQUEST		DARTS - Api - AudioRequest:Post	1707932449307	1707932449709	KO	status.find.is(403), but actually found 200
USER	APIToken	END	1707932449710
REQUEST		DARTS - Api - Token:GET	1707932449420	1707932450060	OK	 
USER	APIToken	START	1707932450415
REQUEST		DARTS - Api - AudioRequest:Post	1707932450121	1707932450474	KO	status.find.is(403), but actually found 200
USER	APIToken	END	1707932450475
REQUEST		DARTS - Api - Token:GET	1707932450415	1707932451187	OK	 
REQUEST		DARTS - Api - AudioRequest:Post	1707932451078	1707932451418	KO	status.find.is(403), but actually found 409
USER	APIToken	END	1707932451419
REQUEST		DARTS - Api - AudioRequest:Post	1707932452190	1707932452422	KO	status.find.is(403), but actually found 200
USER	APIToken	END	1707932452423
