RUN	DartsApi.AudioGETPreviewSimulation	audiogetpreviewsimulation	1709022668906	0	3.9.5
USER	Audio Requests:GET Preview	START	1709022669817
USER	Audio Requests:GET Preview	START	1709022669899
USER	Audio Requests:GET Preview	START	1709022669995
USER	Audio Requests:GET Preview	START	1709022670103
USER	Audio Requests:GET Preview	START	1709022670196
USER	Audio Requests:GET Preview	START	1709022670306
USER	Audio Requests:GET Preview	START	1709022670401
USER	Audio Requests:GET Preview	START	1709022670493
USER	Audio Requests:GET Preview	START	1709022670601
USER	Audio Requests:GET Preview	START	1709022670708
REQUEST	B2C_1_Ropc_Darts_Signin - TokenDARTS - Api - B2C - Oauth2 - Token:GET	DARTS - Api - Token:GET	1709022670102	1709022670759	OK	 
REQUEST	B2C_1_Ropc_Darts_Signin - TokenDARTS - Api - B2C - Oauth2 - Token:GET	DARTS - Api - Token:GET	1709022669994	1709022670759	OK	 
REQUEST	B2C_1_Ropc_Darts_Signin - TokenDARTS - Api - B2C - Oauth2 - Token:GET	DARTS - Api - Token:GET	1709022669816	1709022670762	OK	 
REQUEST	B2C_1_Ropc_Darts_Signin - TokenDARTS - Api - B2C - Oauth2 - Token:GET	DARTS - Api - Token:GET	1709022670195	1709022670802	OK	 
REQUEST	B2C_1_Ropc_Darts_Signin - TokenDARTS - Api - B2C - Oauth2 - Token:GET	DARTS - Api - Token:GET	1709022669898	1709022670781	OK	 
GROUP	B2C_1_Ropc_Darts_Signin - TokenDARTS - Api - B2C - Oauth2 - Token:GET	1709022669898	1709022670818	883	OK
GROUP	B2C_1_Ropc_Darts_Signin - TokenDARTS - Api - B2C - Oauth2 - Token:GET	1709022670195	1709022670819	607	OK
GROUP	B2C_1_Ropc_Darts_Signin - TokenDARTS - Api - B2C - Oauth2 - Token:GET	1709022670102	1709022670819	657	OK
GROUP	B2C_1_Ropc_Darts_Signin - TokenDARTS - Api - B2C - Oauth2 - Token:GET	1709022669994	1709022670820	765	OK
GROUP	B2C_1_Ropc_Darts_Signin - TokenDARTS - Api - B2C - Oauth2 - Token:GET	1709022669800	1709022670820	946	OK
REQUEST	B2C_1_Ropc_Darts_Signin - TokenDARTS - Api - B2C - Oauth2 - Token:GET	DARTS - Api - Token:GET	1709022670306	1709022670991	OK	 
GROUP	B2C_1_Ropc_Darts_Signin - TokenDARTS - Api - B2C - Oauth2 - Token:GET	1709022670305	1709022670992	685	OK
REQUEST	B2C_1_Ropc_Darts_Signin - TokenDARTS - Api - B2C - Oauth2 - Token:GET	DARTS - Api - Token:GET	1709022670493	1709022671128	OK	 
GROUP	B2C_1_Ropc_Darts_Signin - TokenDARTS - Api - B2C - Oauth2 - Token:GET	1709022670492	1709022671129	635	OK
REQUEST	B2C_1_Ropc_Darts_Signin - TokenDARTS - Api - B2C - Oauth2 - Token:GET	DARTS - Api - Token:GET	1709022670600	1709022671273	OK	 
GROUP	B2C_1_Ropc_Darts_Signin - TokenDARTS - Api - B2C - Oauth2 - Token:GET	1709022670600	1709022671274	673	OK
REQUEST	B2C_1_Ropc_Darts_Signin - TokenDARTS - Api - B2C - Oauth2 - Token:GET	DARTS - Api - Token:GET	1709022670401	1709022671281	OK	 
GROUP	B2C_1_Ropc_Darts_Signin - TokenDARTS - Api - B2C - Oauth2 - Token:GET	1709022670400	1709022671282	880	OK
REQUEST	B2C_1_Ropc_Darts_Signin - TokenDARTS - Api - B2C - Oauth2 - Token:GET	DARTS - Api - Token:GET	1709022670708	1709022671324	OK	 
GROUP	B2C_1_Ropc_Darts_Signin - TokenDARTS - Api - B2C - Oauth2 - Token:GET	1709022670707	1709022671325	616	OK
REQUEST	Audio Get Preview	DARTS - Api - Audio:GET Preview	1709022670826	1709022701102	KO	status.find.is(200), but actually found 504
GROUP	Audio Get Preview	1709022670821	1709022701107	30276	KO
REQUEST	Audio Get Preview	DARTS - Api - Audio:GET Preview	1709022670826	1709022701109	KO	status.find.is(200), but actually found 504
GROUP	Audio Get Preview	1709022670821	1709022701109	30283	KO
USER	Audio Requests:GET Preview	END	1709022701114
USER	Audio Requests:GET Preview	END	1709022701114
REQUEST	Audio Get Preview	DARTS - Api - Audio:GET Preview	1709022670826	1709022701116	KO	status.find.is(200), but actually found 504
REQUEST	Audio Get Preview	DARTS - Api - Audio:GET Preview	1709022670826	1709022701116	KO	status.find.is(200), but actually found 504
GROUP	Audio Get Preview	1709022670821	1709022701117	30290	KO
GROUP	Audio Get Preview	1709022670821	1709022701117	30290	KO
USER	Audio Requests:GET Preview	END	1709022701118
USER	Audio Requests:GET Preview	END	1709022701119
REQUEST	Audio Get Preview	DARTS - Api - Audio:GET Preview	1709022670826	1709022701148	KO	status.find.is(200), but actually found 504
REQUEST	Audio Get Preview	DARTS - Api - Audio:GET Preview	1709022670993	1709022701148	KO	status.find.is(200), but actually found 504
GROUP	Audio Get Preview	1709022670821	1709022701148	30322	KO
GROUP	Audio Get Preview	1709022670992	1709022701148	30155	KO
USER	Audio Requests:GET Preview	END	1709022701150
USER	Audio Requests:GET Preview	END	1709022701150
REQUEST	Audio Get Preview	DARTS - Api - Audio:GET Preview	1709022671130	1709022701313	KO	status.find.is(200), but actually found 504
GROUP	Audio Get Preview	1709022671130	1709022701314	30183	KO
USER	Audio Requests:GET Preview	END	1709022701315
REQUEST	Audio Get Preview	DARTS - Api - Audio:GET Preview	1709022671283	1709022701465	KO	status.find.is(200), but actually found 504
GROUP	Audio Get Preview	1709022671282	1709022701466	30182	KO
USER	Audio Requests:GET Preview	END	1709022701467
REQUEST	Audio Get Preview	DARTS - Api - Audio:GET Preview	1709022671325	1709022701491	KO	status.find.is(200), but actually found 504
GROUP	Audio Get Preview	1709022671325	1709022701492	30166	KO
USER	Audio Requests:GET Preview	END	1709022701493
REQUEST	Audio Get Preview	DARTS - Api - Audio:GET Preview	1709022671275	1709022701495	KO	status.find.is(200), but actually found 504
GROUP	Audio Get Preview	1709022671274	1709022701495	30220	KO
USER	Audio Requests:GET Preview	END	1709022701496
