RUN	DartsPortal.DartsPortalLoginSimulation	dartsportalloginsimulation	1709047578267	1	3.9.5
USER	Darts Portal Login	START	1709047579057
REQUEST	Darts Portal Login	Darts-Portal - Auth - Login	1709047579073	1709047579514	OK	 
REQUEST	Darts Portal Login	Darts-Portal - Auth - Login Redirect 1	1709047579532	1709047579955	OK	 
GROUP	Darts Portal Login	1709047579054	1709047580006	864	OK
REQUEST		B2C_1_darts_externaluser_signin - Oauth2/v2.0 - Authorize	1709047580008	1709047580205	OK	 
REQUEST		Darts-Portal - Auth - Azuread-b2c-login	1709047580238	1709047580384	OK	 
REQUEST		ruxitagentjs_ICA27NVfgjqrux_10283240117152214.js	1709047580402	1709047580532	OK	 
REQUEST		govuk-crest-white.png	1709047580550	1709047580600	OK	 
REQUEST		errors.js	1709047580403	1709047580628	OK	 
REQUEST		licence-logo.png	1709047580601	1709047580642	OK	 
REQUEST		favicon.ico	1709047580402	1709047580644	OK	 
REQUEST		xhr.js	1709047580403	1709047580664	OK	 
REQUEST		login.css	1709047580404	1709047580666	OK	 
REQUEST		login.js	1709047580631	1709047580688	OK	 
REQUEST		govuk-frontend-5.0.0.min.css	1709047580403	1709047580758	OK	 
REQUEST		B2C_1_darts_externaluser_signin - Client - Perftrace	1709047580781	1709047580782	KO	j.l.NullPointerException: Cannot invoke "java.lang.CharSequence.length()" because "seq" is null
REQUEST		B2C_1_darts_externaluser_signin - SelfAsserted	1709047588788	1709047589095	OK	 
ERROR	Darts-Portal - Auth - Callback: Failed to build request: No attribute named 'TokenCode' is defined 	1709047589099
REQUEST		Darts-Portal - Auth - Is-authenticated	1709047589101	1709047589143	OK	 
REQUEST		Darts-Portal - Auth - Is-authenticated	1709047589101	1709047589151	OK	 
REQUEST		Darts-Portal - App - Config	1709047589100	1709047589156	OK	 
REQUEST		request_10	1709047589102	1709047589159	KO	status.find.in([200, 209], 304), found 401
REQUEST		Darts-Portal - Api - Courthouses	1709047589102	1709047589170	KO	status.find.in([200, 209], 304), found 401
REQUEST		B2C_1_darts_externaluser_signin - Api - CombinedSigninAndSignup - Confirmed	1709047589102	1709047589195	KO	css((input[name='code'],Some(value))).find.exists, found nothing
REQUEST		Darts-Portal - User - Profile	1709047589101	1709047589230	KO	status.find.in([200, 209], 304), found 401
USER	Darts Portal Login	END	1709047589235
