RUN	DartsApi.AudioRequestSimulation	audiorequestsimulation	1708074073323	2	3.9.5
USER	Test1	START	1708074073868
REQUEST	TestDARTS - Api - Token:GET	DARTS - Api - Token:GET	1708074073867	1708074074423	OK	 
GROUP	TestDARTS - Api - Token:GET	1708074073849	1708074074480	556	OK
ERROR	DARTS - Api - AudioRequest:Post: Failed to build request: No attribute named 'hea_id' is defined 	1708074074485
GROUP	Audio RequestDARTS - Api - AudioRequest:Post	1708074074482	1708074074488	0	KO
REQUEST	Audio RequestDARTS - Api - AudioRequest:Post	DARTS - Api - AudioRequest:Post	1708074074490	1708074074601	OK	 
GROUP	Audio RequestDARTS - Api - AudioRequest:Post	1708074074490	1708074074603	111	OK
REQUEST	Audio RequestDARTS - Api - AudioRequest:Post	DARTS - Api - AudioRequest:Post	1708074074604	1708074074656	OK	 
GROUP	Audio RequestDARTS - Api - AudioRequest:Post	1708074074603	1708074074656	52	OK
REQUEST	Audio RequestDARTS - Api - AudioRequest:Post	DARTS - Api - AudioRequest:Post	1708074074657	1708074074727	OK	 
GROUP	Audio RequestDARTS - Api - AudioRequest:Post	1708074074656	1708074074727	70	OK
REQUEST	Audio RequestDARTS - Api - AudioRequest:Post	DARTS - Api - AudioRequest:Post	1708074074728	1708074074800	OK	 
GROUP	Audio RequestDARTS - Api - AudioRequest:Post	1708074074728	1708074074801	72	OK
REQUEST	Audio RequestDARTS - Api - AudioRequest:Post	DARTS - Api - AudioRequest:Post	1708074074802	1708074074849	OK	 
GROUP	Audio RequestDARTS - Api - AudioRequest:Post	1708074074801	1708074074849	47	OK
REQUEST	Audio RequestDARTS - Api - AudioRequest:Post	DARTS - Api - AudioRequest:Post	1708074074850	1708074074940	OK	 
GROUP	Audio RequestDARTS - Api - AudioRequest:Post	1708074074850	1708074074940	90	OK
REQUEST	Audio RequestDARTS - Api - AudioRequest:Post	DARTS - Api - AudioRequest:Post	1708074074941	1708074075008	OK	 
GROUP	Audio RequestDARTS - Api - AudioRequest:Post	1708074074941	1708074075008	67	OK
REQUEST	Audio RequestDARTS - Api - AudioRequest:Post	DARTS - Api - AudioRequest:Post	1708074075010	1708074075058	OK	 
GROUP	Audio RequestDARTS - Api - AudioRequest:Post	1708074075009	1708074075059	48	OK
REQUEST	Audio RequestDARTS - Api - AudioRequest:Post	DARTS - Api - AudioRequest:Post	1708074075061	1708074075130	OK	 
GROUP	Audio RequestDARTS - Api - AudioRequest:Post	1708074075060	1708074075131	69	OK
USER	Test1	END	1708074075135
