RUN	DartsApi.AudioGETPreviewSimulation	audiogetpreviewsimulation	1708958787587	0	3.9.5
USER	Audio Requests:GET Preview	START	1708958788344
USER	Audio Requests:GET Preview	START	1708958788423
USER	Audio Requests:GET Preview	START	1708958788515
USER	Audio Requests:GET Preview	START	1708958788623
USER	Audio Requests:GET Preview	START	1708958788716
USER	Audio Requests:GET Preview	START	1708958788821
USER	Audio Requests:GET Preview	START	1708958788931
USER	Audio Requests:GET Preview	START	1708958789022
REQUEST	B2C_1_Ropc_Darts_Signin - TokenDARTS - Api - B2C - Oauth2 - Token:GET	DARTS - Api - Token:GET	1708958788342	1708958788996	OK	 
GROUP	B2C_1_Ropc_Darts_Signin - TokenDARTS - Api - B2C - Oauth2 - Token:GET	1708958788322	1708958789040	654	OK
USER	Audio Requests:GET Preview	START	1708958789116
USER	Audio Requests:GET Preview	START	1708958789224
REQUEST	B2C_1_Ropc_Darts_Signin - TokenDARTS - Api - B2C - Oauth2 - Token:GET	DARTS - Api - Token:GET	1708958788422	1708958789233	OK	 
GROUP	B2C_1_Ropc_Darts_Signin - TokenDARTS - Api - B2C - Oauth2 - Token:GET	1708958788422	1708958789234	811	OK
REQUEST	B2C_1_Ropc_Darts_Signin - TokenDARTS - Api - B2C - Oauth2 - Token:GET	DARTS - Api - Token:GET	1708958788514	1708958789255	OK	 
GROUP	B2C_1_Ropc_Darts_Signin - TokenDARTS - Api - B2C - Oauth2 - Token:GET	1708958788513	1708958789256	741	OK
REQUEST	B2C_1_Ropc_Darts_Signin - TokenDARTS - Api - B2C - Oauth2 - Token:GET	DARTS - Api - Token:GET	1708958788715	1708958789380	OK	 
GROUP	B2C_1_Ropc_Darts_Signin - TokenDARTS - Api - B2C - Oauth2 - Token:GET	1708958788714	1708958789382	665	OK
REQUEST	B2C_1_Ropc_Darts_Signin - TokenDARTS - Api - B2C - Oauth2 - Token:GET	DARTS - Api - Token:GET	1708958788821	1708958789641	OK	 
GROUP	B2C_1_Ropc_Darts_Signin - TokenDARTS - Api - B2C - Oauth2 - Token:GET	1708958788820	1708958789642	820	OK
REQUEST	B2C_1_Ropc_Darts_Signin - TokenDARTS - Api - B2C - Oauth2 - Token:GET	DARTS - Api - Token:GET	1708958788622	1708958789662	OK	 
GROUP	B2C_1_Ropc_Darts_Signin - TokenDARTS - Api - B2C - Oauth2 - Token:GET	1708958788622	1708958789663	1040	OK
REQUEST	B2C_1_Ropc_Darts_Signin - TokenDARTS - Api - B2C - Oauth2 - Token:GET	DARTS - Api - Token:GET	1708958788930	1708958789670	OK	 
GROUP	B2C_1_Ropc_Darts_Signin - TokenDARTS - Api - B2C - Oauth2 - Token:GET	1708958788929	1708958789671	740	OK
REQUEST	B2C_1_Ropc_Darts_Signin - TokenDARTS - Api - B2C - Oauth2 - Token:GET	DARTS - Api - Token:GET	1708958789021	1708958789677	OK	 
GROUP	B2C_1_Ropc_Darts_Signin - TokenDARTS - Api - B2C - Oauth2 - Token:GET	1708958789020	1708958789679	656	OK
REQUEST	B2C_1_Ropc_Darts_Signin - TokenDARTS - Api - B2C - Oauth2 - Token:GET	DARTS - Api - Token:GET	1708958789115	1708958789851	OK	 
GROUP	B2C_1_Ropc_Darts_Signin - TokenDARTS - Api - B2C - Oauth2 - Token:GET	1708958789115	1708958789852	736	OK
REQUEST	B2C_1_Ropc_Darts_Signin - TokenDARTS - Api - B2C - Oauth2 - Token:GET	DARTS - Api - Token:GET	1708958789222	1708958790098	OK	 
GROUP	B2C_1_Ropc_Darts_Signin - TokenDARTS - Api - B2C - Oauth2 - Token:GET	1708958789221	1708958790099	876	OK
REQUEST	Audio Get Preview	DARTS - Api - Audio:GET Preview	1708958789235	1708958819405	KO	status.find.is(200), but actually found 504
GROUP	Audio Get Preview	1708958789234	1708958819412	30170	KO
REQUEST	Audio Get Preview	DARTS - Api - Audio:GET Preview	1708958789045	1708958819447	KO	status.find.is(200), but actually found 504
REQUEST	Audio Get Preview	DARTS - Api - Audio:GET Preview	1708958789256	1708958819447	KO	status.find.is(200), but actually found 504
GROUP	Audio Get Preview	1708958789042	1708958819448	30402	KO
GROUP	Audio Get Preview	1708958789256	1708958819448	30191	KO
REQUEST	Audio Get Preview	DARTS - Api - Audio:GET Preview	1708958789383	1708958819632	KO	status.find.is(200), but actually found 504
GROUP	Audio Get Preview	1708958789382	1708958819632	30249	KO
REQUEST	Audio Get Preview	DARTS - Api - Audio:GET Preview	1708958789664	1708958819846	KO	status.find.is(200), but actually found 504
GROUP	Audio Get Preview	1708958789664	1708958819846	30182	KO
REQUEST	Audio Get Preview	DARTS - Api - Audio:GET Preview	1708958789643	1708958819881	KO	status.find.is(200), but actually found 504
GROUP	Audio Get Preview	1708958789642	1708958819881	30238	KO
REQUEST	Audio Get Preview	DARTS - Api - Audio:GET Preview	1708958789672	1708958819892	KO	status.find.is(200), but actually found 504
GROUP	Audio Get Preview	1708958789671	1708958819893	30220	KO
REQUEST	Audio Get Preview	DARTS - Api - Audio:GET Preview	1708958789680	1708958819916	KO	status.find.is(200), but actually found 504
GROUP	Audio Get Preview	1708958789679	1708958819916	30236	KO
REQUEST	Audio Get Preview	DARTS - Api - Audio:GET Preview	1708958789852	1708958820087	KO	status.find.is(200), but actually found 504
GROUP	Audio Get Preview	1708958789852	1708958820087	30235	KO
REQUEST	Audio Get Preview	DARTS - Api - Audio:GET Preview	1708958790100	1708958820424	KO	status.find.is(200), but actually found 504
GROUP	Audio Get Preview	1708958790099	1708958820424	30324	KO
REQUEST	Audio Get Preview	DARTS - Api - Audio:GET Preview	1708958819414	1708958849465	KO	status.find.is(200), but actually found 504
GROUP	Audio Get Preview	1708958819412	1708958849465	30051	KO
REQUEST	Audio Get Preview	DARTS - Api - Audio:GET Preview	1708958819448	1708958849488	KO	status.find.is(200), but actually found 504
GROUP	Audio Get Preview	1708958819448	1708958849488	30040	KO
REQUEST	Audio Get Preview	DARTS - Api - Audio:GET Preview	1708958819448	1708958849491	KO	status.find.is(200), but actually found 504
GROUP	Audio Get Preview	1708958819448	1708958849491	30043	KO
REQUEST	Audio Get Preview	DARTS - Api - Audio:GET Preview	1708958819633	1708958849679	KO	status.find.is(200), but actually found 504
GROUP	Audio Get Preview	1708958819633	1708958849679	30046	KO
REQUEST	Audio Get Preview	DARTS - Api - Audio:GET Preview	1708958819847	1708958849926	KO	status.find.is(200), but actually found 504
REQUEST	Audio Get Preview	DARTS - Api - Audio:GET Preview	1708958819882	1708958849926	KO	status.find.is(200), but actually found 504
GROUP	Audio Get Preview	1708958819847	1708958849926	30079	KO
GROUP	Audio Get Preview	1708958819881	1708958849926	30044	KO
REQUEST	Audio Get Preview	DARTS - Api - Audio:GET Preview	1708958819894	1708958849948	KO	status.find.is(200), but actually found 504
GROUP	Audio Get Preview	1708958819893	1708958849948	30054	KO
REQUEST	Audio Get Preview	DARTS - Api - Audio:GET Preview	1708958819917	1708958849956	KO	status.find.is(200), but actually found 504
GROUP	Audio Get Preview	1708958819916	1708958849956	30039	KO
REQUEST	Audio Get Preview	DARTS - Api - Audio:GET Preview	1708958820088	1708958850143	KO	status.find.is(200), but actually found 504
GROUP	Audio Get Preview	1708958820088	1708958850144	30055	KO
REQUEST	Audio Get Preview	DARTS - Api - Audio:GET Preview	1708958820425	1708958850473	KO	status.find.is(200), but actually found 504
GROUP	Audio Get Preview	1708958820424	1708958850474	30048	KO
REQUEST	Audio Get Preview	DARTS - Api - Audio:GET Preview	1708958849466	1708958879513	KO	status.find.is(200), but actually found 504
GROUP	Audio Get Preview	1708958849466	1708958879514	30047	KO
REQUEST	Audio Get Preview	DARTS - Api - Audio:GET Preview	1708958849489	1708958879531	KO	status.find.is(200), but actually found 504
GROUP	Audio Get Preview	1708958849489	1708958879531	30042	KO
REQUEST	Audio Get Preview	DARTS - Api - Audio:GET Preview	1708958849492	1708958879536	KO	status.find.is(200), but actually found 504
GROUP	Audio Get Preview	1708958849491	1708958879536	30044	KO
REQUEST	Audio Get Preview	DARTS - Api - Audio:GET Preview	1708958849680	1708958879748	KO	status.find.is(200), but actually found 504
GROUP	Audio Get Preview	1708958849680	1708958879748	30068	KO
REQUEST	Audio Get Preview	DARTS - Api - Audio:GET Preview	1708958849927	1708958879973	KO	status.find.is(200), but actually found 504
GROUP	Audio Get Preview	1708958849927	1708958879974	30046	KO
REQUEST	Audio Get Preview	DARTS - Api - Audio:GET Preview	1708958849927	1708958879980	KO	