RUN	DartsApi.AudioRequestSimulation	audiorequestsimulation	1708084385511	2	3.9.5
USER	Test1	START	1708084386359
REQUEST	TestDARTS - Api - Token:GET	DARTS - Api - Token:GET	1708084386357	1708084386925	OK	 
GROUP	TestDARTS - Api - Token:GET	1708084386337	1708084386973	568	OK
ERROR	DARTS - Api - AudioRequest:Post: Failed to build request: No attribute named 'hea_id' is defined 	1708084386977
GROUP	Audio RequestDARTS - Api - AudioRequest:Post	1708084386974	1708084386980	0	KO
REQUEST	Audio RequestDARTS - Api - AudioRequest:Post	DARTS - Api - AudioRequest:Post	1708084386982	1708084388349	OK	 
GROUP	Audio RequestDARTS - Api - AudioRequest:Post	1708084386981	1708084388351	1367	OK
REQUEST	Audio RequestDARTS - Api - AudioRequest:Post	DARTS - Api - AudioRequest:Post	1708084388352	1708084389530	OK	 
GROUP	Audio RequestDARTS - Api - AudioRequest:Post	1708084388351	1708084389530	1178	OK
REQUEST	Audio RequestDARTS - Api - AudioRequest:Post	DARTS - Api - AudioRequest:Post	1708084389532	1708084390668	OK	 
GROUP	Audio RequestDARTS - Api - AudioRequest:Post	1708084389531	1708084390668	1136	OK
REQUEST	Audio RequestDARTS - Api - AudioRequest:Post	DARTS - Api - AudioRequest:Post	1708084390669	1708084391630	OK	 
GROUP	Audio RequestDARTS - Api - AudioRequest:Post	1708084390669	1708084391631	961	OK
REQUEST	Audio RequestDARTS - Api - AudioRequest:Post	DARTS - Api - AudioRequest:Post	1708084391631	1708084391827	OK	 
GROUP	Audio RequestDARTS - Api - AudioRequest:Post	1708084391631	1708084391827	196	OK
REQUEST	Audio RequestDARTS - Api - AudioRequest:Post	DARTS - Api - AudioRequest:Post	1708084391828	1708084391987	OK	 
GROUP	Audio RequestDARTS - Api - AudioRequest:Post	1708084391828	1708084391987	159	OK
REQUEST	Audio RequestDARTS - Api - AudioRequest:Post	DARTS - Api - AudioRequest:Post	1708084391988	1708084392233	OK	 
GROUP	Audio RequestDARTS - Api - AudioRequest:Post	1708084391988	1708084392233	245	OK
REQUEST	Audio RequestDARTS - Api - AudioRequest:Post	DARTS - Api - AudioRequest:Post	1708084392235	1708084392410	OK	 
GROUP	Audio RequestDARTS - Api - AudioRequest:Post	1708084392234	1708084392411	175	OK
REQUEST	Audio RequestDARTS - Api - AudioRequest:Post	DARTS - Api - AudioRequest:Post	1708084392412	1708084392564	OK	 
GROUP	Audio RequestDARTS - Api - AudioRequest:Post	1708084392412	1708084392564	152	OK
USER	Test1	END	1708084392568
