RUN	DartsPortal.DartsPortalLogin	dartsportallogin	1708605906541	9	3.9.5
USER	DartsPortalLogin	START	1708605907333
REQUEST		request_0	1708605907331	1708605907812	OK	 
REQUEST		request_0 Redirect 1	1708605907832	1708605908127	OK	 
REQUEST		request_2134	1708605908175	1708605908332	OK	 
REQUEST		request_1	1708605908355	1708605908399	OK	 
REQUEST		ruxitagentjs_ICA27NVfgjqrux_10283240117152214.js	1708605908418	1708605908499	OK	 
REQUEST		govuk-crest-white.png	1708605908520	1708605908572	OK	 
REQUEST		errors.js	1708605908419	1708605908578	OK	 
REQUEST		login.css	1708605908419	1708605908615	OK	 
REQUEST		favicon.ico	1708605908418	1708605908623	OK	 
REQUEST		xhr.js	1708605908419	1708605908626	OK	 
REQUEST		licence-logo.png	1708605908574	1708605908632	OK	 
REQUEST		login.js	1708605908581	1708605908639	OK	 
REQUEST		govuk-frontend-5.0.0.min.css	1708605908419	1708605908669	OK	 
REQUEST		request_2	1708605908687	1708605908771	OK	 
REQUEST		request_3	1708605916785	1708605917051	OK	 
REQUEST		request_10	1708605917058	1708605917090	KO	status.find.in([200, 209], 304), found 401
REQUEST		request_6	1708605917056	1708605917096	OK	 
REQUEST		request_7	1708605917057	1708605917099	OK	 
REQUEST		request_8	1708605917057	1708605917107	OK	 
REQUEST		request_9	1708605917057	1708605917117	KO	status.find.in([200, 209], 304), found 401
REQUEST		request_11	1708605917095	1708605917137	KO	status.find.in([200, 209], 304), found 401
REQUEST		request_13	1708605917101	1708605917140	KO	status.find.in([200, 209], 304), found 401
REQUEST		request_12	1708605917098	1708605917142	KO	status.find.in([200, 209], 304), found 401
REQUEST		request_4	1708605917058	1708605917172	OK	 
REQUEST		request_5	1708605917056	1708605917325	KO	status.find.in([200, 209], 304), found 500
USER	DartsPortalLogin	END	1708605917332
