RUN	DartsPortal.DartsPortalLoginSimulation	dartsportalloginsimulation	1709049242736	1	3.9.5
USER	Darts Portal Login	START	1709049243712
REQUEST	Darts Portal Login	Darts-Portal - Auth - Login	1709049243724	1709049244232	OK	 
REQUEST	Darts Portal Login	Darts-Portal - Auth - Login Redirect 1	1709049244254	1709049244691	OK	 
GROUP	Darts Portal Login	1709049243710	1709049244740	945	OK
REQUEST		B2C_1_darts_externaluser_signin - Oauth2/v2.0 - Authorize	1709049244743	1709049244911	OK	 
REQUEST		Darts-Portal - Auth - Azuread-b2c-login	1709049244939	1709049244988	OK	 
REQUEST		ruxitagentjs_ICA27NVfgjqrux_10283240117152214.js	1709049245005	1709049245134	OK	 
REQUEST		govuk-crest-white.png	1709049245152	1709049245201	OK	 
REQUEST		xhr.js	1709049245007	1709049245234	OK	 
REQUEST		licence-logo.png	1709049245202	1709049245246	OK	 
REQUEST		favicon.ico	1709049245006	1709049245257	OK	 
REQUEST		login.js	1709049245235	1709049245286	OK	 
REQUEST		login.css	1709049245007	1709049245288	OK	 
REQUEST		govuk-frontend-5.0.0.min.css	1709049245007	1709049245486	OK	 
REQUEST		errors.js	1709049245006	1709049245712	OK	 
REQUEST		B2C_1_darts_externaluser_signin - Client - Perftrace	1709049245722	1709049245722	KO	j.l.NullPointerException: Cannot invoke "java.lang.CharSequence.length()" because "seq" is null
REQUEST		B2C_1_darts_externaluser_signin - SelfAsserted	1709049253737	1709049254193	OK	 
ERROR	Darts-Portal - Auth - Callback: Failed to build request: No attribute named 'TokenCode' is defined 	1709049254198
REQUEST		request_10	1709049254200	1709049254267	KO	status.find.in([200, 209], 304), found 401
REQUEST		Darts-Portal - User - Profile	1709049254199	1709049254272	KO	status.find.in([200, 209], 304), found 401
REQUEST		Darts-Portal - Auth - Is-authenticated	1709049254199	1709049254274	OK	 
REQUEST		Darts-Portal - App - Config	1709049254198	1709049254276	OK	 
REQUEST		Darts-Portal - Api - Courthouses	1709049254200	1709049254277	KO	status.find.in([200, 209], 304), found 401
REQUEST		Darts-Portal - Auth - Is-authenticated	1709049254199	1709049254279	OK	 
REQUEST		B2C_1_darts_externaluser_signin - Api - CombinedSigninAndSignup - Confirmed	1709049254200	1709049255239	OK	 
USER	Darts Portal Login	END	1709049255260
