RUN	DartsApi.AudioRequestSimulation	audiorequestsimulation	1708073938761	1	3.9.5
USER	Test1	START	1708073939555
REQUEST	TestDARTS - Api - Token:GET	DARTS - Api - Token:GET	1708073939553	1708073940172	OK	 
GROUP	TestDARTS - Api - Token:GET	1708073939537	1708073940208	619	OK
ERROR	DARTS - Api - AudioRequest:Post: Failed to build request: No attribute named 'hea_id' is defined 	1708073940215
GROUP	Audio RequestDARTS - Api - AudioRequest:Post	1708073940210	1708073940220	0	KO
REQUEST	Audio RequestDARTS - Api - AudioRequest:Post	DARTS - Api - AudioRequest:Post	1708073940223	1708073940491	KO	status.find.is(409), but actually found 200
GROUP	Audio RequestDARTS - Api - AudioRequest:Post	1708073940222	1708073940496	268	KO
REQUEST	Audio RequestDARTS - Api - AudioRequest:Post	DARTS - Api - AudioRequest:Post	1708073940498	1708073940572	KO	status.find.is(409), but actually found 200
GROUP	Audio RequestDARTS - Api - AudioRequest:Post	1708073940497	1708073940572	74	KO
REQUEST	Audio RequestDARTS - Api - AudioRequest:Post	DARTS - Api - AudioRequest:Post	1708073940574	1708073940647	KO	status.find.is(409), but actually found 200
GROUP	Audio RequestDARTS - Api - AudioRequest:Post	1708073940573	1708073940648	73	KO
REQUEST	Audio RequestDARTS - Api - AudioRequest:Post	DARTS - Api - AudioRequest:Post	1708073940649	1708073940720	KO	status.find.is(409), but actually found 200
GROUP	Audio RequestDARTS - Api - AudioRequest:Post	1708073940648	1708073940720	71	KO
REQUEST	Audio RequestDARTS - Api - AudioRequest:Post	DARTS - Api - AudioRequest:Post	1708073940721	1708073940789	KO	status.find.is(409), but actually found 200
GROUP	Audio RequestDARTS - Api - AudioRequest:Post	1708073940721	1708073940790	68	KO
REQUEST	Audio RequestDARTS - Api - AudioRequest:Post	DARTS - Api - AudioRequest:Post	1708073940791	1708073940864	KO	status.find.is(409), but actually found 200
GROUP	Audio RequestDARTS - Api - AudioRequest:Post	1708073940790	1708073940864	73	KO
REQUEST	Audio RequestDARTS - Api - AudioRequest:Post	DARTS - Api - AudioRequest:Post	1708073940866	1708073940946	KO	status.find.is(409), but actually found 200
GROUP	Audio RequestDARTS - Api - AudioRequest:Post	1708073940865	1708073940946	80	KO
REQUEST	Audio RequestDARTS - Api - AudioRequest:Post	DARTS - Api - AudioRequest:Post	1708073940947	1708073941029	KO	status.find.is(409), but actually found 200
GROUP	Audio RequestDARTS - Api - AudioRequest:Post	1708073940947	1708073941030	82	KO
REQUEST	Audio RequestDARTS - Api - AudioRequest:Post	DARTS - Api - AudioRequest:Post	1708073941031	1708073941103	KO	status.find.is(409), but actually found 200
GROUP	Audio RequestDARTS - Api - AudioRequest:Post	1708073941031	1708073941103	72	KO
USER	Test1	END	1708073941108
