RUN	DartsApi.AudioRequestPostSimulation	audiorequestpostsimulation	1708335742013	2	3.9.5
USER	Audio Requests:POST	START	1708335742798
REQUEST	B2C_1_Ropc_Darts_Signin - TokenDARTS - Api - B2C - Oauth2 - Token:GET	DARTS - Api - Token:GET	1708335742797	1708335743573	OK	 
GROUP	B2C_1_Ropc_Darts_Signin - TokenDARTS - Api - B2C - Oauth2 - Token:GET	1708335742783	1708335743615	776	OK
REQUEST	Audio Request Group	DARTS - Api - AudioRequest:Post	1708335743621	1708335743939	OK	 
GROUP	Audio Request Group	1708335743616	1708335743941	318	OK
REQUEST	Audio Request Group	DARTS - Api - AudioRequest:Post	1708335743942	1708335744073	OK	 
GROUP	Audio Request Group	1708335743941	1708335744073	131	OK
REQUEST	Audio Request Group	DARTS - Api - AudioRequest:Post	1708335744074	1708335744145	OK	 
GROUP	Audio Request Group	1708335744074	1708335744145	71	OK
REQUEST	Audio Request Group	DARTS - Api - AudioRequest:Post	1708335744146	1708335744373	OK	 
GROUP	Audio Request Group	1708335744145	1708335744374	227	OK
REQUEST	Audio Request Group	DARTS - Api - AudioRequest:Post	1708335744376	1708335744521	OK	 
GROUP	Audio Request Group	1708335744374	1708335744521	145	OK
REQUEST	Audio Request Group	DARTS - Api - AudioRequest:Post	1708335744522	1708335744620	OK	 
GROUP	Audio Request Group	1708335744521	1708335744620	98	OK
REQUEST	Audio Request Group	DARTS - Api - AudioRequest:Post	1708335744621	1708335744711	OK	 
GROUP	Audio Request Group	1708335744620	1708335744711	90	OK
REQUEST	Audio Request Group	DARTS - Api - AudioRequest:Post	1708335744712	1708335744821	OK	 
GROUP	Audio Request Group	1708335744712	1708335744822	109	OK
REQUEST	Audio Request Group	DARTS - Api - AudioRequest:Post	1708335744822	1708335744961	OK	 
GROUP	Audio Request Group	1708335744822	1708335744961	139	OK
REQUEST	Audio Request Group	DARTS - Api - AudioRequest:Post	1708335744962	1708335745045	OK	 
GROUP	Audio Request Group	1708335744961	1708335745046	83	OK
USER	Audio Requests:POST	END	1708335745048
