RUN	DartsPortal.DartsPortalLogin	dartsportallogin	1708606012108	9	3.9.5
USER	DartsPortalLogin	START	1708606012759
REQUEST		request_0	1708606012757	1708606013310	OK	 
REQUEST		request_0 Redirect 1	1708606013335	1708606013624	OK	 
REQUEST		request_2134	1708606013688	1708606013859	OK	 
REQUEST		request_1	1708606013883	1708606013944	OK	 
REQUEST		ruxitagentjs_ICA27NVfgjqrux_10283240117152214.js	1708606013971	1708606014079	OK	 
REQUEST		errors.js	1708606013972	1708606014129	OK	 
REQUEST		login.css	1708606013973	1708606014143	OK	 
REQUEST		govuk-crest-white.png	1708606014098	1708606014157	OK	 
REQUEST		favicon.ico	1708606013972	1708606014159	OK	 
REQUEST		xhr.js	1708606013973	1708606014161	OK	 
REQUEST		govuk-frontend-5.0.0.min.css	1708606013973	1708606014173	OK	 
REQUEST		licence-logo.png	1708606014132	1708606014187	OK	 
REQUEST		login.js	1708606014156	1708606014206	OK	 
REQUEST		request_2	1708606014213	1708606014276	OK	 
REQUEST		request_3	1708606022285	1708606022645	OK	 
REQUEST		request_7	1708606022652	1708606022686	OK	 
REQUEST		request_6	1708606022652	1708606022692	OK	 
REQUEST		request_9	1708606022653	1708606022702	KO	status.find.in([200, 209], 304), found 401
REQUEST		request_10	1708606022654	1708606022709	KO	status.find.in([200, 209], 304), found 401
REQUEST		request_8	1708606022653	1708606022718	OK	 
REQUEST		request_12	1708606022693	1708606022727	KO	status.find.in([200, 209], 304), found 401
REQUEST		request_13	1708606022705	1708606022735	KO	status.find.in([200, 209], 304), found 401
REQUEST		request_11	1708606022687	1708606022738	KO	status.find.in([200, 209], 304), found 401
REQUEST		request_4	1708606022654	1708606022772	OK	 
REQUEST		request_5	1708606022651	1708606022881	KO	status.find.in([200, 209], 304), found 500
USER	DartsPortalLogin	END	1708606022889
