RUN	DartsApi.CourthousePostSimulation	courthousepostsimulation	1708698885114	8	3.9.5
USER	Courthouse:POST	START	1708698885790
REQUEST	B2C_1_Ropc_Darts_Signin - TokenDARTS - Api - B2C - Oauth2 - Token:GET	DARTS - Api - Token:GET	1708698885789	1708698886437	OK	 
GROUP	B2C_1_Ropc_Darts_Signin - TokenDARTS - Api - B2C - Oauth2 - Token:GET	1708698885775	1708698886509	648	OK
REQUEST	Courthouse Api Request Group	DARTS - Api - CourtHouse:Post	1708698886516	1708698886826	OK	 
REQUEST	Courthouse Api Request Group	DARTS - Api - CourtHouse:Post Redirect 1	1708698886829	1708698887042	KO	status.find.is(302), but actually found 200
GROUP	Courthouse Api Request Group	1708698886511	1708698887045	523	KO
REQUEST	Courthouse Api Request Group	DARTS - Api - CourtHouse:Post	1708698887047	1708698887111	OK	 
REQUEST	Courthouse Api Request Group	DARTS - Api - CourtHouse:Post Redirect 1	1708698887112	1708698887285	KO	status.find.is(302), but actually found 200
GROUP	Courthouse Api Request Group	1708698887045	1708698887286	237	KO
REQUEST	Courthouse Api Request Group	DARTS - Api - CourtHouse:Post	1708698887287	1708698887347	OK	 
REQUEST	Courthouse Api Request Group	DARTS - Api - CourtHouse:Post Redirect 1	1708698887348	1708698887510	KO	status.find.is(302), but actually found 200
GROUP	Courthouse Api Request Group	1708698887286	1708698887511	222	KO
REQUEST	Courthouse Api Request Group	DARTS - Api - CourtHouse:Post	1708698887512	1708698887573	OK	 
REQUEST	Courthouse Api Request Group	DARTS - Api - CourtHouse:Post Redirect 1	1708698887573	1708698887731	KO	status.find.is(302), but actually found 200
GROUP	Courthouse Api Request Group	1708698887511	1708698887731	219	KO
REQUEST	Courthouse Api Request Group	DARTS - Api - CourtHouse:Post	1708698887732	1708698887793	OK	 
REQUEST	Courthouse Api Request Group	DARTS - Api - CourtHouse:Post Redirect 1	1708698887793	1708698887931	KO	status.find.is(302), but actually found 200
GROUP	Courthouse Api Request Group	1708698887731	1708698887931	199	KO
REQUEST	Courthouse Api Request Group	DARTS - Api - CourtHouse:Post	1708698887932	1708698887990	OK	 
REQUEST	Courthouse Api Request Group	DARTS - Api - CourtHouse:Post Redirect 1	1708698887990	1708698888147	KO	status.find.is(302), but actually found 200
GROUP	Courthouse Api Request Group	1708698887931	1708698888147	215	KO
REQUEST	Courthouse Api Request Group	DARTS - Api - CourtHouse:Post	1708698888148	1708698888222	OK	 
REQUEST	Courthouse Api Request Group	DARTS - Api - CourtHouse:Post Redirect 1	1708698888222	1708698888344	KO	status.find.is(302), but actually found 200
GROUP	Courthouse Api Request Group	1708698888148	1708698888345	196	KO
REQUEST	Courthouse Api Request Group	DARTS - Api - CourtHouse:Post	1708698888346	1708698888393	OK	 
REQUEST	Courthouse Api Request Group	DARTS - Api - CourtHouse:Post Redirect 1	1708698888394	1708698888511	KO	status.find.is(302), but actually found 200
GROUP	Courthouse Api Request Group	1708698888345	1708698888512	164	KO
REQUEST	Courthouse Api Request Group	DARTS - Api - CourtHouse:Post	1708698888513	1708698888557	OK	 
REQUEST	Courthouse Api Request Group	DARTS - Api - CourtHouse:Post Redirect 1	1708698888558	1708698888671	KO	status.find.is(302), but actually found 200
GROUP	Courthouse Api Request Group	1708698888512	1708698888672	157	KO
REQUEST	Courthouse Api Request Group	DARTS - Api - CourtHouse:Post	1708698888673	1708698888728	OK	 
REQUEST	Courthouse Api Request Group	DARTS - Api - CourtHouse:Post Redirect 1	1708698888728	1708698888907	KO	status.find.is(302), but actually found 200
GROUP	Courthouse Api Request Group	1708698888672	1708698888907	234	KO
USER	Courthouse:POST	END	1708698888909
