RUN	DartsApi.AudioGETPreviewSimulation	audiogetpreviewsimulation	1709023265705	0	3.9.5
USER	Audio Requests:GET Preview	START	1709023266495
USER	Audio Requests:GET Preview	START	1709023266582
USER	Audio Requests:GET Preview	START	1709023266673
USER	Audio Requests:GET Preview	START	1709023266782
USER	Audio Requests:GET Preview	START	1709023266878
USER	Audio Requests:GET Preview	START	1709023266984
USER	Audio Requests:GET Preview	START	1709023267076
USER	Audio Requests:GET Preview	START	1709023267182
REQUEST	B2C_1_Ropc_Darts_Signin - TokenDARTS - Api - B2C - Oauth2 - Token:GET	DARTS - Api - Token:GET	1709023266494	1709023267171	OK	 
GROUP	B2C_1_Ropc_Darts_Signin - TokenDARTS - Api - B2C - Oauth2 - Token:GET	1709023266480	1709023267220	677	OK
USER	Audio Requests:GET Preview	START	1709023267289
REQUEST	B2C_1_Ropc_Darts_Signin - TokenDARTS - Api - B2C - Oauth2 - Token:GET	DARTS - Api - Token:GET	1709023266672	1709023267353	OK	 
REQUEST	B2C_1_Ropc_Darts_Signin - TokenDARTS - Api - B2C - Oauth2 - Token:GET	DARTS - Api - Token:GET	1709023266579	1709023267353	OK	 
GROUP	B2C_1_Ropc_Darts_Signin - TokenDARTS - Api - B2C - Oauth2 - Token:GET	1709023266672	1709023267356	681	OK
GROUP	B2C_1_Ropc_Darts_Signin - TokenDARTS - Api - B2C - Oauth2 - Token:GET	1709023266579	1709023267360	774	OK
USER	Audio Requests:GET Preview	START	1709023267382
REQUEST	B2C_1_Ropc_Darts_Signin - TokenDARTS - Api - B2C - Oauth2 - Token:GET	DARTS - Api - Token:GET	1709023266781	1709023267416	OK	 
GROUP	B2C_1_Ropc_Darts_Signin - TokenDARTS - Api - B2C - Oauth2 - Token:GET	1709023266781	1709023267418	635	OK
REQUEST	B2C_1_Ropc_Darts_Signin - TokenDARTS - Api - B2C - Oauth2 - Token:GET	DARTS - Api - Token:GET	1709023266877	1709023267489	OK	 
GROUP	B2C_1_Ropc_Darts_Signin - TokenDARTS - Api - B2C - Oauth2 - Token:GET	1709023266877	1709023267490	612	OK
REQUEST	B2C_1_Ropc_Darts_Signin - TokenDARTS - Api - B2C - Oauth2 - Token:GET	DARTS - Api - Token:GET	1709023267075	1709023267725	OK	 
GROUP	B2C_1_Ropc_Darts_Signin - TokenDARTS - Api - B2C - Oauth2 - Token:GET	1709023267075	1709023267726	650	OK
REQUEST	B2C_1_Ropc_Darts_Signin - TokenDARTS - Api - B2C - Oauth2 - Token:GET	DARTS - Api - Token:GET	1709023266984	1709023267740	OK	 
GROUP	B2C_1_Ropc_Darts_Signin - TokenDARTS - Api - B2C - Oauth2 - Token:GET	1709023266983	1709023267741	756	OK
REQUEST	B2C_1_Ropc_Darts_Signin - TokenDARTS - Api - B2C - Oauth2 - Token:GET	DARTS - Api - Token:GET	1709023267382	1709023267954	OK	 
GROUP	B2C_1_Ropc_Darts_Signin - TokenDARTS - Api - B2C - Oauth2 - Token:GET	1709023267381	1709023267955	572	OK
REQUEST	B2C_1_Ropc_Darts_Signin - TokenDARTS - Api - B2C - Oauth2 - Token:GET	DARTS - Api - Token:GET	1709023267181	1709023271275	OK	 
GROUP	B2C_1_Ropc_Darts_Signin - TokenDARTS - Api - B2C - Oauth2 - Token:GET	1709023267181	1709023271276	4094	OK
REQUEST	B2C_1_Ropc_Darts_Signin - TokenDARTS - Api - B2C - Oauth2 - Token:GET	DARTS - Api - Token:GET	1709023267289	1709023271597	OK	 
GROUP	B2C_1_Ropc_Darts_Signin - TokenDARTS - Api - B2C - Oauth2 - Token:GET	1709023267288	1709023271598	4308	OK
REQUEST	Audio Get Preview	DARTS - Api - Audio:GET Preview	1709023267361	1709023297535	KO	status.find.is(200), but actually found 504
GROUP	Audio Get Preview	1709023267360	1709023297538	30174	KO
USER	Audio Requests:GET Preview	END	1709023297545
REQUEST	Audio Get Preview	DARTS - Api - Audio:GET Preview	1709023267227	1709023297555	KO	status.find.is(200), but actually found 504
GROUP	Audio Get Preview	1709023267223	1709023297555	30328	KO
USER	Audio Requests:GET Preview	END	1709023297556
REQUEST	Audio Get Preview	DARTS - Api - Audio:GET Preview	1709023267357	1709023297568	KO	status.find.is(200), but actually found 504
GROUP	Audio Get Preview	1709023267356	1709023297568	30211	KO
USER	Audio Requests:GET Preview	END	1709023297569
REQUEST	Audio Get Preview	DARTS - Api - Audio:GET Preview	1709023267418	1709023297596	KO	status.find.is(200), but actually found 504
GROUP	Audio Get Preview	1709023267418	1709023297596	30178	KO
USER	Audio Requests:GET Preview	END	1709023297597
REQUEST	Audio Get Preview	DARTS - Api - Audio:GET Preview	1709023267491	1709023297670	KO	status.find.is(200), but actually found 504
GROUP	Audio Get Preview	1709023267490	1709023297670	30179	KO
USER	Audio Requests:GET Preview	END	1709023297671
REQUEST	Audio Get Preview	DARTS - Api - Audio:GET Preview	1709023267742	1709023297921	KO	status.find.is(200), but actually found 504
GROUP	Audio Get Preview	1709023267741	1709023297921	30179	KO
USER	Audio Requests:GET Preview	END	1709023297924
REQUEST	Audio Get Preview	DARTS - Api - Audio:GET Preview	1709023267726	1709023297954	KO	status.find.is(200), but actually found 504
GROUP	Audio Get Preview	1709023267726	1709023297954	30228	KO
USER	Audio Requests:GET Preview	END	1709023297955
REQUEST	Audio Get Preview	DARTS - Api - Audio:GET Preview	1709023267956	1709023298149	KO	status.find.is(200), but actually found 504
GROUP	Audio Get Preview	1709023267955	1709023298149	30193	KO
USER	Audio Requests:GET Preview	END	1709023298151
REQUEST	Audio Get Preview	DARTS - Api - Audio:GET Preview	1709023271276	1709023301553	KO	status.find.is(200), but actually found 504
GROUP	Audio Get Preview	1709023271276	1709023301554	30277	KO
USER	Audio Requests:GET Preview	END	1709023301556
REQUEST	Audio Get Preview	DARTS - Api - Audio:GET Preview	1709023271599	1709023301864	KO	status.find.is(200), but actually found 504
GROUP	Audio Get Preview	1709023271598	1709023301865	30265	KO
USER	Audio Requests:GET Preview	END	1709023301866
