RUN	DartsApi.AudioRequestProfileSimulation	audiorequestprofilesimulation	1708343061164	6	3.9.5
USER	Audio Requests:POST	START	1708343061869
REQUEST	B2C_1_Ropc_Darts_Signin - TokenDARTS - Api - B2C - Oauth2 - Token:GET	DARTS - Api - Token:GET	1708343061867	1708343062399	OK	 
GROUP	B2C_1_Ropc_Darts_Signin - TokenDARTS - Api - B2C - Oauth2 - Token:GET	1708343061844	1708343062449	532	OK
REQUEST	Audio Request Get	DARTS - Api - AudioRequest:GET PlayBack	1708343062457	1708343062870	KO	status.find.is(200), but actually found 500
GROUP	Audio Request Get	1708343062452	1708343062873	413	KO
REQUEST	Audio Request Get	DARTS - Api - AudioRequest:GET PlayBack	1708343062875	1708343062955	KO	status.find.is(200), but actually found 400
GROUP	Audio Request Get	1708343062873	1708343062956	80	KO
REQUEST	Audio Request Get	DARTS - Api - AudioRequest:GET PlayBack	1708343062957	1708343063053	KO	status.find.is(200), but actually found 500
GROUP	Audio Request Get	1708343062956	1708343063054	96	KO
REQUEST	Audio Request Get	DARTS - Api - AudioRequest:GET PlayBack	1708343063055	1708343063417	KO	status.find.is(200), but actually found 500
GROUP	Audio Request Get	1708343063054	1708343063417	362	KO
REQUEST	Audio Request Get	DARTS - Api - AudioRequest:GET PlayBack	1708343063419	1708343063575	KO	status.find.is(200), but actually found 403
GROUP	Audio Request Get	1708343063418	1708343063576	156	KO
REQUEST	Audio Request Get	DARTS - Api - AudioRequest:GET PlayBack	1708343063577	1708343063679	KO	status.find.is(200), but actually found 500
GROUP	Audio Request Get	1708343063576	1708343063679	102	KO
REQUEST	Audio Request Get	DARTS - Api - AudioRequest:GET PlayBack	1708343063680	1708343063756	KO	status.find.is(200), but actually found 500
GROUP	Audio Request Get	1708343063679	1708343063757	76	KO
REQUEST	Audio Request Get	DARTS - Api - AudioRequest:GET PlayBack	1708343063757	1708343063804	KO	status.find.is(200), but actually found 403
GROUP	Audio Request Get	1708343063757	1708343063804	47	KO
REQUEST	Audio Request Get	DARTS - Api - AudioRequest:GET PlayBack	1708343063805	1708343063863	KO	status.find.is(200), but actually found 403
GROUP	Audio Request Get	1708343063805	1708343063863	58	KO
REQUEST	Audio Request Get	DARTS - Api - AudioRequest:GET PlayBack	1708343063864	1708343063998	KO	status.find.is(200), but actually found 403
GROUP	Audio Request Get	1708343063864	1708343063999	134	KO
USER	Audio Requests:POST	END	1708343064002
