RUN	DartsApi.CourthousePostSimulation	courthousepostsimulation	1708700164760	8	3.9.5
USER	Courthouse:POST	START	1708700165573
REQUEST	Courthouse Api Request Group	DARTS - Api - CourtHouse:Post	1708700165590	1708700165830	OK	 
REQUEST	Courthouse Api Request Group	DARTS - Api - CourtHouse:Post Redirect 1	1708700165838	1708700166298	KO	status.find.is(302), but actually found 200
GROUP	Courthouse Api Request Group	1708700165572	1708700166307	700	KO
REQUEST	Courthouse Api Request Group	DARTS - Api - CourtHouse:Post	1708700166310	1708700166379	OK	 
REQUEST	Courthouse Api Request Group	DARTS - Api - CourtHouse:Post Redirect 1	1708700166380	1708700166551	KO	status.find.is(302), but actually found 200
GROUP	Courthouse Api Request Group	1708700166308	1708700166553	240	KO
REQUEST	Courthouse Api Request Group	DARTS - Api - CourtHouse:Post	1708700166555	1708700166637	OK	 
REQUEST	Courthouse Api Request Group	DARTS - Api - CourtHouse:Post Redirect 1	1708700166638	1708700166804	KO	status.find.is(302), but actually found 200
GROUP	Courthouse Api Request Group	1708700166553	1708700166805	248	KO
REQUEST	Courthouse Api Request Group	DARTS - Api - CourtHouse:Post	1708700166806	1708700166843	OK	 
REQUEST	Courthouse Api Request Group	DARTS - Api - CourtHouse:Post Redirect 1	1708700166843	1708700167023	KO	status.find.is(302), but actually found 200
GROUP	Courthouse Api Request Group	1708700166805	1708700167024	217	KO
REQUEST	Courthouse Api Request Group	DARTS - Api - CourtHouse:Post	1708700167026	1708700167069	OK	 
REQUEST	Courthouse Api Request Group	DARTS - Api - CourtHouse:Post Redirect 1	1708700167070	1708700167435	KO	status.find.is(302), but actually found 200
GROUP	Courthouse Api Request Group	1708700167025	1708700167436	408	KO
REQUEST	Courthouse Api Request Group	DARTS - Api - CourtHouse:Post	1708700167437	1708700167504	OK	 
REQUEST	Courthouse Api Request Group	DARTS - Api - CourtHouse:Post Redirect 1	1708700167505	1708700167651	KO	status.find.is(302), but actually found 200
GROUP	Courthouse Api Request Group	1708700167436	1708700167651	213	KO
REQUEST	Courthouse Api Request Group	DARTS - Api - CourtHouse:Post	1708700167653	1708700167692	OK	 
REQUEST	Courthouse Api Request Group	DARTS - Api - CourtHouse:Post Redirect 1	1708700167693	1708700167861	KO	status.find.is(302), but actually found 200
GROUP	Courthouse Api Request Group	1708700167651	1708700167861	207	KO
REQUEST	Courthouse Api Request Group	DARTS - Api - CourtHouse:Post	1708700167862	1708700167899	OK	 
REQUEST	Courthouse Api Request Group	DARTS - Api - CourtHouse:Post Redirect 1	1708700167900	1708700168032	KO	status.find.is(302), but actually found 200
GROUP	Courthouse Api Request Group	1708700167862	1708700168032	169	KO
REQUEST	Courthouse Api Request Group	DARTS - Api - CourtHouse:Post	1708700168033	1708700168071	OK	 
REQUEST	Courthouse Api Request Group	DARTS - Api - CourtHouse:Post Redirect 1	1708700168071	1708700168179	KO	status.find.is(302), but actually found 200
GROUP	Courthouse Api Request Group	1708700168033	1708700168180	146	KO
REQUEST	Courthouse Api Request Group	DARTS - Api - CourtHouse:Post	1708700168181	1708700168220	OK	 
REQUEST	Courthouse Api Request Group	DARTS - Api - CourtHouse:Post Redirect 1	1708700168221	1708700168356	KO	status.find.is(302), but actually found 200
GROUP	Courthouse Api Request Group	1708700168180	1708700168356	174	KO
USER	Courthouse:POST	END	1708700168360
