RUN	DartsApi.CourthousePostSimulation	courthousepostsimulation	1709633184587	8	3.9.5
USER	Courthouse:POST	START	1709633185435
REQUEST	B2C_1_Ropc_Darts_Signin - TokenDARTS - Api - B2C - Oauth2 - Token:GET	DARTS - Api - Token:GET	1709633185433	1709633186162	OK	 
GROUP	B2C_1_Ropc_Darts_Signin - TokenDARTS - Api - B2C - Oauth2 - Token:GET	1709633185416	1709633186203	729	OK
REQUEST	Courthouse Api Request Group	DARTS - Api - CourtHouse:Post	1709633186212	1709633187227	KO	status.find.is(200), but actually found 409
GROUP	Courthouse Api Request Group	1709633186205	1709633187230	1015	KO
REQUEST	Courthouse Api Request Group	DARTS - Api - CourtHouse:Post	1709633187233	1709633187768	KO	status.find.is(200), but actually found 201
GROUP	Courthouse Api Request Group	1709633187231	1709633187768	535	KO
REQUEST	Courthouse Api Request Group	DARTS - Api - CourtHouse:Post	1709633187772	1709633188147	KO	status.find.is(200), but actually found 201
GROUP	Courthouse Api Request Group	1709633187769	1709633188147	375	KO
REQUEST	Courthouse Api Request Group	DARTS - Api - CourtHouse:Post	1709633188152	1709633188207	KO	status.find.is(200), but actually found 201
GROUP	Courthouse Api Request Group	1709633188148	1709633188207	55	KO
REQUEST	Courthouse Api Request Group	DARTS - Api - CourtHouse:Post	1709633188211	1709633188337	KO	status.find.is(200), but actually found 201
GROUP	Courthouse Api Request Group	1709633188208	1709633188338	126	KO
REQUEST	Courthouse Api Request Group	DARTS - Api - CourtHouse:Post	1709633188341	1709633188393	KO	status.find.is(200), but actually found 201
GROUP	Courthouse Api Request Group	1709633188338	1709633188393	52	KO
REQUEST	Courthouse Api Request Group	DARTS - Api - CourtHouse:Post	1709633188396	1709633188521	KO	status.find.is(200), but actually found 201
GROUP	Courthouse Api Request Group	1709633188393	1709633188522	125	KO
REQUEST	Courthouse Api Request Group	DARTS - Api - CourtHouse:Post	1709633188529	1709633188649	KO	status.find.is(200), but actually found 201
GROUP	Courthouse Api Request Group	1709633188522	1709633188649	120	KO
REQUEST	Courthouse Api Request Group	DARTS - Api - CourtHouse:Post	1709633188655	1709633188764	KO	status.find.is(200), but actually found 409
GROUP	Courthouse Api Request Group	1709633188650	1709633188764	109	KO
REQUEST	Courthouse Api Request Group	DARTS - Api - CourtHouse:Post	1709633188767	1709633188834	KO	status.find.is(200), but actually found 201
GROUP	Courthouse Api Request Group	1709633188764	1709633188835	67	KO
REQUEST	Courthouse Api Request Group	DARTS - Api - CourtHouse:Post	1709633188840	1709633188892	KO	status.find.is(200), but actually found 201
GROUP	Courthouse Api Request Group	1709633188835	1709633188892	52	KO
REQUEST	Courthouse Api Request Group	DARTS - Api - CourtHouse:Post	1709633188896	1709633189006	KO	status.find.is(200), but actually found 201
GROUP	Courthouse Api Request Group	1709633188893	1709633189006	110	KO
REQUEST	Courthouse Api Request Group	DARTS - Api - CourtHouse:Post	1709633189009	1709633189059	KO	status.find.is(200), but actually found 201
GROUP	Courthouse Api Request Group	1709633189006	1709633189059	50	KO
REQUEST	Courthouse Api Request Group	DARTS - Api - CourtHouse:Post	1709633189063	1709633189120	KO	status.find.is(200), but actually found 201
GROUP	Courthouse Api Request Group	1709633189060	1709633189120	57	KO
REQUEST	Courthouse Api Request Group	DARTS - Api - CourtHouse:Post	1709633189126	1709633189182	KO	status.find.is(200), but actually found 201
GROUP	Courthouse Api Request Group	1709633189121	1709633189183	56	KO
USER	Courthouse:POST	END	1709633189187
