RUN	DartsPortal.DartsPortalLoginSimulation	dartsportalloginsimulation	1708949276160	1	3.9.5
USER	Darts Portal Login	START	1708949277230
REQUEST	Darts Portal Login	Darts-Portal - Auth - Login	1708949277247	1708949278036	OK	 
REQUEST	Darts Portal Login	Darts-Portal - Auth - Login Redirect 1	1708949278044	1708949278549	OK	 
GROUP	Darts Portal Login	1708949277226	1708949278590	1294	OK
REQUEST		B2C_1_darts_externaluser_signin - Oauth2/v2.0 - Authorize	1708949278592	1708949278827	OK	 
REQUEST		Darts-Portal - Auth - Azuread-b2c-login	1708949278838	1708949278916	OK	 
REQUEST		errors.js	1708949278941	1708949279178	OK	 
REQUEST		favicon.ico	1708949278940	1708949279243	OK	 
REQUEST		govuk-crest-white.png	1708949279179	1708949279257	OK	 
REQUEST		ruxitagentjs_ICA27NVfgjqrux_10283240117152214.js	1708949278939	1708949279263	OK	 
REQUEST		licence-logo.png	1708949279243	1708949279336	OK	 
REQUEST		login.js	1708949279257	1708949279336	OK	 
REQUEST		govuk-frontend-5.0.0.min.css	1708949278941	1708949279505	OK	 
REQUEST		xhr.js	1708949278941	1708949279988	OK	 
REQUEST		login.css	1708949278941	1708949280011	OK	 
REQUEST		B2C_1_darts_externaluser_signin - Client - Perftrace	1708949280024	1708949280024	KO	j.l.NullPointerException: Cannot invoke "java.lang.CharSequence.length()" because "seq" is null
REQUEST		B2C_1_darts_externaluser_signin - SelfAsserted	1708949288035	1708949288599	OK	 
ERROR	Darts-Portal - Auth - Callback: Failed to build request: No attribute named 'TokenCode' is defined 	1708949288600
REQUEST		Darts-Portal - App - Config	1708949288601	1708949288650	OK	 
REQUEST		Darts-Portal - Auth - Is-authenticated	1708949288602	1708949288661	OK	 
REQUEST		Darts-Portal - Auth - Is-authenticated	1708949288602	1708949288661	OK	 
REQUEST		Darts-Portal - Api - Courthouses	1708949288603	1708949288663	KO	status.find.in([200, 209], 304), found 401
REQUEST		Darts-Portal - User - Profile	1708949288602	1708949288668	KO	status.find.in([200, 209], 304), found 401
REQUEST		request_10	1708949288603	1708949288712	KO	status.find.in([200, 209], 304), found 401
REQUEST		B2C_1_darts_externaluser_signin - Api - CombinedSigninAndSignup - Confirmed	1708949288603	1708949288730	KO	css((input[name='code'],Some(value))).find.exists, found nothing
USER	Darts Portal Login	END	1708949288743
