RUN	DartsApi.AudioRequestSimulation	audiorequestsimulation	1708075615323	2	3.9.5
USER	Test1	START	1708075615847
REQUEST	TestDARTS - Api - Token:GET	DARTS - Api - Token:GET	1708075615845	1708075616534	OK	 
GROUP	TestDARTS - Api - Token:GET	1708075615831	1708075616574	689	OK
ERROR	DARTS - Api - AudioRequest:Post: Failed to build request: No attribute named 'hea_id' is defined 	1708075616580
GROUP	Audio RequestDARTS - Api - AudioRequest:Post	1708075616576	1708075616583	0	KO
REQUEST	Audio RequestDARTS - Api - AudioRequest:Post	DARTS - Api - AudioRequest:Post	1708075616584	1708075616842	OK	 
GROUP	Audio RequestDARTS - Api - AudioRequest:Post	1708075616584	1708075616844	258	OK
REQUEST	Audio RequestDARTS - Api - AudioRequest:Post	DARTS - Api - AudioRequest:Post	1708075616845	1708075616938	OK	 
GROUP	Audio RequestDARTS - Api - AudioRequest:Post	1708075616845	1708075616939	93	OK
REQUEST	Audio RequestDARTS - Api - AudioRequest:Post	DARTS - Api - AudioRequest:Post	1708075616940	1708075617004	OK	 
GROUP	Audio RequestDARTS - Api - AudioRequest:Post	1708075616940	1708075617005	64	OK
REQUEST	Audio RequestDARTS - Api - AudioRequest:Post	DARTS - Api - AudioRequest:Post	1708075617007	1708075617077	OK	 
GROUP	Audio RequestDARTS - Api - AudioRequest:Post	1708075617006	1708075617077	70	OK
REQUEST	Audio RequestDARTS - Api - AudioRequest:Post	DARTS - Api - AudioRequest:Post	1708075617078	1708075617143	OK	 
GROUP	Audio RequestDARTS - Api - AudioRequest:Post	1708075617078	1708075617144	65	OK
REQUEST	Audio RequestDARTS - Api - AudioRequest:Post	DARTS - Api - AudioRequest:Post	1708075617146	1708075617210	OK	 
GROUP	Audio RequestDARTS - Api - AudioRequest:Post	1708075617145	1708075617211	64	OK
REQUEST	Audio RequestDARTS - Api - AudioRequest:Post	DARTS - Api - AudioRequest:Post	1708075617213	1708075617273	OK	 
GROUP	Audio RequestDARTS - Api - AudioRequest:Post	1708075617212	1708075617273	60	OK
REQUEST	Audio RequestDARTS - Api - AudioRequest:Post	DARTS - Api - AudioRequest:Post	1708075617275	1708075617339	OK	 
GROUP	Audio RequestDARTS - Api - AudioRequest:Post	1708075617274	1708075617340	64	OK
REQUEST	Audio RequestDARTS - Api - AudioRequest:Post	DARTS - Api - AudioRequest:Post	1708075617341	1708075617397	OK	 
GROUP	Audio RequestDARTS - Api - AudioRequest:Post	1708075617340	1708075617397	56	OK
USER	Test1	END	1708075617400
