RUN	DartsApi.AudioGETPreviewSimulation	audiogetpreviewsimulation	1709022066917	 	3.9.5
USER	Audio Requests:GET Preview	START	1709022067997
USER	Audio Requests:GET Preview	START	1709022068068
USER	Audio Requests:GET Preview	START	1709022068179
USER	Audio Requests:GET Preview	START	1709022068273
USER	Audio Requests:GET Preview	START	1709022068381
USER	Audio Requests:GET Preview	START	1709022068476
USER	Audio Requests:GET Preview	START	1709022068583
USER	Audio Requests:GET Preview	START	1709022068677
USER	Audio Requests:GET Preview	START	1709022068786
USER	Audio Requests:GET Preview	START	1709022068879
REQUEST	B2C_1_Ropc_Darts_Signin - TokenDARTS - Api - B2C - Oauth2 - Token:GET	DARTS - Api - Token:GET	1709022068179	1709022069372	OK	 
REQUEST	B2C_1_Ropc_Darts_Signin - TokenDARTS - Api - B2C - Oauth2 - Token:GET	DARTS - Api - Token:GET	1709022067995	1709022069352	OK	 
REQUEST	B2C_1_Ropc_Darts_Signin - TokenDARTS - Api - B2C - Oauth2 - Token:GET	DARTS - Api - Token:GET	1709022068068	1709022069338	OK	 
REQUEST	B2C_1_Ropc_Darts_Signin - TokenDARTS - Api - B2C - Oauth2 - Token:GET	DARTS - Api - Token:GET	1709022068475	1709022069327	OK	 
REQUEST	B2C_1_Ropc_Darts_Signin - TokenDARTS - Api - B2C - Oauth2 - Token:GET	DARTS - Api - Token:GET	1709022068273	1709022069365	OK	 
GROUP	B2C_1_Ropc_Darts_Signin - TokenDARTS - Api - B2C - Oauth2 - Token:GET	1709022068475	1709022069376	852	OK
GROUP	B2C_1_Ropc_Darts_Signin - TokenDARTS - Api - B2C - Oauth2 - Token:GET	1709022067974	1709022069378	1357	OK
GROUP	B2C_1_Ropc_Darts_Signin - TokenDARTS - Api - B2C - Oauth2 - Token:GET	1709022068178	1709022069379	1193	OK
GROUP	B2C_1_Ropc_Darts_Signin - TokenDARTS - Api - B2C - Oauth2 - Token:GET	1709022068272	1709022069379	1092	OK
GROUP	B2C_1_Ropc_Darts_Signin - TokenDARTS - Api - B2C - Oauth2 - Token:GET	1709022068067	1709022069379	1270	OK
REQUEST	B2C_1_Ropc_Darts_Signin - TokenDARTS - Api - B2C - Oauth2 - Token:GET	DARTS - Api - Token:GET	1709022068582	1709022069389	OK	 
GROUP	B2C_1_Ropc_Darts_Signin - TokenDARTS - Api - B2C - Oauth2 - Token:GET	1709022068582	1709022069390	807	OK
REQUEST	B2C_1_Ropc_Darts_Signin - TokenDARTS - Api - B2C - Oauth2 - Token:GET	DARTS - Api - Token:GET	1709022068785	1709022069423	OK	 
GROUP	B2C_1_Ropc_Darts_Signin - TokenDARTS - Api - B2C - Oauth2 - Token:GET	1709022068785	1709022069424	638	OK
REQUEST	B2C_1_Ropc_Darts_Signin - TokenDARTS - Api - B2C - Oauth2 - Token:GET	DARTS - Api - Token:GET	1709022068676	1709022069444	OK	 
GROUP	B2C_1_Ropc_Darts_Signin - TokenDARTS - Api - B2C - Oauth2 - Token:GET	1709022068676	1709022069445	768	OK
REQUEST	B2C_1_Ropc_Darts_Signin - TokenDARTS - Api - B2C - Oauth2 - Token:GET	DARTS - Api - Token:GET	1709022068381	1709022069448	OK	 
GROUP	B2C_1_Ropc_Darts_Signin - TokenDARTS - Api - B2C - Oauth2 - Token:GET	1709022068380	1709022069449	1067	OK
REQUEST	B2C_1_Ropc_Darts_Signin - TokenDARTS - Api - B2C - Oauth2 - Token:GET	DARTS - Api - Token:GET	1709022068879	1709022069602	OK	 
GROUP	B2C_1_Ropc_Darts_Signin - TokenDARTS - Api - B2C - Oauth2 - Token:GET	1709022068878	1709022069603	723	OK
REQUEST	Audio Get Preview	DARTS - Api - Audio:GET Preview	1709022069384	1709022099710	KO	status.find.is(200), but actually found 504
GROUP	Audio Get Preview	1709022069379	1709022099716	30326	KO
USER	Audio Requests:GET Preview	END	1709022099721
REQUEST	Audio Get Preview	DARTS - Api - Audio:GET Preview	1709022069384	1709022099723	KO	status.find.is(200), but actually found 504
GROUP	Audio Get Preview	1709022069379	1709022099723	30339	KO
REQUEST	Audio Get Preview	DARTS - Api - Audio:GET Preview	1709022069384	1709022099723	KO	status.find.is(200), but actually found 504
REQUEST	Audio Get Preview	DARTS - Api - Audio:GET Preview	1709022069384	1709022099723	KO	status.find.is(200), but actually found 504
GROUP	Audio Get Preview	1709022069378	1709022099724	30339	KO
GROUP	Audio Get Preview	1709022069379	1709022099724	30339	KO
USER	Audio Requests:GET Preview	END	1709022099727
USER	Audio Requests:GET Preview	END	1709022099727
USER	Audio Requests:GET Preview	END	1709022099727
REQUEST	Audio Get Preview	DARTS - Api - Audio:GET Preview	1709022069446	1709022099737	KO	status.find.is(200), but actually found 504
REQUEST	Audio Get Preview	DARTS - Api - Audio:GET Preview	1709022069450	1709022099737	KO	status.find.is(200), but actually found 504
GROUP	Audio Get Preview	1709022069449	1709022099738	30287	KO
GROUP	Audio Get Preview	1709022069446	1709022099738	30291	KO
REQUEST	Audio Get Preview	DARTS - Api - Audio:GET Preview	1709022069384	1709022099738	KO	status.find.is(200), but actually found 504
GROUP	Audio Get Preview	1709022069379	1709022099739	30354	KO
REQUEST	Audio Get Preview	DARTS - Api - Audio:GET Preview	1709022069391	1709022099739	KO	status.find.is(200), but actually found 504
GROUP	Audio Get Preview	1709022069390	1709022099739	30348	KO
USER	Audio Requests:GET Preview	END	1709022099740
USER	Audio Requests:GET Preview	END	1709022099740
USER	Audio Requests:GET Preview	END	1709022099740
USER	Audio Requests:GET Preview	END	1709022099740
REQUEST	Audio Get Preview	DARTS - Api - Audio:GET Preview	1709022069425	1709022099747	KO	status.find.is(200), but actually found 504
GROUP	Audio Get Preview	1709022069425	1709022099747	30322	KO
USER	Audio Requests:GET Preview	END	1709022099748
REQUEST	Audio Get Preview	DARTS - Api - Audio:GET Preview	1709022069603	1709022099770	KO	status.find.is(200), but actually found 504
GROUP	Audio Get Preview	1709022069603	1709022099771	30167	KO
USER	Audio Requests:GET Preview	END	1709022099772
