RUN	DartsPortal.DartsPortalLoginSimulation	dartsportalloginsimulation	1709046023198	0	3.9.5
USER	Darts Portal Login	START	1709046024346
REQUEST	Darts Portal Login	Darts-Portal - Auth - Login	1709046024358	1709046025169	OK	 
REQUEST	Darts Portal Login	Darts-Portal - Auth - Login Redirect 1	1709046025196	1709046025614	OK	 
GROUP	Darts Portal Login	1709046024345	1709046025666	1229	OK
REQUEST		B2C_1_darts_externaluser_signin - Oauth2/v2.0 - Authorize	1709046025672	1709046025830	OK	 
REQUEST		Darts-Portal - Auth - Azuread-b2c-login	1709046025857	1709046025985	OK	 
REQUEST		ruxitagentjs_ICA27NVfgjqrux_10283240117152214.js	1709046026011	1709046026138	OK	 
REQUEST		govuk-crest-white.png	1709046026153	1709046026200	OK	 
REQUEST		errors.js	1709046026012	1709046026209	OK	 
REQUEST		licence-logo.png	1709046026202	1709046026252	OK	 
REQUEST		favicon.ico	1709046026012	1709046026254	OK	 
REQUEST		xhr.js	1709046026012	1709046026257	OK	 
REQUEST		login.css	1709046026013	1709046026259	OK	 
REQUEST		login.js	1709046026211	1709046026276	OK	 
REQUEST		govuk-frontend-5.0.0.min.css	1709046026012	1709046026299	OK	 
REQUEST		B2C_1_darts_externaluser_signin - Client - Perftrace	1709046026324	1709046026324	KO	j.l.NullPointerException: Cannot invoke "java.lang.CharSequence.length()" because "seq" is null
REQUEST		B2C_1_darts_externaluser_signin - SelfAsserted	1709046034344	1709046034671	OK	 
ERROR	Darts-Portal - Auth - Callback: Failed to build request: No attribute named 'TokenCode' is defined 	1709046034675
REQUEST		Darts-Portal - App - Config	1709046034676	1709046034725	OK	 
REQUEST		request_10	1709046034678	1709046034727	KO	status.find.in([200, 209], 304), found 401
REQUEST		Darts-Portal - Auth - Is-authenticated	1709046034677	1709046034731	OK	 
REQUEST		Darts-Portal - Api - Courthouses	1709046034678	1709046034733	KO	status.find.in([200, 209], 304), found 401
REQUEST		Darts-Portal - User - Profile	1709046034677	1709046034752	KO	status.find.in([200, 209], 304), found 401
REQUEST		B2C_1_darts_externaluser_signin - Api - CombinedSigninAndSignup - Confirmed	1709046034678	1709046034775	KO	css((input[name='code'],Some(value))).find.exists, found nothing
REQUEST		Darts-Portal - Auth - Is-authenticated	1709046034677	1709046035006	OK	 
USER	Darts Portal Login	END	1709046035019
