RUN	DartsApi.AudioPostSimulation	audiopostsimulation	1708510540049	2	3.9.5
USER	Audio Requests:DELETE	START	1708510541170
REQUEST	B2C_1_Ropc_Darts_Signin - TokenDARTS - Api - B2C - Oauth2 - Token:GET	DARTS - Api - Token:GET	1708510541169	1708510545967	OK	 
GROUP	B2C_1_Ropc_Darts_Signin - TokenDARTS - Api - B2C - Oauth2 - Token:GET	1708510541157	1708510546002	4798	OK
REQUEST	Audio Request Group	DARTS - Api - Audios:POST	1708510546016	1708510546594	KO	j.l.NullPointerException: Cannot invoke "String.getBytes(java.nio.charset.Charset)" because the return value of "io.gatling.http.client.body.multipart.StringPart.getContent()" is null
GROUP	Audio Request Group	1708510546004	1708510546596	578	KO
REQUEST	Audio Request Group	DARTS - Api - Audios:POST	1708510546598	1708510546686	KO	j.l.NullPointerException: Cannot invoke "String.getBytes(java.nio.charset.Charset)" because the return value of "io.gatling.http.client.body.multipart.StringPart.getContent()" is null
GROUP	Audio Request Group	1708510546597	1708510546686	88	KO
REQUEST	Audio Request Group	DARTS - Api - Audios:POST	1708510546687	1708510546760	KO	j.l.NullPointerException: Cannot invoke "String.getBytes(java.nio.charset.Charset)" because the return value of "io.gatling.http.client.body.multipart.StringPart.getContent()" is null
GROUP	Audio Request Group	1708510546687	1708510546760	73	KO
REQUEST	Audio Request Group	DARTS - Api - Audios:POST	1708510546762	1708510546835	KO	j.l.NullPointerException: Cannot invoke "String.getBytes(java.nio.charset.Charset)" because the return value of "io.gatling.http.client.body.multipart.StringPart.getContent()" is null
GROUP	Audio Request Group	1708510546761	1708510546835	73	KO
REQUEST	Audio Request Group	DARTS - Api - Audios:POST	1708510546836	1708510546909	KO	j.l.NullPointerException: Cannot invoke "String.getBytes(java.nio.charset.Charset)" because the return value of "io.gatling.http.client.body.multipart.StringPart.getContent()" is null
GROUP	Audio Request Group	1708510546836	1708510546909	73	KO
REQUEST	Audio Request Group	DARTS - Api - Audios:POST	1708510546910	1708510546987	KO	j.l.NullPointerException: Cannot invoke "String.getBytes(java.nio.charset.Charset)" because the return value of "io.gatling.http.client.body.multipart.StringPart.getContent()" is null
GROUP	Audio Request Group	1708510546909	1708510546987	77	KO
REQUEST	Audio Request Group	DARTS - Api - Audios:POST	1708510546988	1708510547064	KO	j.l.NullPointerException: Cannot invoke "String.getBytes(java.nio.charset.Charset)" because the return value of "io.gatling.http.client.body.multipart.StringPart.getContent()" is null
GROUP	Audio Request Group	1708510546987	1708510547064	76	KO
REQUEST	Audio Request Group	DARTS - Api - Audios:POST	1708510547065	1708510547137	KO	j.l.NullPointerException: Cannot invoke "String.getBytes(java.nio.charset.Charset)" because the return value of "io.gatling.http.client.body.multipart.StringPart.getContent()" is null
GROUP	Audio Request Group	1708510547064	1708510547138	72	KO
REQUEST	Audio Request Group	DARTS - Api - Audios:POST	1708510547139	1708510547187	KO	j.l.NullPointerException: Cannot invoke "String.getBytes(java.nio.charset.Charset)" because the return value of "io.gatling.http.client.body.multipart.StringPart.getContent()" is null
GROUP	Audio Request Group	1708510547138	1708510547187	48	KO
REQUEST	Audio Request Group	DARTS - Api - Audios:POST	1708510547189	1708510547259	KO	j.l.NullPointerException: Cannot invoke "String.getBytes(java.nio.charset.Charset)" because the return value of "io.gatling.http.client.body.multipart.StringPart.getContent()" is null
GROUP	Audio Request Group	1708510547188	1708510547259	70	KO
USER	Audio Requests:DELETE	END	1708510547263
